WCCILsim     (1), 2026.01.20 10:56:20.845, SYS,  INFO,        1, Manager Start, PROJ, CXDAQFEE, V 3.19 - 3.19 P015 platform Linux x86_64 linked at Nov  4 2024 20:27:39 (d529474b86f)
WCCILsim     (1), 2026.01.20 10:56:20.851, SYS,  INFO,        3, Trying to connect to (SYS: 0 Data -num 0 CONN: 1) @ localhost:4897
WCCILsim     (1), 2026.01.20 10:56:20.853, SYS,  INFO,        4, Connected to (SYS: 0 Data -num 0 CONN: 1) @ localhost (::1)
WCCILsim     (1), 2026.01.20 10:56:20.853, PARAM,SEVERE,     71, DP does not exist, _Stat_Configs_driver_1._address:_original.._value
WCCILsim     (1), 2026.01.20 10:56:20.853, PARAM,SEVERE,     71, DP does not exist, _Stat_Configs_driver_1._cmd_conv:_original.._value
WCCILsim     (1), 2026.01.20 10:56:20.854, PARAM,SEVERE,     71, DP does not exist, _Stat_Configs_driver_1._msg_conv:_original.._value
WCCILsim     (1), 2026.01.20 10:56:20.854, PARAM,SEVERE,     71, DP does not exist, _Stat_Configs_driver_1._smooth:_original.._value
WCCILsim     (1), 2026.01.20 10:56:20.854, PARAM,SEVERE,     71, DP does not exist, _Stat_Configs_Refresh.SecsToRefresh:_original.._value
WCCILsim     (1), 2026.01.20 10:56:20.854, SYS,  INFO,        6, Initialization by Data Manager finished
WCCILsim     (1), 2026.01.20 10:56:20.854, SYS,  INFO,        3, Trying to connect to (SYS: 1421 Event -num 0 CONN: 1) @ localhost:4998
WCCILsim     (1), 2026.01.20 10:56:20.854, SYS,  INFO,        4, Connected to (SYS: 1421 Event -num 0 CONN: 1) @ localhost (::1)
WCCILsim     (1), 2026.01.20 10:56:20.866, SYS,  INFO,      156, Driver initialization finished.
WCCILsim     (1), 2026.01.20 10:56:20.867, PARAM,WARNING,    54, Unexpected state, Cannot get DPID for _Driver1.AL.AClasses:_original.._value
WCCILsim     (1), 2026.01.20 10:56:20.867, PARAM,WARNING,    54, Unexpected state, Cannot get DPID for _Driver1.AL.AckDps:_original.._value
WCCILsim     (1), 2026.01.20 10:56:20.867, PARAM,WARNING,    54, Unexpected state, Cannot get DPID for _Driver1.AL.AckData:_original.._value
WCCILsim     (1), 2026.01.20 10:56:20.877, PARAM,WARNING,    90, DP attribute was connected twice, DP: (Type: 0 Sys: 1421 Dp: 0 El: 0 : ..)
WCCILsim     (1), 2026.01.20 10:56:20.877, PARAM,WARNING,    54, Unexpected state, AlertDrvIntDp, dpReady, dpConnect failed to Ack DPs
WCCILsim     (1), 2026.01.20 10:56:22.058, SYS,  INFO,      170, Signal SIGTERM received - exiting ...
WCCILsim     (1), 2026.01.20 10:56:22.078, SYS,  INFO,      181, Closing connection to (SYS: 1421 Data -num 0 CONN: 1)
WCCILsim     (1), 2026.01.20 10:56:22.078, SYS,  INFO,      181, Closing connection to (SYS: 1421 Event -num 0 CONN: 1)
WCCILsim     (1), 2026.01.20 10:56:22.078, SYS,  INFO,       39, Connection lost, MAN: (SYS: 1421 Data -num 0 CONN: 1), Connection closed
WCCILsim     (1), 2026.01.20 10:56:22.079, SYS,  INFO,       39, Connection lost, MAN: (SYS: 1421 Event -num 0 CONN: 1), Connection closed
WCCILsim     (1), 2026.01.20 10:56:22.079, SYS,  INFO,        2, Manager Stop
