[2026-01-20_11:00:27]  Starting installation
Now installing: fwCore
     Installing sub Components ... 
Copying files ....
  Importing general config file: ./config/fwStdLib.config ... 
Copying files ....
  Importing general config file: ./config/fwStdUi.config ... 
Copying files ....
ASCII import of file fwGeneral.dpl is finished successfully
ASCII import of file fwGeneral_ProgressBar.dpl is finished successfully
ASCII import of file fwGeneric_KnownEmails.dpl is finished successfully
  Importing general config file: ./config/fwGeneral.config ... 
Copying files ....
ASCII import of file fwConfigsAlarmClasses.dpl is finished successfully
Copying files ....
ASCII import of file fwDeviceDPTs.dpl is finished successfully
ASCII import of file _FwTreeNodeInfo.dpl is finished successfully
Copying files ....
ASCII import of file fwNodeDPs.dpl is finished successfully
ASCII import of file fwNodeDPTs.dpl is finished successfully
Copying files ....
ASCII import of file unDistributedControl.dpl is finished successfully
Copying files ....
ASCII import of file fwTree.dpl is finished successfully
  Importing general config file: ./config/fwTree.config ... 
Copying files ....
ASCII import of file fwAlarmHandlingDPs.dpl is finished successfully
ASCII import of file fwAlarmHandlingDPTs.dpl is finished successfully
ASCII import of file fwAlarmPanelConfig.dpl is finished successfully
  Importing general config file: ./config/fwAlarmHandling.config ... 
Copying files ....
  Importing general config file: ./config/fwCore.config ... 
Now installing: fwTrending
Copying files ....
ASCII import of file fwTrendingDPTs.dpl is finished successfully
ASCII import of file fwTrendingDPs.dpl is finished successfully
Now installing: fwFSM
Copying files ....
ASCII import of file FwFsmDps.dpl is finished successfully
  Importing general config file: ./config/fwFSM.config ... 
Now installing: fwDeviceEditorNavigator
Copying files ....
ASCII import of file fwDeviceEditorNavigatorDPTs.dpl is finished successfully
Now installing: fwDIM
Copying files ....
ASCII import of file FwDimDemoDps.dpl is finished successfully
ASCII import of file FwDimDps.dpl is finished successfully
Now installing: fwConfigurationDB
Copying files ....
ASCII import of file fwConfigurationDB.dpl is finished successfully
  Importing general config file: ./config/fwConfigurationDB.config ... 
Now installing: fwFSMConfDB
Copying files ....
ASCII import of file fwFSMConfDB_DPT.dpl is finished successfully
ASCII import of file fwFSMConfDBParametrization_DPT.dpl is finished successfully
ASCII import of file FSMConfDB_ConfDUT.dpl is finished successfully
ASCII import of file fwFSMConfDB_Parametrization.dpl is finished successfully
Now installing: fwAccessControl
Copying files ....
ASCII import of file fwAccessControl.dpl is finished successfully
  Importing general config file: ./config/fwAccessControl.config ... 
Now installing: fwTrending3
Copying files ....
ASCII import of file fwTrending3.dpl is finished successfully
  Importing general config file: ./config/fwTrending3.config ... 
[2026-01-20_11:01:03] Finishing installation
[2026-01-20_11:01:03] Please find the log file for this installation operation in: /opt/winccoa_projects/CXDAQFEE/log/fwInstallation.log
ASCII import of file fwAlarmHandlingDPE_AESConfig_fwAes.dpl is finished successfully
ASCII import of file fwAlarmHandlingDPE_AESProperties_fwAes.dpl is finished successfully
ASCII import of file fwAlarmHandlingDPE_AEScreen_fwAes.dpl is finished successfully
ASCII import of file fwTrendingFreshInstallDPs.dpl is finished successfully
[2026-01-20_11:04:26]  Starting installation
Now installing: fwGbt
Copying files ....
ASCII import of file fwGbtDPTs.dpl is finished successfully
ASCII import of file fwGbtFastStepRun.dpl is finished successfully
  Importing general config file: ./config/fwGbt.config ... 
[2026-01-20_11:04:30] Finishing installation
[2026-01-20_11:04:30] Please find the log file for this installation operation in: /opt/winccoa_projects/CXDAQFEE/log/fwInstallation.log
[2026-01-20_11:04:47]  Starting installation
Now installing: fwHw
Copying files ....
ASCII import of file fwHwDPTs.dpl is finished with status code: -64
Details can be found in ASCII import log: /opt/winccoa_projects/CXDAQFEE/log/fwInstallation_WCCOAasciiSQLite_log.txt
ASCII import of file fwHwCommonGbtTypes.dpl is finished successfully
  Importing general config file: ./config/fwHw.config ... 
[2026-01-20_11:04:53] Finishing installation
[2026-01-20_11:04:53] Please find the log file for this installation operation in: /opt/winccoa_projects/CXDAQFEE/log/fwInstallation.log
[2026-01-20_11:04:57]  Starting installation
Now installing: fwHw
Copying files ....
ASCII import of file fwHwDPTs.dpl is finished with status code: 77
Details can be found in ASCII import log: /opt/winccoa_projects/CXDAQFEE/log/fwInstallation_WCCOAasciiSQLite_log.txt
ASCII import of file fwHwCommonGbtTypes.dpl is finished successfully
  Importing general config file: ./config/fwHw.config ... 
[2026-01-20_11:05:03] Finishing installation
[2026-01-20_11:05:03] Please find the log file for this installation operation in: /opt/winccoa_projects/CXDAQFEE/log/fwInstallation.log
[2026-01-20_11:05:20]  Starting installation
Now installing: fwSTFC
User choice at installation of fwSTFC: INSTALL
Copying files ....
ASCII import of file fwSTFCDPTs.dpl is finished successfully
ASCII import of file fwSTFC_FSMTypes.dpl is finished successfully
ASCII import of file fwSTFCRecipes.dpl is finished successfully
ASCII import of file fwSTFC_RecipeTypes.dpl is finished successfully
  Importing general config file: ./config/fwSTFC.config ... 
[2026-01-20_11:05:29] Finishing installation
[2026-01-20_11:05:29] Please find the log file for this installation operation in: /opt/winccoa_projects/CXDAQFEE/log/fwInstallation.log
[2026-01-20_11:05:47]  Starting installation
Now installing: fwTOP
Copying files ....
ASCII import of file fwTOPDPTs.dpl is finished successfully
ASCII import of file fwTOPFEEFSM.dpl is finished successfully
ASCII import of file LLITopDPTs.dpl is finished successfully
ASCII import of file INJMEM.dpl is finished successfully
ASCII import of file fwPRBSDPTs.dpl is finished successfully
ASCII import of file fwPRBSFSMTypes.dpl is finished successfully
[2026-01-20_11:05:54] Finishing installation
[2026-01-20_11:05:54] Please find the log file for this installation operation in: /opt/winccoa_projects/CXDAQFEE/log/fwInstallation.log
[2026-01-20_11:06:10]  Starting installation
Now installing: fwSTFC
User choice at installation of fwSTFC: INSTALL
Copying files ....
ASCII import of file fwSTFCDPTs.dpl is finished with status code: 55
Details can be found in ASCII import log: /opt/winccoa_projects/CXDAQFEE/log/fwInstallation_WCCOAasciiSQLite_log.txt
ASCII import of file fwSTFC_FSMTypes.dpl is finished with status code: 55
Details can be found in ASCII import log: /opt/winccoa_projects/CXDAQFEE/log/fwInstallation_WCCOAasciiSQLite_log.txt
ASCII import of file fwSTFCRecipes.dpl is finished with status code: 55
Details can be found in ASCII import log: /opt/winccoa_projects/CXDAQFEE/log/fwInstallation_WCCOAasciiSQLite_log.txt
ASCII import of file fwSTFC_RecipeTypes.dpl is finished with status code: 55
Details can be found in ASCII import log: /opt/winccoa_projects/CXDAQFEE/log/fwInstallation_WCCOAasciiSQLite_log.txt
  Importing general config file: ./config/fwSTFC.config ... 
[2026-01-20_11:06:17] Finishing installation
[2026-01-20_11:06:17] Please find the log file for this installation operation in: /opt/winccoa_projects/CXDAQFEE/log/fwInstallation.log
[2026-01-26_15:57:20]  Starting installation
Now installing: lbFsmDomains
Copying files ....
ASCII import of file lbFsmDomains.dpl is finished successfully
  Importing general config file: ./config/lbFSMConfDB.config ... 
[2026-01-26_15:57:22] Finishing installation
[2026-01-26_15:57:22] Please find the log file for this installation operation in: /opt/winccoa_projects/CXDAQFEE/log/fwInstallation.log
