
 SMI++ State Manager Version - v67r2- Date : 25-September-2024:14:09

Options:
 -d 1 -u 1 -t 1 -dns cxecs01 -loopMaxChanges 25 -loopMaxChangesFatal 5000 -loopMinDuration -1

    SMI Domain : SOL40
    Input File : /opt/winccoa_projects/CXDAQFEE/smi/SOL40.sobj

2026.01.20 11:22:41.701 - SMI++ Initiator started
 Number of SMI Objects instantiated : 56
 Number of SMI Classes instantiated : 8
 Number of Object Sets instantiated : 6
2026.01.20 11:22:41.707 - SMI++ Initiator Finished

2026.01.20 11:22:41.707 - SMI++   Logic Engine started execution
2026.01.20 11:22:41.707 - <&ALLOC> starting up in state <NOT_ALLOCATED>
2026.01.20 11:22:41.707 - <&DOMAIN> starting up in state <READY>
2026.01.20 11:22:41.707 - <SOL40> starting up in state <NOT_READY>
2026.01.20 11:22:41.707 - <SOL40_FWCNM> starting up in state <COMPLETE>
2026.01.20 11:22:41.707 - <SOL40_FWM> starting up in state <EXCLUDED>
2026.01.20 11:22:41.707 - <FWDEVMODE_FWDM> starting up in state <READY>
2026.01.20 11:22:41.708 - SOL40_FWDM starting up in state :&INITIAL
2026.01.20 11:22:41.708 - <HWTYPEGBTQ_SOL40_DU_FWDM> starting up in state <READY>
2026.01.20 11:22:41.708 - CXSOL01:LINK00 starting up in state :&INITIAL
2026.01.20 11:22:41.708 - CXSOL01:LINK01 starting up in state :&INITIAL
2026.01.20 11:22:41.708 - CXSOL01:LINK02 starting up in state :&INITIAL
2026.01.20 11:22:41.708 - CXSOL01:LINK03 starting up in state :&INITIAL
2026.01.20 11:22:41.708 - CXSOL01:LINK04 starting up in state :&INITIAL
2026.01.20 11:22:41.708 - CXSOL01:LINK05 starting up in state :&INITIAL
2026.01.20 11:22:41.708 - CXSOL01:LINK06 starting up in state :&INITIAL
2026.01.20 11:22:41.708 - CXSOL01:LINK07 starting up in state :&INITIAL
2026.01.20 11:22:41.708 - CXSOL01:LINK08 starting up in state :&INITIAL
2026.01.20 11:22:41.708 - CXSOL01:LINK09 starting up in state :&INITIAL
2026.01.20 11:22:41.708 - CXSOL01:LINK10 starting up in state :&INITIAL
2026.01.20 11:22:41.708 - CXSOL01:LINK11 starting up in state :&INITIAL
2026.01.20 11:22:41.708 - CXSOL01:LINK12 starting up in state :&INITIAL
2026.01.20 11:22:41.708 - CXSOL01:LINK13 starting up in state :&INITIAL
2026.01.20 11:22:41.708 - CXSOL01:LINK14 starting up in state :&INITIAL
2026.01.20 11:22:41.708 - CXSOL01:LINK15 starting up in state :&INITIAL
2026.01.20 11:22:41.708 - CXSOL01:LINK16 starting up in state :&INITIAL
2026.01.20 11:22:41.709 - CXSOL01:LINK17 starting up in state :&INITIAL
2026.01.20 11:22:41.709 - CXSOL01:LINK18 starting up in state :&INITIAL
2026.01.20 11:22:41.709 - CXSOL01:LINK19 starting up in state :&INITIAL
2026.01.20 11:22:41.709 - CXSOL01:LINK20 starting up in state :&INITIAL
2026.01.20 11:22:41.709 - CXSOL01:LINK21 starting up in state :&INITIAL
2026.01.20 11:22:41.709 - CXSOL01:LINK22 starting up in state :&INITIAL
2026.01.20 11:22:41.709 - CXSOL01:LINK23 starting up in state :&INITIAL
2026.01.20 11:22:41.709 - CXSOL01:LINK24 starting up in state :&INITIAL
2026.01.20 11:22:41.709 - CXSOL01:LINK25 starting up in state :&INITIAL
2026.01.20 11:22:41.709 - CXSOL01:LINK26 starting up in state :&INITIAL
2026.01.20 11:22:41.709 - CXSOL01:LINK27 starting up in state :&INITIAL
2026.01.20 11:22:41.709 - CXSOL01:LINK28 starting up in state :&INITIAL
2026.01.20 11:22:41.709 - CXSOL01:LINK29 starting up in state :&INITIAL
2026.01.20 11:22:41.709 - CXSOL01:LINK30 starting up in state :&INITIAL
2026.01.20 11:22:41.709 - CXSOL01:LINK31 starting up in state :&INITIAL
2026.01.20 11:22:41.709 - CXSOL01:LINK32 starting up in state :&INITIAL
2026.01.20 11:22:41.709 - CXSOL01:LINK33 starting up in state :&INITIAL
2026.01.20 11:22:41.709 - CXSOL01:LINK34 starting up in state :&INITIAL
2026.01.20 11:22:41.709 - CXSOL01:LINK35 starting up in state :&INITIAL
2026.01.20 11:22:41.709 - CXSOL01:LINK36 starting up in state :&INITIAL
2026.01.20 11:22:41.709 - CXSOL01:LINK37 starting up in state :&INITIAL
2026.01.20 11:22:41.709 - CXSOL01:LINK38 starting up in state :&INITIAL
2026.01.20 11:22:41.709 - CXSOL01:LINK39 starting up in state :&INITIAL
2026.01.20 11:22:41.709 - CXSOL01:LINK40 starting up in state :&INITIAL
2026.01.20 11:22:41.709 - CXSOL01:LINK41 starting up in state :&INITIAL
2026.01.20 11:22:41.709 - CXSOL01:LINK42 starting up in state :&INITIAL
2026.01.20 11:22:41.709 - CXSOL01:LINK43 starting up in state :&INITIAL
2026.01.20 11:22:41.709 - CXSOL01:LINK44 starting up in state :&INITIAL
2026.01.20 11:22:41.709 - CXSOL01:LINK45 starting up in state :&INITIAL
2026.01.20 11:22:41.709 - CXSOL01:LINK46 starting up in state :&INITIAL
2026.01.20 11:22:41.709 - CXSOL01:LINK47 starting up in state :&INITIAL
2026.01.20 11:22:41.710 - <&ALLOC> in state <NOT_ALLOCATED>
2026.01.20 11:22:41.710 - <&DOMAIN> in state <READY>
2026.01.20 11:22:41.710 - <SOL40> in state <NOT_READY>
2026.01.20 11:22:41.710 - <SOL40_FWCNM> in state <COMPLETE>
2026.01.20 11:22:41.710 - <SOL40_FWM> in state <EXCLUDED>
2026.01.20 11:22:41.710 - <FWDEVMODE_FWDM> in state <READY>
2026.01.20 11:22:41.710 - <HWTYPEGBTQ_SOL40_DU_FWDM> in state <READY>
2026.01.20 11:22:41.712 - <SOL40_FWDM> in state <DEAD> converted from <$DEAD>
2026.01.20 11:22:41.712 - <CXSOL01:LINK00> in state <DEAD> converted from <$DEAD>
2026.01.20 11:22:41.712 - <CXSOL01:LINK01> in state <DEAD> converted from <$DEAD>
2026.01.20 11:22:41.712 - <CXSOL01:LINK02> in state <DEAD> converted from <$DEAD>
2026.01.20 11:22:41.712 - <CXSOL01:LINK03> in state <DEAD> converted from <$DEAD>
2026.01.20 11:22:41.712 - <CXSOL01:LINK04> in state <DEAD> converted from <$DEAD>
2026.01.20 11:22:41.712 - <CXSOL01:LINK05> in state <DEAD> converted from <$DEAD>
2026.01.20 11:22:41.713 - <CXSOL01:LINK06> in state <DEAD> converted from <$DEAD>
2026.01.20 11:22:41.713 - <CXSOL01:LINK07> in state <DEAD> converted from <$DEAD>
2026.01.20 11:22:41.713 - <CXSOL01:LINK08> in state <DEAD> converted from <$DEAD>
2026.01.20 11:22:41.713 - <CXSOL01:LINK09> in state <DEAD> converted from <$DEAD>
2026.01.20 11:22:41.713 - <CXSOL01:LINK10> in state <DEAD> converted from <$DEAD>
2026.01.20 11:22:41.713 - <CXSOL01:LINK11> in state <DEAD> converted from <$DEAD>
2026.01.20 11:22:41.713 - <CXSOL01:LINK12> in state <DEAD> converted from <$DEAD>
2026.01.20 11:22:41.713 - <CXSOL01:LINK13> in state <DEAD> converted from <$DEAD>
2026.01.20 11:22:41.713 - <CXSOL01:LINK14> in state <DEAD> converted from <$DEAD>
2026.01.20 11:22:41.713 - <CXSOL01:LINK15> in state <DEAD> converted from <$DEAD>
2026.01.20 11:22:41.713 - <CXSOL01:LINK16> in state <DEAD> converted from <$DEAD>
2026.01.20 11:22:41.713 - <CXSOL01:LINK17> in state <DEAD> converted from <$DEAD>
2026.01.20 11:22:41.713 - <CXSOL01:LINK18> in state <DEAD> converted from <$DEAD>
2026.01.20 11:22:41.713 - <CXSOL01:LINK19> in state <DEAD> converted from <$DEAD>
2026.01.20 11:22:41.713 - <CXSOL01:LINK20> in state <DEAD> converted from <$DEAD>
2026.01.20 11:22:41.713 - <CXSOL01:LINK21> in state <DEAD> converted from <$DEAD>
2026.01.20 11:22:41.713 - <CXSOL01:LINK22> in state <DEAD> converted from <$DEAD>
2026.01.20 11:22:41.714 - <CXSOL01:LINK23> in state <DEAD> converted from <$DEAD>
2026.01.20 11:22:41.714 - <CXSOL01:LINK24> in state <DEAD> converted from <$DEAD>
2026.01.20 11:22:41.714 - <CXSOL01:LINK25> in state <DEAD> converted from <$DEAD>
2026.01.20 11:22:41.714 - <CXSOL01:LINK26> in state <DEAD> converted from <$DEAD>
2026.01.20 11:22:41.714 - <CXSOL01:LINK27> in state <DEAD> converted from <$DEAD>
2026.01.20 11:22:41.714 - <CXSOL01:LINK28> in state <DEAD> converted from <$DEAD>
2026.01.20 11:22:41.714 - <CXSOL01:LINK29> in state <DEAD> converted from <$DEAD>
2026.01.20 11:22:41.714 - <CXSOL01:LINK30> in state <DEAD> converted from <$DEAD>
2026.01.20 11:22:41.714 - <CXSOL01:LINK31> in state <DEAD> converted from <$DEAD>
2026.01.20 11:22:41.714 - <CXSOL01:LINK32> in state <DEAD> converted from <$DEAD>
2026.01.20 11:22:41.714 - <CXSOL01:LINK33> in state <DEAD> converted from <$DEAD>
2026.01.20 11:22:41.714 - <CXSOL01:LINK34> in state <DEAD> converted from <$DEAD>
2026.01.20 11:22:41.714 - <CXSOL01:LINK35> in state <DEAD> converted from <$DEAD>
2026.01.20 11:22:41.715 - <CXSOL01:LINK36> in state <DEAD> converted from <$DEAD>
2026.01.20 11:22:41.715 - <CXSOL01:LINK37> in state <DEAD> converted from <$DEAD>
2026.01.20 11:22:41.715 - <CXSOL01:LINK38> in state <DEAD> converted from <$DEAD>
2026.01.20 11:22:41.715 - <CXSOL01:LINK39> in state <DEAD> converted from <$DEAD>
2026.01.20 11:22:41.715 - <CXSOL01:LINK40> in state <DEAD> converted from <$DEAD>
2026.01.20 11:22:41.715 - <CXSOL01:LINK41> in state <DEAD> converted from <$DEAD>
2026.01.20 11:22:41.715 - <CXSOL01:LINK42> in state <DEAD> converted from <$DEAD>
2026.01.20 11:22:41.715 - <CXSOL01:LINK43> in state <DEAD> converted from <$DEAD>
2026.01.20 11:22:41.716 - <CXSOL01:LINK44> in state <DEAD> converted from <$DEAD>
2026.01.20 11:22:41.716 - <CXSOL01:LINK45> in state <DEAD> converted from <$DEAD>
2026.01.20 11:22:41.716 - <CXSOL01:LINK46> in state <DEAD> converted from <$DEAD>
2026.01.20 11:22:41.716 - <CXSOL01:LINK47> in state <DEAD> converted from <$DEAD>
2026.01.20 11:22:42.053 - <CXSOL01:LINK40> in state <DEAD> converted from <$DEAD>
2026.01.20 11:22:42.053 - <CXSOL01:LINK41> in state <DEAD> converted from <$DEAD>
2026.01.20 11:22:42.053 - <CXSOL01:LINK42> in state <DEAD> converted from <$DEAD>
2026.01.20 11:22:42.053 - <CXSOL01:LINK43> in state <DEAD> converted from <$DEAD>
2026.01.20 11:22:42.053 - <CXSOL01:LINK44> in state <DEAD> converted from <$DEAD>
2026.01.20 11:22:42.053 - <CXSOL01:LINK45> in state <DEAD> converted from <$DEAD>
2026.01.20 11:22:42.054 - <CXSOL01:LINK46> in state <DEAD> converted from <$DEAD>
2026.01.20 11:22:42.054 - <CXSOL01:LINK47> in state <DEAD> converted from <$DEAD>
2026.01.20 11:22:42.054 - <CXSOL01:LINK10> in state <DEAD> converted from <$DEAD>
2026.01.20 11:22:42.054 - <CXSOL01:LINK11> in state <DEAD> converted from <$DEAD>
2026.01.20 11:22:42.054 - <CXSOL01:LINK12> in state <DEAD> converted from <$DEAD>
2026.01.20 11:22:42.054 - <CXSOL01:LINK13> in state <DEAD> converted from <$DEAD>
2026.01.20 11:22:42.054 - <CXSOL01:LINK14> in state <DEAD> converted from <$DEAD>
2026.01.20 11:22:42.054 - <CXSOL01:LINK15> in state <DEAD> converted from <$DEAD>
2026.01.20 11:22:42.054 - <CXSOL01:LINK16> in state <DEAD> converted from <$DEAD>
2026.01.20 11:22:42.054 - <CXSOL01:LINK17> in state <DEAD> converted from <$DEAD>
2026.01.20 11:22:42.054 - <CXSOL01:LINK18> in state <DEAD> converted from <$DEAD>
2026.01.20 11:22:42.054 - <CXSOL01:LINK19> in state <DEAD> converted from <$DEAD>
2026.01.20 11:22:42.054 - <SOL40_FWDM> in state <DEAD> converted from <$DEAD>
2026.01.20 11:22:42.054 - <CXSOL01:LINK20> in state <DEAD> converted from <$DEAD>
2026.01.20 11:22:42.054 - <CXSOL01:LINK21> in state <DEAD> converted from <$DEAD>
2026.01.20 11:22:42.054 - <CXSOL01:LINK22> in state <DEAD> converted from <$DEAD>
2026.01.20 11:22:42.055 - <CXSOL01:LINK23> in state <DEAD> converted from <$DEAD>
2026.01.20 11:22:42.055 - <CXSOL01:LINK24> in state <DEAD> converted from <$DEAD>
2026.01.20 11:22:42.055 - <CXSOL01:LINK25> in state <DEAD> converted from <$DEAD>
2026.01.20 11:22:42.055 - <CXSOL01:LINK26> in state <DEAD> converted from <$DEAD>
2026.01.20 11:22:42.055 - <CXSOL01:LINK27> in state <DEAD> converted from <$DEAD>
2026.01.20 11:22:42.055 - <CXSOL01:LINK28> in state <DEAD> converted from <$DEAD>
2026.01.20 11:22:42.055 - <CXSOL01:LINK29> in state <DEAD> converted from <$DEAD>
2026.01.20 11:22:42.055 - <CXSOL01:LINK00> in state <DEAD> converted from <$DEAD>
2026.01.20 11:22:42.055 - <CXSOL01:LINK01> in state <DEAD> converted from <$DEAD>
2026.01.20 11:22:42.055 - <CXSOL01:LINK02> in state <DEAD> converted from <$DEAD>
2026.01.20 11:22:42.055 - <CXSOL01:LINK03> in state <DEAD> converted from <$DEAD>
2026.01.20 11:22:42.055 - <CXSOL01:LINK04> in state <DEAD> converted from <$DEAD>
2026.01.20 11:22:42.055 - <CXSOL01:LINK05> in state <DEAD> converted from <$DEAD>
2026.01.20 11:22:42.055 - <CXSOL01:LINK06> in state <DEAD> converted from <$DEAD>
2026.01.20 11:22:42.055 - <CXSOL01:LINK07> in state <DEAD> converted from <$DEAD>
2026.01.20 11:22:42.055 - <CXSOL01:LINK08> in state <DEAD> converted from <$DEAD>
2026.01.20 11:22:42.055 - <CXSOL01:LINK09> in state <DEAD> converted from <$DEAD>
2026.01.20 11:22:42.056 - <CXSOL01:LINK30> in state <DEAD> converted from <$DEAD>
2026.01.20 11:22:42.056 - <CXSOL01:LINK31> in state <DEAD> converted from <$DEAD>
2026.01.20 11:22:42.056 - <CXSOL01:LINK32> in state <DEAD> converted from <$DEAD>
2026.01.20 11:22:42.056 - <CXSOL01:LINK33> in state <DEAD> converted from <$DEAD>
2026.01.20 11:22:42.056 - <CXSOL01:LINK34> in state <DEAD> converted from <$DEAD>
2026.01.20 11:22:42.056 - <CXSOL01:LINK35> in state <DEAD> converted from <$DEAD>
2026.01.20 11:22:42.056 - <CXSOL01:LINK36> in state <DEAD> converted from <$DEAD>
2026.01.20 11:22:42.056 - <CXSOL01:LINK37> in state <DEAD> converted from <$DEAD>
2026.01.20 11:22:42.056 - <CXSOL01:LINK38> in state <DEAD> converted from <$DEAD>
2026.01.20 11:22:42.056 - <CXSOL01:LINK39> in state <DEAD> converted from <$DEAD>
2026.01.20 11:22:42.428 - <SOL40_FWDM> in state <ENABLED>
2026.01.20 11:22:43.083 - <CXSOL01:LINK00> in state <NOT_READY>
2026.01.20 11:22:43.084 - <CXSOL01:LINK01> in state <NOT_READY>
2026.01.20 11:22:43.084 - <CXSOL01:LINK02> in state <NOT_READY>
2026.01.20 11:22:43.084 - <CXSOL01:LINK03> in state <NOT_READY>
2026.01.20 11:22:43.084 - <CXSOL01:LINK04> in state <NOT_READY>
2026.01.20 11:22:43.084 - <CXSOL01:LINK05> in state <NOT_READY>
2026.01.20 11:22:43.084 - <CXSOL01:LINK06> in state <NOT_READY>
2026.01.20 11:22:43.084 - <CXSOL01:LINK07> in state <NOT_READY>
2026.01.20 11:22:43.084 - <CXSOL01:LINK08> in state <NOT_READY>
2026.01.20 11:22:43.085 - <CXSOL01:LINK09> in state <NOT_READY>
2026.01.20 11:22:43.085 - <CXSOL01:LINK10> in state <NOT_READY>
2026.01.20 11:22:43.085 - <CXSOL01:LINK11> in state <NOT_READY>
2026.01.20 11:22:43.085 - <CXSOL01:LINK12> in state <NOT_READY>
2026.01.20 11:22:43.085 - <CXSOL01:LINK13> in state <NOT_READY>
2026.01.20 11:22:43.085 - <CXSOL01:LINK14> in state <NOT_READY>
2026.01.20 11:22:43.085 - <CXSOL01:LINK15> in state <NOT_READY>
2026.01.20 11:22:43.085 - <CXSOL01:LINK16> in state <NOT_READY>
2026.01.20 11:22:43.086 - <CXSOL01:LINK17> in state <NOT_READY>
2026.01.20 11:22:43.086 - <CXSOL01:LINK18> in state <NOT_READY>
2026.01.20 11:22:43.086 - <CXSOL01:LINK19> in state <NOT_READY>
2026.01.20 11:22:43.086 - <CXSOL01:LINK20> in state <NOT_READY>
2026.01.20 11:22:43.086 - <CXSOL01:LINK21> in state <NOT_READY>
2026.01.20 11:22:43.086 - <CXSOL01:LINK22> in state <NOT_READY>
2026.01.20 11:22:43.086 - <CXSOL01:LINK23> in state <NOT_READY>
2026.01.20 11:22:43.086 - <CXSOL01:LINK24> in state <NOT_READY>
2026.01.20 11:22:43.087 - <CXSOL01:LINK25> in state <NOT_READY>
2026.01.20 11:22:43.087 - <CXSOL01:LINK26> in state <NOT_READY>
2026.01.20 11:22:43.087 - <CXSOL01:LINK27> in state <NOT_READY>
2026.01.20 11:22:43.087 - <CXSOL01:LINK28> in state <NOT_READY>
2026.01.20 11:22:43.087 - <CXSOL01:LINK29> in state <NOT_READY>
2026.01.20 11:22:43.087 - <CXSOL01:LINK30> in state <NOT_READY>
2026.01.20 11:22:43.087 - <CXSOL01:LINK31> in state <NOT_READY>
2026.01.20 11:22:43.087 - <CXSOL01:LINK32> in state <NOT_READY>
2026.01.20 11:22:43.088 - <CXSOL01:LINK33> in state <NOT_READY>
2026.01.20 11:22:43.088 - <CXSOL01:LINK34> in state <NOT_READY>
2026.01.20 11:22:43.088 - <CXSOL01:LINK35> in state <NOT_READY>
2026.01.20 11:22:43.088 - <CXSOL01:LINK36> in state <NOT_READY>
2026.01.20 11:22:43.088 - <CXSOL01:LINK37> in state <NOT_READY>
2026.01.20 11:22:43.088 - <CXSOL01:LINK38> in state <NOT_READY>
2026.01.20 11:22:43.088 - <CXSOL01:LINK39> in state <NOT_READY>
2026.01.20 11:22:43.088 - <CXSOL01:LINK40> in state <NOT_READY>
2026.01.20 11:22:43.088 - <CXSOL01:LINK41> in state <NOT_READY>
2026.01.20 11:22:43.088 - <CXSOL01:LINK42> in state <NOT_READY>
2026.01.20 11:22:43.089 - <CXSOL01:LINK43> in state <NOT_READY>
2026.01.20 11:22:43.089 - <CXSOL01:LINK44> in state <NOT_READY>
2026.01.20 11:22:43.089 - <CXSOL01:LINK45> in state <NOT_READY>
2026.01.20 11:22:43.089 - <CXSOL01:LINK46> in state <NOT_READY>
2026.01.20 11:22:43.089 - <CXSOL01:LINK47> in state <NOT_READY>
2026.01.20 11:24:05.815 - <CXSOL01:LINK40> in state <DEAD> converted from <$DEAD>
2026.01.20 11:24:05.816 - <CXSOL01:LINK41> in state <DEAD> converted from <$DEAD>
2026.01.20 11:24:05.816 - <CXSOL01:LINK42> in state <DEAD> converted from <$DEAD>
2026.01.20 11:24:05.816 - <CXSOL01:LINK43> in state <DEAD> converted from <$DEAD>
2026.01.20 11:24:05.816 - <CXSOL01:LINK44> in state <DEAD> converted from <$DEAD>
2026.01.20 11:24:05.816 - <CXSOL01:LINK45> in state <DEAD> converted from <$DEAD>
2026.01.20 11:24:05.816 - <CXSOL01:LINK46> in state <DEAD> converted from <$DEAD>
2026.01.20 11:24:05.816 - <CXSOL01:LINK47> in state <DEAD> converted from <$DEAD>
2026.01.20 11:24:05.816 - <CXSOL01:LINK10> in state <DEAD> converted from <$DEAD>
2026.01.20 11:24:05.816 - <CXSOL01:LINK11> in state <DEAD> converted from <$DEAD>
2026.01.20 11:24:05.816 - <CXSOL01:LINK12> in state <DEAD> converted from <$DEAD>
2026.01.20 11:24:05.817 - <CXSOL01:LINK13> in state <DEAD> converted from <$DEAD>
2026.01.20 11:24:05.817 - <CXSOL01:LINK14> in state <DEAD> converted from <$DEAD>
2026.01.20 11:24:05.817 - <CXSOL01:LINK15> in state <DEAD> converted from <$DEAD>
2026.01.20 11:24:05.817 - <CXSOL01:LINK16> in state <DEAD> converted from <$DEAD>
2026.01.20 11:24:05.817 - <CXSOL01:LINK17> in state <DEAD> converted from <$DEAD>
2026.01.20 11:24:05.817 - <CXSOL01:LINK18> in state <DEAD> converted from <$DEAD>
2026.01.20 11:24:05.817 - <CXSOL01:LINK19> in state <DEAD> converted from <$DEAD>
2026.01.20 11:24:05.817 - <SOL40_FWDM> in state <DEAD> converted from <$DEAD>
2026.01.20 11:24:05.817 - <CXSOL01:LINK20> in state <DEAD> converted from <$DEAD>
2026.01.20 11:24:05.817 - <CXSOL01:LINK21> in state <DEAD> converted from <$DEAD>
2026.01.20 11:24:05.817 - <CXSOL01:LINK22> in state <DEAD> converted from <$DEAD>
2026.01.20 11:24:05.817 - <CXSOL01:LINK23> in state <DEAD> converted from <$DEAD>
2026.01.20 11:24:05.817 - <CXSOL01:LINK24> in state <DEAD> converted from <$DEAD>
2026.01.20 11:24:05.817 - <CXSOL01:LINK25> in state <DEAD> converted from <$DEAD>
2026.01.20 11:24:05.817 - <CXSOL01:LINK26> in state <DEAD> converted from <$DEAD>
2026.01.20 11:24:05.817 - <CXSOL01:LINK27> in state <DEAD> converted from <$DEAD>
2026.01.20 11:24:05.818 - <CXSOL01:LINK28> in state <DEAD> converted from <$DEAD>
2026.01.20 11:24:05.818 - <CXSOL01:LINK29> in state <DEAD> converted from <$DEAD>
2026.01.20 11:24:05.818 - <CXSOL01:LINK00> in state <DEAD> converted from <$DEAD>
2026.01.20 11:24:05.818 - <CXSOL01:LINK01> in state <DEAD> converted from <$DEAD>
2026.01.20 11:24:05.818 - <CXSOL01:LINK02> in state <DEAD> converted from <$DEAD>
2026.01.20 11:24:05.818 - <CXSOL01:LINK03> in state <DEAD> converted from <$DEAD>
2026.01.20 11:24:05.818 - <CXSOL01:LINK04> in state <DEAD> converted from <$DEAD>
2026.01.20 11:24:05.818 - <CXSOL01:LINK05> in state <DEAD> converted from <$DEAD>
2026.01.20 11:24:05.818 - <CXSOL01:LINK06> in state <DEAD> converted from <$DEAD>
2026.01.20 11:24:05.818 - <CXSOL01:LINK07> in state <DEAD> converted from <$DEAD>
2026.01.20 11:24:05.818 - <CXSOL01:LINK08> in state <DEAD> converted from <$DEAD>
2026.01.20 11:24:05.818 - <CXSOL01:LINK09> in state <DEAD> converted from <$DEAD>
2026.01.20 11:24:05.818 - <CXSOL01:LINK30> in state <DEAD> converted from <$DEAD>
2026.01.20 11:24:05.818 - <CXSOL01:LINK31> in state <DEAD> converted from <$DEAD>
2026.01.20 11:24:05.818 - <CXSOL01:LINK32> in state <DEAD> converted from <$DEAD>
2026.01.20 11:24:05.818 - <CXSOL01:LINK33> in state <DEAD> converted from <$DEAD>
2026.01.20 11:24:05.819 - <CXSOL01:LINK34> in state <DEAD> converted from <$DEAD>
2026.01.20 11:24:05.819 - <CXSOL01:LINK35> in state <DEAD> converted from <$DEAD>
2026.01.20 11:24:05.819 - <CXSOL01:LINK36> in state <DEAD> converted from <$DEAD>
2026.01.20 11:24:05.819 - <CXSOL01:LINK37> in state <DEAD> converted from <$DEAD>
2026.01.20 11:24:05.819 - <CXSOL01:LINK38> in state <DEAD> converted from <$DEAD>
2026.01.20 11:24:05.819 - <CXSOL01:LINK39> in state <DEAD> converted from <$DEAD>
2026.01.20 11:24:07.068 - <CXSOL01:LINK40> in state <DEAD> converted from <$DEAD>
2026.01.20 11:24:07.068 - <CXSOL01:LINK41> in state <DEAD> converted from <$DEAD>
2026.01.20 11:24:07.068 - <CXSOL01:LINK42> in state <DEAD> converted from <$DEAD>
2026.01.20 11:24:07.068 - <CXSOL01:LINK43> in state <DEAD> converted from <$DEAD>
2026.01.20 11:24:07.068 - <CXSOL01:LINK44> in state <DEAD> converted from <$DEAD>
2026.01.20 11:24:07.069 - <CXSOL01:LINK45> in state <DEAD> converted from <$DEAD>
2026.01.20 11:24:07.069 - <CXSOL01:LINK46> in state <DEAD> converted from <$DEAD>
2026.01.20 11:24:07.069 - <CXSOL01:LINK47> in state <DEAD> converted from <$DEAD>
2026.01.20 11:24:07.069 - <CXSOL01:LINK10> in state <DEAD> converted from <$DEAD>
2026.01.20 11:24:07.069 - <CXSOL01:LINK11> in state <DEAD> converted from <$DEAD>
2026.01.20 11:24:07.069 - <CXSOL01:LINK12> in state <DEAD> converted from <$DEAD>
2026.01.20 11:24:07.069 - <CXSOL01:LINK13> in state <DEAD> converted from <$DEAD>
2026.01.20 11:24:07.069 - <CXSOL01:LINK14> in state <DEAD> converted from <$DEAD>
2026.01.20 11:24:07.069 - <CXSOL01:LINK15> in state <DEAD> converted from <$DEAD>
2026.01.20 11:24:07.069 - <CXSOL01:LINK16> in state <DEAD> converted from <$DEAD>
2026.01.20 11:24:07.069 - <CXSOL01:LINK17> in state <DEAD> converted from <$DEAD>
2026.01.20 11:24:07.069 - <CXSOL01:LINK18> in state <DEAD> converted from <$DEAD>
2026.01.20 11:24:07.069 - <CXSOL01:LINK19> in state <DEAD> converted from <$DEAD>
2026.01.20 11:24:07.069 - <SOL40_FWDM> in state <ENABLED>
2026.01.20 11:24:07.069 - <CXSOL01:LINK20> in state <DEAD> converted from <$DEAD>
2026.01.20 11:24:07.070 - <CXSOL01:LINK21> in state <DEAD> converted from <$DEAD>
2026.01.20 11:24:07.070 - <CXSOL01:LINK22> in state <DEAD> converted from <$DEAD>
2026.01.20 11:24:07.070 - <CXSOL01:LINK23> in state <DEAD> converted from <$DEAD>
2026.01.20 11:24:07.070 - <CXSOL01:LINK24> in state <DEAD> converted from <$DEAD>
2026.01.20 11:24:07.070 - <CXSOL01:LINK25> in state <DEAD> converted from <$DEAD>
2026.01.20 11:24:07.070 - <CXSOL01:LINK26> in state <DEAD> converted from <$DEAD>
2026.01.20 11:24:07.070 - <CXSOL01:LINK27> in state <DEAD> converted from <$DEAD>
2026.01.20 11:24:07.070 - <CXSOL01:LINK28> in state <DEAD> converted from <$DEAD>
2026.01.20 11:24:07.070 - <CXSOL01:LINK29> in state <DEAD> converted from <$DEAD>
2026.01.20 11:24:07.070 - <CXSOL01:LINK00> in state <DEAD> converted from <$DEAD>
2026.01.20 11:24:07.070 - <CXSOL01:LINK01> in state <DEAD> converted from <$DEAD>
2026.01.20 11:24:07.070 - <CXSOL01:LINK02> in state <DEAD> converted from <$DEAD>
2026.01.20 11:24:07.070 - <CXSOL01:LINK03> in state <DEAD> converted from <$DEAD>
2026.01.20 11:24:07.070 - <CXSOL01:LINK04> in state <DEAD> converted from <$DEAD>
2026.01.20 11:24:07.070 - <CXSOL01:LINK05> in state <DEAD> converted from <$DEAD>
2026.01.20 11:24:07.070 - <CXSOL01:LINK06> in state <DEAD> converted from <$DEAD>
2026.01.20 11:24:07.070 - <CXSOL01:LINK07> in state <DEAD> converted from <$DEAD>
2026.01.20 11:24:07.071 - <CXSOL01:LINK08> in state <DEAD> converted from <$DEAD>
2026.01.20 11:24:07.071 - <CXSOL01:LINK09> in state <DEAD> converted from <$DEAD>
2026.01.20 11:24:07.071 - <CXSOL01:LINK30> in state <DEAD> converted from <$DEAD>
2026.01.20 11:24:07.071 - <CXSOL01:LINK31> in state <DEAD> converted from <$DEAD>
2026.01.20 11:24:07.071 - <CXSOL01:LINK32> in state <DEAD> converted from <$DEAD>
2026.01.20 11:24:07.071 - <CXSOL01:LINK33> in state <DEAD> converted from <$DEAD>
2026.01.20 11:24:07.071 - <CXSOL01:LINK34> in state <DEAD> converted from <$DEAD>
2026.01.20 11:24:07.071 - <CXSOL01:LINK35> in state <DEAD> converted from <$DEAD>
2026.01.20 11:24:07.071 - <CXSOL01:LINK36> in state <DEAD> converted from <$DEAD>
2026.01.20 11:24:07.071 - <CXSOL01:LINK37> in state <DEAD> converted from <$DEAD>
2026.01.20 11:24:07.071 - <CXSOL01:LINK38> in state <DEAD> converted from <$DEAD>
2026.01.20 11:24:07.071 - <CXSOL01:LINK39> in state <DEAD> converted from <$DEAD>
2026.01.20 11:24:08.117 - <CXSOL01:LINK00> in state <NOT_READY>
2026.01.20 11:24:08.117 - <CXSOL01:LINK01> in state <NOT_READY>
2026.01.20 11:24:08.117 - <CXSOL01:LINK02> in state <NOT_READY>
2026.01.20 11:24:08.117 - <CXSOL01:LINK03> in state <NOT_READY>
2026.01.20 11:24:08.117 - <CXSOL01:LINK04> in state <NOT_READY>
2026.01.20 11:24:08.117 - <CXSOL01:LINK05> in state <NOT_READY>
2026.01.20 11:24:08.118 - <CXSOL01:LINK06> in state <NOT_READY>
2026.01.20 11:24:08.118 - <CXSOL01:LINK07> in state <NOT_READY>
2026.01.20 11:24:08.118 - <CXSOL01:LINK08> in state <NOT_READY>
2026.01.20 11:24:08.118 - <CXSOL01:LINK09> in state <NOT_READY>
2026.01.20 11:24:08.118 - <CXSOL01:LINK10> in state <NOT_READY>
2026.01.20 11:24:08.118 - <CXSOL01:LINK11> in state <NOT_READY>
2026.01.20 11:24:08.118 - <CXSOL01:LINK12> in state <NOT_READY>
2026.01.20 11:24:08.118 - <CXSOL01:LINK13> in state <NOT_READY>
2026.01.20 11:24:08.118 - <CXSOL01:LINK14> in state <NOT_READY>
2026.01.20 11:24:08.119 - <CXSOL01:LINK15> in state <NOT_READY>
2026.01.20 11:24:08.119 - <CXSOL01:LINK16> in state <NOT_READY>
2026.01.20 11:24:08.119 - <CXSOL01:LINK17> in state <NOT_READY>
2026.01.20 11:24:08.119 - <CXSOL01:LINK18> in state <NOT_READY>
2026.01.20 11:24:08.119 - <CXSOL01:LINK19> in state <NOT_READY>
2026.01.20 11:24:08.120 - <CXSOL01:LINK20> in state <NOT_READY>
2026.01.20 11:24:08.120 - <CXSOL01:LINK21> in state <NOT_READY>
2026.01.20 11:24:08.120 - <CXSOL01:LINK22> in state <NOT_READY>
2026.01.20 11:24:08.120 - <CXSOL01:LINK23> in state <NOT_READY>
2026.01.20 11:24:08.120 - <CXSOL01:LINK24> in state <NOT_READY>
2026.01.20 11:24:08.120 - <CXSOL01:LINK25> in state <NOT_READY>
2026.01.20 11:24:08.120 - <CXSOL01:LINK26> in state <NOT_READY>
2026.01.20 11:24:08.120 - <CXSOL01:LINK27> in state <NOT_READY>
2026.01.20 11:24:08.120 - <CXSOL01:LINK28> in state <NOT_READY>
2026.01.20 11:24:08.120 - <CXSOL01:LINK29> in state <NOT_READY>
2026.01.20 11:24:08.120 - <CXSOL01:LINK30> in state <NOT_READY>
2026.01.20 11:24:08.121 - <CXSOL01:LINK31> in state <NOT_READY>
2026.01.20 11:24:08.121 - <CXSOL01:LINK32> in state <NOT_READY>
2026.01.20 11:24:08.121 - <CXSOL01:LINK33> in state <NOT_READY>
2026.01.20 11:24:08.121 - <CXSOL01:LINK34> in state <NOT_READY>
2026.01.20 11:24:08.121 - <CXSOL01:LINK35> in state <NOT_READY>
2026.01.20 11:24:08.121 - <CXSOL01:LINK36> in state <NOT_READY>
2026.01.20 11:24:08.121 - <CXSOL01:LINK37> in state <NOT_READY>
2026.01.20 11:24:08.121 - <CXSOL01:LINK38> in state <NOT_READY>
2026.01.20 11:24:08.121 - <CXSOL01:LINK39> in state <NOT_READY>
2026.01.20 11:24:08.121 - <CXSOL01:LINK40> in state <NOT_READY>
2026.01.20 11:24:08.121 - <CXSOL01:LINK41> in state <NOT_READY>
2026.01.20 11:24:08.121 - <CXSOL01:LINK42> in state <NOT_READY>
2026.01.20 11:24:08.122 - <CXSOL01:LINK43> in state <NOT_READY>
2026.01.20 11:24:08.122 - <CXSOL01:LINK44> in state <NOT_READY>
2026.01.20 11:24:08.122 - <CXSOL01:LINK45> in state <NOT_READY>
2026.01.20 11:24:08.122 - <CXSOL01:LINK46> in state <NOT_READY>
2026.01.20 11:24:08.122 - <CXSOL01:LINK47> in state <NOT_READY>
2026.01.20 11:24:17.658 - <CXSOL01:LINK40> in state <DEAD> converted from <$DEAD>
2026.01.20 11:24:17.658 - <CXSOL01:LINK41> in state <DEAD> converted from <$DEAD>
2026.01.20 11:24:17.658 - <CXSOL01:LINK42> in state <DEAD> converted from <$DEAD>
2026.01.20 11:24:17.659 - <CXSOL01:LINK43> in state <DEAD> converted from <$DEAD>
2026.01.20 11:24:17.659 - <CXSOL01:LINK44> in state <DEAD> converted from <$DEAD>
2026.01.20 11:24:17.659 - <CXSOL01:LINK45> in state <DEAD> converted from <$DEAD>
2026.01.20 11:24:17.659 - <CXSOL01:LINK46> in state <DEAD> converted from <$DEAD>
2026.01.20 11:24:17.659 - <CXSOL01:LINK47> in state <DEAD> converted from <$DEAD>
2026.01.20 11:24:17.659 - <CXSOL01:LINK10> in state <DEAD> converted from <$DEAD>
2026.01.20 11:24:17.659 - <CXSOL01:LINK11> in state <DEAD> converted from <$DEAD>
2026.01.20 11:24:17.659 - <CXSOL01:LINK12> in state <DEAD> converted from <$DEAD>
2026.01.20 11:24:17.660 - <CXSOL01:LINK13> in state <DEAD> converted from <$DEAD>
2026.01.20 11:24:17.660 - <CXSOL01:LINK14> in state <DEAD> converted from <$DEAD>
2026.01.20 11:24:17.660 - <CXSOL01:LINK15> in state <DEAD> converted from <$DEAD>
2026.01.20 11:24:17.660 - <CXSOL01:LINK16> in state <DEAD> converted from <$DEAD>
2026.01.20 11:24:17.660 - <CXSOL01:LINK17> in state <DEAD> converted from <$DEAD>
2026.01.20 11:24:17.660 - <CXSOL01:LINK18> in state <DEAD> converted from <$DEAD>
2026.01.20 11:24:17.661 - <CXSOL01:LINK19> in state <DEAD> converted from <$DEAD>
2026.01.20 11:24:17.661 - <SOL40_FWDM> in state <DEAD> converted from <$DEAD>
2026.01.20 11:24:17.661 - <CXSOL01:LINK20> in state <DEAD> converted from <$DEAD>
2026.01.20 11:24:17.661 - <CXSOL01:LINK21> in state <DEAD> converted from <$DEAD>
2026.01.20 11:24:17.661 - <CXSOL01:LINK22> in state <DEAD> converted from <$DEAD>
2026.01.20 11:24:17.661 - <CXSOL01:LINK23> in state <DEAD> converted from <$DEAD>
2026.01.20 11:24:17.661 - <CXSOL01:LINK24> in state <DEAD> converted from <$DEAD>
2026.01.20 11:24:17.661 - <CXSOL01:LINK25> in state <DEAD> converted from <$DEAD>
2026.01.20 11:24:17.661 - <CXSOL01:LINK26> in state <DEAD> converted from <$DEAD>
2026.01.20 11:24:17.661 - <CXSOL01:LINK27> in state <DEAD> converted from <$DEAD>
2026.01.20 11:24:17.661 - <CXSOL01:LINK28> in state <DEAD> converted from <$DEAD>
2026.01.20 11:24:17.662 - <CXSOL01:LINK29> in state <DEAD> converted from <$DEAD>
2026.01.20 11:24:17.662 - <CXSOL01:LINK00> in state <DEAD> converted from <$DEAD>
2026.01.20 11:24:17.662 - <CXSOL01:LINK01> in state <DEAD> converted from <$DEAD>
2026.01.20 11:24:17.662 - <CXSOL01:LINK02> in state <DEAD> converted from <$DEAD>
2026.01.20 11:24:17.662 - <CXSOL01:LINK03> in state <DEAD> converted from <$DEAD>
2026.01.20 11:24:17.662 - <CXSOL01:LINK04> in state <DEAD> converted from <$DEAD>
2026.01.20 11:24:17.662 - <CXSOL01:LINK05> in state <DEAD> converted from <$DEAD>
2026.01.20 11:24:17.662 - <CXSOL01:LINK06> in state <DEAD> converted from <$DEAD>
2026.01.20 11:24:17.662 - <CXSOL01:LINK07> in state <DEAD> converted from <$DEAD>
2026.01.20 11:24:17.662 - <CXSOL01:LINK08> in state <DEAD> converted from <$DEAD>
2026.01.20 11:24:17.662 - <CXSOL01:LINK09> in state <DEAD> converted from <$DEAD>
2026.01.20 11:24:17.662 - <CXSOL01:LINK30> in state <DEAD> converted from <$DEAD>
2026.01.20 11:24:17.662 - <CXSOL01:LINK31> in state <DEAD> converted from <$DEAD>
2026.01.20 11:24:17.662 - <CXSOL01:LINK32> in state <DEAD> converted from <$DEAD>
2026.01.20 11:24:17.662 - <CXSOL01:LINK33> in state <DEAD> converted from <$DEAD>
2026.01.20 11:24:17.662 - <CXSOL01:LINK34> in state <DEAD> converted from <$DEAD>
2026.01.20 11:24:17.662 - <CXSOL01:LINK35> in state <DEAD> converted from <$DEAD>
2026.01.20 11:24:17.663 - <CXSOL01:LINK36> in state <DEAD> converted from <$DEAD>
2026.01.20 11:24:17.663 - <CXSOL01:LINK37> in state <DEAD> converted from <$DEAD>
2026.01.20 11:24:17.663 - <CXSOL01:LINK38> in state <DEAD> converted from <$DEAD>
2026.01.20 11:24:17.663 - <CXSOL01:LINK39> in state <DEAD> converted from <$DEAD>
2026.01.20 11:24:20.921 - <CXSOL01:LINK43> in state <DEAD> converted from <$DEAD>
2026.01.20 11:24:20.921 - <CXSOL01:LINK44> in state <DEAD> converted from <$DEAD>
2026.01.20 11:24:20.921 - <CXSOL01:LINK45> in state <DEAD> converted from <$DEAD>
2026.01.20 11:24:20.922 - <CXSOL01:LINK46> in state <DEAD> converted from <$DEAD>
2026.01.20 11:24:20.922 - <CXSOL01:LINK47> in state <DEAD> converted from <$DEAD>
2026.01.20 11:24:20.922 - <CXSOL01:LINK10> in state <DEAD> converted from <$DEAD>
2026.01.20 11:24:20.922 - <CXSOL01:LINK11> in state <DEAD> converted from <$DEAD>
2026.01.20 11:24:20.922 - <CXSOL01:LINK12> in state <DEAD> converted from <$DEAD>
2026.01.20 11:24:20.922 - <CXSOL01:LINK13> in state <DEAD> converted from <$DEAD>
2026.01.20 11:24:20.922 - <CXSOL01:LINK14> in state <DEAD> converted from <$DEAD>
2026.01.20 11:24:20.922 - <CXSOL01:LINK15> in state <DEAD> converted from <$DEAD>
2026.01.20 11:24:20.922 - <CXSOL01:LINK16> in state <DEAD> converted from <$DEAD>
2026.01.20 11:24:20.922 - <CXSOL01:LINK17> in state <DEAD> converted from <$DEAD>
2026.01.20 11:24:20.922 - <CXSOL01:LINK18> in state <DEAD> converted from <$DEAD>
2026.01.20 11:24:20.922 - <CXSOL01:LINK19> in state <DEAD> converted from <$DEAD>
2026.01.20 11:24:20.922 - <SOL40_FWDM> in state <DEAD> converted from <$DEAD>
2026.01.20 11:24:20.922 - <CXSOL01:LINK20> in state <DEAD> converted from <$DEAD>
2026.01.20 11:24:20.923 - <CXSOL01:LINK21> in state <DEAD> converted from <$DEAD>
2026.01.20 11:24:20.923 - <CXSOL01:LINK22> in state <DEAD> converted from <$DEAD>
2026.01.20 11:24:20.923 - <CXSOL01:LINK23> in state <DEAD> converted from <$DEAD>
2026.01.20 11:24:20.923 - <CXSOL01:LINK24> in state <DEAD> converted from <$DEAD>
2026.01.20 11:24:20.923 - <CXSOL01:LINK25> in state <DEAD> converted from <$DEAD>
2026.01.20 11:24:20.923 - <CXSOL01:LINK26> in state <DEAD> converted from <$DEAD>
2026.01.20 11:24:20.923 - <CXSOL01:LINK27> in state <DEAD> converted from <$DEAD>
2026.01.20 11:24:20.923 - <CXSOL01:LINK28> in state <DEAD> converted from <$DEAD>
2026.01.20 11:24:20.923 - <CXSOL01:LINK29> in state <DEAD> converted from <$DEAD>
2026.01.20 11:24:20.923 - <CXSOL01:LINK00> in state <DEAD> converted from <$DEAD>
2026.01.20 11:24:20.923 - <CXSOL01:LINK01> in state <DEAD> converted from <$DEAD>
2026.01.20 11:24:20.923 - <CXSOL01:LINK02> in state <DEAD> converted from <$DEAD>
2026.01.20 11:24:20.923 - <CXSOL01:LINK03> in state <DEAD> converted from <$DEAD>
2026.01.20 11:24:20.923 - <CXSOL01:LINK04> in state <DEAD> converted from <$DEAD>
2026.01.20 11:24:20.924 - <CXSOL01:LINK05> in state <DEAD> converted from <$DEAD>
2026.01.20 11:24:20.924 - <CXSOL01:LINK06> in state <DEAD> converted from <$DEAD>
2026.01.20 11:24:20.924 - <CXSOL01:LINK07> in state <DEAD> converted from <$DEAD>
2026.01.20 11:24:20.924 - <CXSOL01:LINK08> in state <DEAD> converted from <$DEAD>
2026.01.20 11:24:20.924 - <CXSOL01:LINK09> in state <DEAD> converted from <$DEAD>
2026.01.20 11:24:20.924 - <CXSOL01:LINK30> in state <DEAD> converted from <$DEAD>
2026.01.20 11:24:20.924 - <CXSOL01:LINK31> in state <DEAD> converted from <$DEAD>
2026.01.20 11:24:20.924 - <CXSOL01:LINK32> in state <DEAD> converted from <$DEAD>
2026.01.20 11:24:20.924 - <CXSOL01:LINK33> in state <DEAD> converted from <$DEAD>
2026.01.20 11:24:20.924 - <CXSOL01:LINK34> in state <DEAD> converted from <$DEAD>
2026.01.20 11:24:20.924 - <CXSOL01:LINK35> in state <DEAD> converted from <$DEAD>
2026.01.20 11:24:20.924 - <CXSOL01:LINK36> in state <DEAD> converted from <$DEAD>
2026.01.20 11:24:20.924 - <CXSOL01:LINK37> in state <DEAD> converted from <$DEAD>
2026.01.20 11:24:20.924 - <CXSOL01:LINK38> in state <DEAD> converted from <$DEAD>
2026.01.20 11:24:20.924 - <CXSOL01:LINK39> in state <DEAD> converted from <$DEAD>
2026.01.20 11:24:20.924 - <CXSOL01:LINK40> in state <DEAD> converted from <$DEAD>
2026.01.20 11:24:20.924 - <CXSOL01:LINK41> in state <DEAD> converted from <$DEAD>
2026.01.20 11:24:20.925 - <CXSOL01:LINK42> in state <DEAD> converted from <$DEAD>
2026.01.20 11:24:20.925 - <SOL40_FWDM> in state <ENABLED>
2026.01.20 11:24:21.926 - <CXSOL01:LINK00> in state <NOT_READY>
2026.01.20 11:24:21.927 - <CXSOL01:LINK01> in state <NOT_READY>
2026.01.20 11:24:21.927 - <CXSOL01:LINK02> in state <NOT_READY>
2026.01.20 11:24:21.927 - <CXSOL01:LINK03> in state <NOT_READY>
2026.01.20 11:24:21.927 - <CXSOL01:LINK04> in state <NOT_READY>
2026.01.20 11:24:21.927 - <CXSOL01:LINK05> in state <NOT_READY>
2026.01.20 11:24:21.927 - <CXSOL01:LINK06> in state <NOT_READY>
2026.01.20 11:24:21.928 - <CXSOL01:LINK07> in state <NOT_READY>
2026.01.20 11:24:21.928 - <CXSOL01:LINK08> in state <NOT_READY>
2026.01.20 11:24:21.928 - <CXSOL01:LINK09> in state <NOT_READY>
2026.01.20 11:24:21.928 - <CXSOL01:LINK10> in state <NOT_READY>
2026.01.20 11:24:21.928 - <CXSOL01:LINK11> in state <NOT_READY>
2026.01.20 11:24:21.928 - <CXSOL01:LINK12> in state <NOT_READY>
2026.01.20 11:24:21.929 - <CXSOL01:LINK13> in state <NOT_READY>
2026.01.20 11:24:21.929 - <CXSOL01:LINK14> in state <NOT_READY>
2026.01.20 11:24:21.929 - <CXSOL01:LINK15> in state <NOT_READY>
2026.01.20 11:24:21.929 - <CXSOL01:LINK16> in state <NOT_READY>
2026.01.20 11:24:21.929 - <CXSOL01:LINK17> in state <NOT_READY>
2026.01.20 11:24:21.929 - <CXSOL01:LINK18> in state <NOT_READY>
2026.01.20 11:24:21.929 - <CXSOL01:LINK19> in state <NOT_READY>
2026.01.20 11:24:21.930 - <CXSOL01:LINK20> in state <NOT_READY>
2026.01.20 11:24:21.930 - <CXSOL01:LINK21> in state <NOT_READY>
2026.01.20 11:24:21.930 - <CXSOL01:LINK22> in state <NOT_READY>
2026.01.20 11:24:21.930 - <CXSOL01:LINK23> in state <NOT_READY>
2026.01.20 11:24:21.930 - <CXSOL01:LINK24> in state <NOT_READY>
2026.01.20 11:24:21.930 - <CXSOL01:LINK25> in state <NOT_READY>
2026.01.20 11:24:21.930 - <CXSOL01:LINK26> in state <NOT_READY>
2026.01.20 11:24:21.930 - <CXSOL01:LINK27> in state <NOT_READY>
2026.01.20 11:24:21.931 - <CXSOL01:LINK28> in state <NOT_READY>
2026.01.20 11:24:21.931 - <CXSOL01:LINK29> in state <NOT_READY>
2026.01.20 11:24:21.931 - <CXSOL01:LINK30> in state <NOT_READY>
2026.01.20 11:24:21.931 - <CXSOL01:LINK31> in state <NOT_READY>
2026.01.20 11:24:21.931 - <CXSOL01:LINK32> in state <NOT_READY>
2026.01.20 11:24:21.931 - <CXSOL01:LINK33> in state <NOT_READY>
2026.01.20 11:24:21.931 - <CXSOL01:LINK34> in state <NOT_READY>
2026.01.20 11:24:21.931 - <CXSOL01:LINK35> in state <NOT_READY>
2026.01.20 11:24:21.931 - <CXSOL01:LINK36> in state <NOT_READY>
2026.01.20 11:24:21.931 - <CXSOL01:LINK37> in state <NOT_READY>
2026.01.20 11:24:21.932 - <CXSOL01:LINK38> in state <NOT_READY>
2026.01.20 11:24:21.932 - <CXSOL01:LINK39> in state <NOT_READY>
2026.01.20 11:24:21.932 - <CXSOL01:LINK40> in state <NOT_READY>
2026.01.20 11:24:21.932 - <CXSOL01:LINK41> in state <NOT_READY>
2026.01.20 11:24:21.932 - <CXSOL01:LINK42> in state <NOT_READY>
2026.01.20 11:24:21.932 - <CXSOL01:LINK43> in state <NOT_READY>
2026.01.20 11:24:21.932 - <CXSOL01:LINK44> in state <NOT_READY>
2026.01.20 11:24:21.932 - <CXSOL01:LINK45> in state <NOT_READY>
2026.01.20 11:24:21.932 - <CXSOL01:LINK46> in state <NOT_READY>
2026.01.20 11:24:21.932 - <CXSOL01:LINK47> in state <NOT_READY>
2026.01.20 11:24:33.870 - <CXSOL01:LINK43> in state <DEAD> converted from <$DEAD>
2026.01.20 11:24:33.871 - <CXSOL01:LINK44> in state <DEAD> converted from <$DEAD>
2026.01.20 11:24:33.871 - <CXSOL01:LINK45> in state <DEAD> converted from <$DEAD>
2026.01.20 11:24:33.871 - <CXSOL01:LINK46> in state <DEAD> converted from <$DEAD>
2026.01.20 11:24:33.871 - <CXSOL01:LINK47> in state <DEAD> converted from <$DEAD>
2026.01.20 11:24:33.871 - <CXSOL01:LINK10> in state <DEAD> converted from <$DEAD>
2026.01.20 11:24:33.871 - <CXSOL01:LINK11> in state <DEAD> converted from <$DEAD>
2026.01.20 11:24:33.871 - <CXSOL01:LINK12> in state <DEAD> converted from <$DEAD>
2026.01.20 11:24:33.871 - <CXSOL01:LINK13> in state <DEAD> converted from <$DEAD>
2026.01.20 11:24:33.872 - <CXSOL01:LINK14> in state <DEAD> converted from <$DEAD>
2026.01.20 11:24:33.872 - <CXSOL01:LINK15> in state <DEAD> converted from <$DEAD>
2026.01.20 11:24:33.872 - <CXSOL01:LINK16> in state <DEAD> converted from <$DEAD>
2026.01.20 11:24:33.872 - <CXSOL01:LINK17> in state <DEAD> converted from <$DEAD>
2026.01.20 11:24:33.872 - <CXSOL01:LINK18> in state <DEAD> converted from <$DEAD>
2026.01.20 11:24:33.872 - <CXSOL01:LINK19> in state <DEAD> converted from <$DEAD>
2026.01.20 11:24:33.872 - <SOL40_FWDM> in state <DEAD> converted from <$DEAD>
2026.01.20 11:24:33.872 - <CXSOL01:LINK20> in state <DEAD> converted from <$DEAD>
2026.01.20 11:24:33.872 - <CXSOL01:LINK21> in state <DEAD> converted from <$DEAD>
2026.01.20 11:24:33.872 - <CXSOL01:LINK22> in state <DEAD> converted from <$DEAD>
2026.01.20 11:24:33.872 - <CXSOL01:LINK23> in state <DEAD> converted from <$DEAD>
2026.01.20 11:24:33.872 - <CXSOL01:LINK24> in state <DEAD> converted from <$DEAD>
2026.01.20 11:24:33.872 - <CXSOL01:LINK25> in state <DEAD> converted from <$DEAD>
2026.01.20 11:24:33.872 - <CXSOL01:LINK26> in state <DEAD> converted from <$DEAD>
2026.01.20 11:24:33.872 - <CXSOL01:LINK27> in state <DEAD> converted from <$DEAD>
2026.01.20 11:24:33.872 - <CXSOL01:LINK28> in state <DEAD> converted from <$DEAD>
2026.01.20 11:24:33.872 - <CXSOL01:LINK29> in state <DEAD> converted from <$DEAD>
2026.01.20 11:24:33.873 - <CXSOL01:LINK00> in state <DEAD> converted from <$DEAD>
2026.01.20 11:24:33.873 - <CXSOL01:LINK01> in state <DEAD> converted from <$DEAD>
2026.01.20 11:24:33.873 - <CXSOL01:LINK02> in state <DEAD> converted from <$DEAD>
2026.01.20 11:24:33.873 - <CXSOL01:LINK03> in state <DEAD> converted from <$DEAD>
2026.01.20 11:24:33.873 - <CXSOL01:LINK04> in state <DEAD> converted from <$DEAD>
2026.01.20 11:24:33.873 - <CXSOL01:LINK05> in state <DEAD> converted from <$DEAD>
2026.01.20 11:24:33.873 - <CXSOL01:LINK06> in state <DEAD> converted from <$DEAD>
2026.01.20 11:24:33.873 - <CXSOL01:LINK07> in state <DEAD> converted from <$DEAD>
2026.01.20 11:24:33.873 - <CXSOL01:LINK08> in state <DEAD> converted from <$DEAD>
2026.01.20 11:24:33.873 - <CXSOL01:LINK09> in state <DEAD> converted from <$DEAD>
2026.01.20 11:24:33.873 - <CXSOL01:LINK30> in state <DEAD> converted from <$DEAD>
2026.01.20 11:24:33.873 - <CXSOL01:LINK31> in state <DEAD> converted from <$DEAD>
2026.01.20 11:24:33.873 - <CXSOL01:LINK32> in state <DEAD> converted from <$DEAD>
2026.01.20 11:24:33.873 - <CXSOL01:LINK33> in state <DEAD> converted from <$DEAD>
2026.01.20 11:24:33.873 - <CXSOL01:LINK34> in state <DEAD> converted from <$DEAD>
2026.01.20 11:24:33.874 - <CXSOL01:LINK35> in state <DEAD> converted from <$DEAD>
2026.01.20 11:24:33.874 - <CXSOL01:LINK36> in state <DEAD> converted from <$DEAD>
2026.01.20 11:24:33.874 - <CXSOL01:LINK37> in state <DEAD> converted from <$DEAD>
2026.01.20 11:24:33.874 - <CXSOL01:LINK38> in state <DEAD> converted from <$DEAD>
2026.01.20 11:24:33.874 - <CXSOL01:LINK39> in state <DEAD> converted from <$DEAD>
2026.01.20 11:24:33.874 - <CXSOL01:LINK40> in state <DEAD> converted from <$DEAD>
2026.01.20 11:24:33.874 - <CXSOL01:LINK41> in state <DEAD> converted from <$DEAD>
2026.01.20 11:24:33.874 - <CXSOL01:LINK42> in state <DEAD> converted from <$DEAD>
