PVSS00dim(1) - Tue Jan 20 11:09:03 2026
	*** Using DIM Config DP: GbtConfig_TOP
PVSS00dim(1) - Tue Jan 20 11:09:04 2026
	*** 318 DIM Client Service(s) Set Up
PVSS00dim(1) - Tue Jan 20 11:09:04 2026
	*** 159 DIM Client Command(s) Set Up
PVSS00dim(1) - Tue Jan 20 11:13:23 2026
	Exiting... 
PVSS00dim(1) - Tue Jan 20 11:19:11 2026
	*** Using DIM Config DP: GbtConfig_TOP
PVSS00dim(1) - Tue Jan 20 11:19:11 2026
	*** 318 DIM Client Service(s) Set Up
PVSS00dim(1) - Tue Jan 20 11:19:11 2026
	*** 159 DIM Client Command(s) Set Up
PVSS00dim(1) - Tue Jan 20 11:27:35 2026
	Exiting... 
PVSS00dim(1) - Tue Jan 20 11:28:04 2026
	*** Using DIM Config DP: GbtConfig_TOP
PVSS00dim(1) - Tue Jan 20 11:28:04 2026
	*** 318 DIM Client Service(s) Set Up
PVSS00dim(1) - Tue Jan 20 11:28:04 2026
	*** 159 DIM Client Command(s) Set Up
PVSS00dim(1) - Thu Jan 22 14:29:41 2026
	Exiting... 
PVSS00dim(1) - Fri Jan 23 14:10:07 2026
	*** Using DIM Config DP: GbtConfig_TOP
PVSS00dim(1) - Fri Jan 23 14:10:07 2026
	*** 318 DIM Client Service(s) Set Up
PVSS00dim(1) - Fri Jan 23 14:10:07 2026
	*** 159 DIM Client Command(s) Set Up
PVSS00dim(1) - Fri Jan 23 14:51:49 2026
	Exiting... 
PVSS00dim(1) - Fri Jan 23 14:52:56 2026
	*** Using DIM Config DP: GbtConfig_TOP
PVSS00dim(1) - Fri Jan 23 14:52:56 2026
	*** 318 DIM Client Service(s) Set Up
PVSS00dim(1) - Fri Jan 23 14:52:56 2026
	*** 159 DIM Client Command(s) Set Up
PVSS00dim(1) - Fri Jan 23 14:53:12 2026
	Exiting... 
PVSS00dim(1) - Fri Jan 23 14:54:12 2026
	*** Using DIM Config DP: GbtConfig_TOP
PVSS00dim(1) - Fri Jan 23 14:54:12 2026
	*** 318 DIM Client Service(s) Set Up
PVSS00dim(1) - Fri Jan 23 14:54:12 2026
	*** 159 DIM Client Command(s) Set Up
