PVSS00dim(5) - Tue Jan 20 11:26:22 2026
	*** Using DIM Config DP: GbtConfig_LLITop
PVSS00dim(5) - Tue Jan 20 11:26:23 2026
	*** 428 DIM Client Service(s) Set Up
PVSS00dim(5) - Tue Jan 20 11:26:24 2026
	*** 214 DIM Client Command(s) Set Up
PVSS00dim(5) - Tue Jan 20 11:27:35 2026
	Exiting... 
PVSS00dim(5) - Tue Jan 20 11:28:05 2026
	*** Using DIM Config DP: GbtConfig_LLITop
PVSS00dim(5) - Tue Jan 20 11:28:05 2026
	*** 428 DIM Client Service(s) Set Up
PVSS00dim(5) - Tue Jan 20 11:28:05 2026
	*** 214 DIM Client Command(s) Set Up
PVSS00dim(5) - Thu Jan 22 14:29:41 2026
	Exiting... 
PVSS00dim(5) - Fri Jan 23 14:10:08 2026
	*** Using DIM Config DP: GbtConfig_LLITop
PVSS00dim(5) - Fri Jan 23 14:10:08 2026
	*** 428 DIM Client Service(s) Set Up
PVSS00dim(5) - Fri Jan 23 14:10:08 2026
	*** 214 DIM Client Command(s) Set Up
PVSS00dim(5) - Fri Jan 23 14:51:49 2026
	Exiting... 
PVSS00dim(5) - Fri Jan 23 14:52:56 2026
	*** Using DIM Config DP: GbtConfig_LLITop
PVSS00dim(5) - Fri Jan 23 14:52:57 2026
	*** 428 DIM Client Service(s) Set Up
PVSS00dim(5) - Fri Jan 23 14:52:57 2026
	*** 214 DIM Client Command(s) Set Up
PVSS00dim(5) - Fri Jan 23 14:53:12 2026
	Exiting... 
PVSS00dim(5) - Fri Jan 23 14:54:13 2026
	*** Using DIM Config DP: GbtConfig_LLITop
PVSS00dim(5) - Fri Jan 23 14:54:13 2026
	*** 428 DIM Client Service(s) Set Up
PVSS00dim(5) - Fri Jan 23 14:54:13 2026
	*** 214 DIM Client Command(s) Set Up
