WCCOAsmi(10) - Tue Jan 20 11:22:06 2026
	PVSSSys1421:SMIHandler started
WCCOAsmi(10) - Tue Jan 20 11:22:09 2026
	Exiting... 
WCCOAsmi(10) - Tue Jan 20 11:22:41 2026
	PVSSSys1421:SMIHandler started
WCCOAsmi(10) - Tue Jan 20 11:24:06 2026
	PVSSSys1421:SMIHandler started
WCCOAsmi(10) - Tue Jan 20 11:24:17 2026
	PVSSSys1421:SMIHandler started
WCCOAsmi(10) - Tue Jan 20 11:24:18 2026
	PVSSSys1421:SMIHandler started
WCCOAsmi(10) - Tue Jan 20 11:24:19 2026
	PVSSSys1421:SMIHandler started
WCCOAsmi(10) - Tue Jan 20 11:24:19 2026
	PVSSSys1421:SMIHandler started
WCCOAsmi(10) - Tue Jan 20 11:24:33 2026
	PVSSSys1421:SMIHandler started
WCCOAsmi(10) - Tue Jan 20 11:27:42 2026
	Exiting... 
WCCOAsmi(10) - Tue Jan 20 11:28:04 2026
	PVSSSys1421:SMIHandler started
WCCOAsmi(10) - Thu Jan 22 14:29:48 2026
	Exiting... 
WCCOAsmi(10) - Fri Jan 23 14:10:06 2026
	PVSSSys1421:SMIHandler started
WCCOAsmi(10) - Fri Jan 23 14:51:55 2026
	Exiting... 
WCCOAsmi(10) - Fri Jan 23 14:52:55 2026
	PVSSSys1421:SMIHandler started
WCCOAsmi(10) - Fri Jan 23 14:53:18 2026
	Exiting... 
WCCOAsmi(10) - Fri Jan 23 14:54:11 2026
	PVSSSys1421:SMIHandler started
WCCOAsmi(10) - Mon Jan 26 17:23:04 2026
	Exiting... 
WCCOAsmi(10) - Mon Jan 26 17:23:37 2026
	PVSSSys1421:SMIHandler started
