PVSS00dim(2) - Tue Jan 20 11:04:29 2026
	*** Using DIM Config DP: GbtConfig
Config DP does not exist, exiting...
PVSS00dim(2) - Tue Jan 20 11:04:29 2026
	*** Using DIM Config DP: GbtConfig
Config DP does not exist, exiting...
PVSS00dim(2) - Tue Jan 20 11:06:25 2026
	*** Using DIM Config DP: GbtConfig
PVSS00dim(2) - Tue Jan 20 11:06:51 2026
	Exiting... 
PVSS00dim(2) - Tue Jan 20 11:07:30 2026
	*** Using DIM Config DP: GbtConfig
PVSS00dim(2) - Tue Jan 20 11:13:23 2026
	Exiting... 
PVSS00dim(2) - Tue Jan 20 11:19:09 2026
	*** Using DIM Config DP: GbtConfig
PVSS00dim(2) - Tue Jan 20 11:19:10 2026
	*** 40 DIM Client Service(s) Set Up
PVSS00dim(2) - Tue Jan 20 11:19:10 2026
	*** 18 DIM Client Command(s) Set Up
PVSS00dim(2) - Tue Jan 20 11:27:35 2026
	Exiting... 
PVSS00dim(2) - Tue Jan 20 11:28:03 2026
	*** Using DIM Config DP: GbtConfig
PVSS00dim(2) - Tue Jan 20 11:28:03 2026
	*** 40 DIM Client Service(s) Set Up
PVSS00dim(2) - Tue Jan 20 11:28:03 2026
	*** 18 DIM Client Command(s) Set Up
PVSS00dim(2) - Thu Jan 22 14:29:41 2026
	Exiting... 
PVSS00dim(2) - Fri Jan 23 14:10:06 2026
	*** Using DIM Config DP: GbtConfig
PVSS00dim(2) - Fri Jan 23 14:10:06 2026
	*** 40 DIM Client Service(s) Set Up
PVSS00dim(2) - Fri Jan 23 14:10:06 2026
	*** 18 DIM Client Command(s) Set Up
PVSS00dim(2) - Fri Jan 23 14:51:49 2026
	Exiting... 
PVSS00dim(2) - Fri Jan 23 14:52:55 2026
	*** Using DIM Config DP: GbtConfig
PVSS00dim(2) - Fri Jan 23 14:52:55 2026
	*** 40 DIM Client Service(s) Set Up
PVSS00dim(2) - Fri Jan 23 14:52:55 2026
	*** 18 DIM Client Command(s) Set Up
PVSS00dim(2) - Fri Jan 23 14:53:06 2026
	*** 40 DIM Client Service(s) Set Up
PVSS00dim(2) - Fri Jan 23 14:53:06 2026
	*** 18 DIM Client Command(s) Set Up
PVSS00dim(2) - Fri Jan 23 14:53:12 2026
	Exiting... 
PVSS00dim(2) - Fri Jan 23 14:54:11 2026
	*** Using DIM Config DP: GbtConfig
PVSS00dim(2) - Fri Jan 23 14:54:11 2026
	*** 80 DIM Client Service(s) Set Up
PVSS00dim(2) - Fri Jan 23 14:54:11 2026
	*** 36 DIM Client Command(s) Set Up
