2026.01.20 11:01:13.586[""]
2026.01.20 11:01:13.586["**************** fwTrending .postinstall (start) ****************"]
2026.01.20 11:01:13.586[""]
2026.01.20 11:01:13.587["fwTrending: Detected fresh installation of fwTrending. Importing DPs..."]
2026.01.20 11:01:13.685["fwTrending: configuring default panels"]
2026.01.20 11:01:13.685["fwTrending: adding clipboard to trend tree"]
2026.01.20 11:01:13.687["fwTrending: updating device references"]
2026.01.20 11:01:13.688["fwTrending.postInstall() -> FWTREND-1067 -> Fix not required"]
2026.01.20 11:01:13.690[""]
2026.01.20 11:01:13.690["**************** fwTrending .postinstall (finish) ****************"]
2026.01.20 11:01:13.690[""]
2026.01.20 11:06:24.466["****************  Running Post Install Scripts - Recipes  ****************"]
2026.01.20 11:06:24.466["****************  Running Post Install Scripts - Recipes  - Cleaning up default settings dps ****************"]
2026.01.20 11:06:24.466["****************  Running Post Install Scripts - Recipes  - Fixing Recipes ****************"]
2026.01.20 11:06:24.481["****************  Running Post Install Scripts - Recipes  - Clearing Subscriptions ****************"]
2026.01.20 11:06:24.482["****************  Running Post Install Scripts - Recipes  - Reapplying default settings (SODIN) ****************"]
2026.01.20 11:06:24.482["****************  Running Post Install Scripts - Recipes  - Reapplying default settings (SOL40) ****************"]
2026.01.20 11:06:24.482["************  Finished Running Post Install Scripts - Recipes  ************"]
2026.01.20 11:06:24.829["CXDAQFEE:DistributedControl: DistributedControl initialisation successfully done"]
2026.01.20 11:06:24.829["CXDAQFEE:DistributedControl: unDistributedControl version 9.3.0 loaded"]
2026.01.20 11:07:30.140["CXDAQFEE:DistributedControl: DistributedControl initialisation successfully done"]
2026.01.20 11:07:30.140["CXDAQFEE:DistributedControl: unDistributedControl version 9.3.0 loaded"]
2026.01.20 11:19:09.587["CXDAQFEE:DistributedControl: DistributedControl initialisation successfully done"]
2026.01.20 11:19:09.587["CXDAQFEE:DistributedControl: unDistributedControl version 9.3.0 loaded"]
2026.01.20 11:28:03.603["CXDAQFEE:DistributedControl: DistributedControl initialisation successfully done"]
2026.01.20 11:28:03.603["CXDAQFEE:DistributedControl: unDistributedControl version 9.3.0 loaded"]
2026.01.23 14:10:06.171["CXDAQFEE:DistributedControl: DistributedControl initialisation successfully done"]
2026.01.23 14:10:06.171["CXDAQFEE:DistributedControl: unDistributedControl version 9.3.0 loaded"]
2026.01.23 14:52:55.053["CXDAQFEE:DistributedControl: DistributedControl initialisation successfully done"]
2026.01.23 14:52:55.053["CXDAQFEE:DistributedControl: unDistributedControl version 9.3.0 loaded"]
2026.01.23 14:54:11.169["CXDAQFEE:DistributedControl: DistributedControl initialisation successfully done"]
2026.01.23 14:54:11.169["CXDAQFEE:DistributedControl: unDistributedControl version 9.3.0 loaded"]
2026.01.26 17:11:02.943["CXDAQFEE:DistributedControl: Detected new connection to system CXECS. Creating internal datapoint as this is not a UNICOS project."]
2026.01.26 17:11:02.945["LB Getting"][dyn_int 1 items
     1: 1415
][dyn_string 1 items
     1: "cxecs01"
]
2026.01.26 17:11:02.946["lbDistributedControl_getSysPort"]["CXECS"][dyn_string 0 items
]["cxecs01"][151500][0]
2026.01.26 17:11:02.959["lbDistributedControl_getSysPort"]["CXECS"][dyn_string 0 items
]["cxecs01"][14150][16]
