2026.01.20 11:25:39.785["CXDAQFEE:top_cxsol01.Top"]
2026.01.20 11:25:39.785["Starting monitoring for CXDAQFEE:top_cxsol01.Top"]
2026.01.20 11:25:39.787["Set 'CXDAQFEE:top_cxsol01.Top' as TEST sub-detector type"]
2026.01.20 11:25:39.925["CXDAQFEE:top_cxsol01.Top.Registers_TOP.board_id"]["1022"]["28A6040D"]
2026.01.20 11:28:04.609["CXDAQFEE:top_cxsol01.Top"]
2026.01.20 11:28:04.609["Starting monitoring for CXDAQFEE:top_cxsol01.Top"]
2026.01.20 11:28:04.610["Restarting monitoring for 'CXDAQFEE:top_cxsol01.Top'"]
2026.01.20 11:28:04.611["Set 'CXDAQFEE:top_cxsol01.Top' as TEST sub-detector type"]
2026.01.20 11:28:04.612["Set 'CXDAQFEE:top_cxsol01.Top' as TEST sub-detector type"]
2026.01.20 11:28:10.289["CXDAQFEE:top_cxsol01.Top.Registers_TOP.board_id"]["BDA"]["28A6040D"]
2026.01.20 11:28:10.290["CXDAQFEE:top_cxsol01.Top.Registers_TOP.board_id"]["376"]["28A6040D"]
2026.01.20 11:28:14.612["Restarting monitoring for 'CXDAQFEE:top_cxsol01.Top'"]
2026.01.20 11:28:14.613["Set 'CXDAQFEE:top_cxsol01.Top' as TEST sub-detector type"]
2026.01.20 11:28:14.857["CXDAQFEE:top_cxsol01.Top.Registers_TOP.board_id"]["7203"]["28A6040D"]
2026.01.23 14:10:07.220["CXDAQFEE:top_cxsol01.Top"]
2026.01.23 14:10:07.220["Starting monitoring for CXDAQFEE:top_cxsol01.Top"]
2026.01.23 14:10:07.222["Restarting monitoring for 'CXDAQFEE:top_cxsol01.Top'"]
2026.01.23 14:10:07.222["Set 'CXDAQFEE:top_cxsol01.Top' as TEST sub-detector type"]
2026.01.23 14:10:07.224["Set 'CXDAQFEE:top_cxsol01.Top' as TEST sub-detector type"]
2026.01.23 14:10:12.845["CXDAQFEE:top_cxsol01.Top.Registers_TOP.board_id"]["63EC"]["28A6040D"]
2026.01.23 14:10:12.846["CXDAQFEE:top_cxsol01.Top.Registers_TOP.board_id"]["5674"]["28A6040D"]
2026.01.23 14:10:17.224["Restarting monitoring for 'CXDAQFEE:top_cxsol01.Top'"]
2026.01.23 14:10:17.225["Set 'CXDAQFEE:top_cxsol01.Top' as TEST sub-detector type"]
2026.01.23 14:10:17.361["CXDAQFEE:top_cxsol01.Top.Registers_TOP.board_id"]["49C1"]["28A6040D"]
2026.01.23 14:24:37.383["Restarting monitoring for 'CXDAQFEE:top_cxsol01.Top'"]
2026.01.23 14:24:37.385["Set 'CXDAQFEE:top_cxsol01.Top' as TEST sub-detector type"]
2026.01.23 14:24:37.422["Started Monitoring TOP 'CXDAQFEE:top_cxsol01.Top' (154 registers)"]
2026.01.23 14:24:37.520["CXDAQFEE:top_cxsol01.Top.Registers_TOP.board_id"]["793B"]["28A6040D"]
2026.01.23 14:52:56.043["CXDAQFEE:top_cxsol01.Top"]
2026.01.23 14:52:56.043["Starting monitoring for CXDAQFEE:top_cxsol01.Top"]
2026.01.23 14:52:56.045["Restarting monitoring for 'CXDAQFEE:top_cxsol01.Top'"]
2026.01.23 14:54:12.171["CXDAQFEE:top_cxsol01.Top"]
2026.01.23 14:54:12.172["Starting monitoring for CXDAQFEE:top_cxsol01.Top"]
2026.01.23 14:54:12.173["Restarting monitoring for 'CXDAQFEE:top_cxsol01.Top'"]
2026.01.23 14:54:12.174["Set 'CXDAQFEE:top_cxsol01.Top' as TEST sub-detector type"]
2026.01.23 14:54:12.175["Set 'CXDAQFEE:top_cxsol01.Top' as TEST sub-detector type"]
2026.01.23 14:54:17.805["CXDAQFEE:top_cxsol01.Top.Registers_TOP.board_id"]["18BE"]["28A6040D"]
2026.01.23 14:54:17.805["CXDAQFEE:top_cxsol01.Top.Registers_TOP.board_id"]["611C"]["28A6040D"]
2026.01.23 14:54:22.175["Restarting monitoring for 'CXDAQFEE:top_cxsol01.Top'"]
2026.01.23 14:54:32.178["Restarting monitoring for 'CXDAQFEE:top_cxsol01.Top'"]
2026.01.23 14:54:32.178["Set 'CXDAQFEE:top_cxsol01.Top' as TEST sub-detector type"]
2026.01.23 14:54:32.416["CXDAQFEE:top_cxsol01.Top.Registers_TOP.board_id"]["A1B"]["28A6040D"]
2026.01.23 15:14:12.384["Restarting monitoring for 'CXDAQFEE:top_cxsol01.Top'"]
2026.01.23 15:14:12.384["Set 'CXDAQFEE:top_cxsol01.Top' as TEST sub-detector type"]
2026.01.23 15:14:12.417["Started Monitoring TOP 'CXDAQFEE:top_cxsol01.Top' (154 registers)"]
2026.01.23 15:14:12.619["CXDAQFEE:top_cxsol01.Top.Registers_TOP.board_id"]["50CD"]["28A6040D"]
2026.01.23 15:16:12.406["Restarting monitoring for 'CXDAQFEE:top_cxsol01.Top'"]
2026.01.23 15:16:12.406["Set 'CXDAQFEE:top_cxsol01.Top' as TEST sub-detector type"]
2026.01.23 15:16:12.440["Started Monitoring TOP 'CXDAQFEE:top_cxsol01.Top' (154 registers)"]
2026.01.23 15:16:12.640["CXDAQFEE:top_cxsol01.Top.Registers_TOP.board_id"]["5ADA"]["28A6040D"]
2026.01.23 15:16:32.409["Set 'CXDAQFEE:top_cxsol01.Top' as TEST sub-detector type"]
2026.01.23 15:16:32.613["CXDAQFEE:top_cxsol01.Top.Registers_TOP.board_id"]["5C94"]["00000000"]
2026.01.23 15:16:42.410["Set 'CXDAQFEE:top_cxsol01.Top' as TEST sub-detector type"]
2026.01.23 15:16:42.615["CXDAQFEE:top_cxsol01.Top.Registers_TOP.board_id"]["6232"]["00000000"]
2026.01.23 15:16:52.412["Set 'CXDAQFEE:top_cxsol01.Top' as TEST sub-detector type"]
2026.01.23 15:16:52.616["CXDAQFEE:top_cxsol01.Top.Registers_TOP.board_id"]["66F7"]["00000000"]
2026.01.23 15:17:02.414["Set 'CXDAQFEE:top_cxsol01.Top' as TEST sub-detector type"]
2026.01.23 15:17:02.617["CXDAQFEE:top_cxsol01.Top.Registers_TOP.board_id"]["6CB"]["00000000"]
2026.01.23 15:17:12.415["Set 'CXDAQFEE:top_cxsol01.Top' as TEST sub-detector type"]
2026.01.23 15:17:12.621["CXDAQFEE:top_cxsol01.Top.Registers_TOP.board_id"]["7D2B"]["00000000"]
2026.01.23 15:33:02.575["Set 'CXDAQFEE:top_cxsol01.Top' as TEST sub-detector type"]
2026.01.23 15:33:02.780["CXDAQFEE:top_cxsol01.Top.Registers_TOP.board_id"]["2891"]["00000000"]
2026.01.23 15:33:12.577["Set 'CXDAQFEE:top_cxsol01.Top' as TEST sub-detector type"]
2026.01.23 15:33:12.782["CXDAQFEE:top_cxsol01.Top.Registers_TOP.board_id"]["5CE6"]["00000000"]
2026.01.23 15:33:22.578["Set 'CXDAQFEE:top_cxsol01.Top' as TEST sub-detector type"]
2026.01.23 15:33:22.784["CXDAQFEE:top_cxsol01.Top.Registers_TOP.board_id"]["2C11"]["00000000"]
2026.01.23 15:33:32.580["Set 'CXDAQFEE:top_cxsol01.Top' as TEST sub-detector type"]
2026.01.23 15:33:32.786["CXDAQFEE:top_cxsol01.Top.Registers_TOP.board_id"]["505F"]["00000000"]
2026.01.23 18:33:24.507["Restarting monitoring for 'CXDAQFEE:top_cxsol01.Top'"]
2026.01.23 18:33:24.508["Set 'CXDAQFEE:top_cxsol01.Top' as TEST sub-detector type"]
2026.01.23 18:33:24.540["Started Monitoring TOP 'CXDAQFEE:top_cxsol01.Top' (154 registers)"]
2026.01.23 18:33:24.743["CXDAQFEE:top_cxsol01.Top.Registers_TOP.board_id"]["3BD6"]["28A6040D"]
