2026.01.20 11:05:32.274["****************  Running Post Install Scripts - Recipes  ****************"]
2026.01.20 11:05:32.275["****************  Running Post Install Scripts - Recipes  - Cleaning up default settings dps ****************"]
2026.01.20 11:05:32.275["****************  Running Post Install Scripts - Recipes  - Fixing Recipes ****************"]
2026.01.20 11:05:32.296["****************  Running Post Install Scripts - Recipes  - Clearing Subscriptions ****************"]
2026.01.20 11:05:32.296["****************  Running Post Install Scripts - Recipes  - Reapplying default settings (SODIN) ****************"]
2026.01.20 11:05:32.296["****************  Running Post Install Scripts - Recipes  - Reapplying default settings (SOL40) ****************"]
2026.01.20 11:05:32.296["************  Finished Running Post Install Scripts - Recipes  ************"]
2026.01.20 11:19:10.821["CXDAQFEE:top_cxsol01.Top"]
2026.01.20 11:19:10.821["Starting monitoring for CXDAQFEE:top_cxsol01.Top"]
2026.01.20 11:19:10.823["Restarting monitoring for 'CXDAQFEE:top_cxsol01.Top'"]
2026.01.20 11:19:10.823["Set 'CXDAQFEE:top_cxsol01.Top' as TEST sub-detector type"]
2026.01.20 11:19:10.824["Set 'CXDAQFEE:top_cxsol01.Top' as TEST sub-detector type"]
2026.01.20 11:19:16.396["CXDAQFEE:top_cxsol01.Top.Registers_TOP.board_id"]["1BB9"]["28A6040D"]
2026.01.20 11:19:16.396["CXDAQFEE:top_cxsol01.Top.Registers_TOP.board_id"]["786C"]["28A6040D"]
2026.01.20 11:19:20.825["Restarting monitoring for 'CXDAQFEE:top_cxsol01.Top'"]
2026.01.20 11:19:20.826["Set 'CXDAQFEE:top_cxsol01.Top' as TEST sub-detector type"]
2026.01.20 11:19:21.064["CXDAQFEE:top_cxsol01.Top.Registers_TOP.board_id"]["631F"]["28A6040D"]
2026.01.20 11:26:45.507["CXDAQFEE:llitop_cxsol01.lliTop"]
2026.01.20 11:26:45.507["Starting monitoring for CXDAQFEE:llitop_cxsol01.lliTop"]
2026.01.20 11:26:45.656["Started Monitoring TOPLli 'CXDAQFEE:llitop_cxsol01.lliTop' (209 registers)"]
2026.01.20 11:28:04.905["CXDAQFEE:llitop_cxsol01.lliTop"]
2026.01.20 11:28:04.905["Starting monitoring for CXDAQFEE:llitop_cxsol01.lliTop"]
2026.01.20 11:28:05.073["Started Monitoring TOPLli 'CXDAQFEE:llitop_cxsol01.lliTop' (209 registers)"]
2026.01.23 14:10:07.600["CXDAQFEE:llitop_cxsol01.lliTop"]
2026.01.23 14:10:07.600["Starting monitoring for CXDAQFEE:llitop_cxsol01.lliTop"]
2026.01.23 14:10:07.794["Started Monitoring TOPLli 'CXDAQFEE:llitop_cxsol01.lliTop' (209 registers)"]
2026.01.23 14:24:37.804["Started Monitoring TOPLli 'CXDAQFEE:llitop_cxsol01.lliTop' (209 registers)"]
2026.01.23 14:53:06.340["CXDAQFEE:llitop_cxsol01.lliTop"]
2026.01.23 14:53:06.340["Starting monitoring for CXDAQFEE:llitop_cxsol01.lliTop"]
2026.01.23 14:54:12.474["CXDAQFEE:llitop_cxsol01.lliTop"]
2026.01.23 14:54:12.474["Starting monitoring for CXDAQFEE:llitop_cxsol01.lliTop"]
2026.01.23 14:54:12.628["Started Monitoring TOPLli 'CXDAQFEE:llitop_cxsol01.lliTop' (209 registers)"]
2026.01.23 14:54:52.530["Started Monitoring TOPLli 'CXDAQFEE:llitop_cxsol01.lliTop' (209 registers)"]
2026.01.23 15:14:12.735["Started Monitoring TOPLli 'CXDAQFEE:llitop_cxsol01.lliTop' (209 registers)"]
2026.01.23 15:16:12.760["Started Monitoring TOPLli 'CXDAQFEE:llitop_cxsol01.lliTop' (209 registers)"]
2026.01.23 18:33:24.628["Started Monitoring TOPLli 'CXDAQFEE:llitop_cxsol01.lliTop' (209 registers)"]
