2026.01.20 11:01:13.470["CXDAQFEE:DistributedControl: DistributedControl initialisation successfully done"]
2026.01.20 11:01:13.470["CXDAQFEE:DistributedControl: unDistributedControl version 9.3.0 loaded"]
2026.01.20 11:06:25.131["fwFsmSrv: Starting up"]
2026.01.20 11:06:25.138["System Name: CXDAQFEE: System Number: 1421 - FwFsm: version is 3503"]
2026.01.20 11:07:30.433["fwFsmSrv: Starting up"]
2026.01.20 11:07:30.439["System Name: CXDAQFEE: System Number: 1421 - FwFsm: version is 3503"]
2026.01.20 11:19:09.831["fwFsmSrv: Starting up"]
2026.01.20 11:19:09.837["System Name: CXDAQFEE: System Number: 1421 - FwFsm: version is 3503"]
["Tue 20 Jan 2026 11:22:06 AM CET DIM_DNS_NODE = cxecs01"]
2026.01.20 11:22:07.079["WCCOAsmi started"]
["Tue 20 Jan 2026 11:22:07 AM CET fwFSMSrvr executing FwStopAllDomains From: CXDAQFEE:Manager1(lgranado@cxecs01)"]
2026.01.20 11:22:10.140["WCCOAsmi stopped"]
["Tue 20 Jan 2026 11:22:27 AM CET fwFSMSrvr executing FwCreateObject - FwDevMajority From: CXDAQFEE:Manager1(lgranado@cxecs01)"]
["Tue 20 Jan 2026 11:22:27 AM CET FwDevMajority - Object Type Created"]
["Tue 20 Jan 2026 11:22:27 AM CET fwFSMSrvr executing FwCreateObject - FwDevMode From: CXDAQFEE:Manager1(lgranado@cxecs01)"]
["Tue 20 Jan 2026 11:22:27 AM CET FwDevMode - Object Type Created"]
["Tue 20 Jan 2026 11:22:27 AM CET fwFSMSrvr executing FwCreateObject - FwFSMConfDBDUT From: CXDAQFEE:Manager1(lgranado@cxecs01)"]
["Tue 20 Jan 2026 11:22:27 AM CET FwFSMConfDBDUT - Object Type Created"]
["Tue 20 Jan 2026 11:22:27 AM CET fwFSMSrvr executing FwCreateObject - GbtFastStepRun_DU From: CXDAQFEE:Manager1(lgranado@cxecs01)"]
["Tue 20 Jan 2026 11:22:27 AM CET GbtFastStepRun_DU - Object Type Created"]
["Tue 20 Jan 2026 11:22:28 AM CET fwFSMSrvr executing FwCreateObject - HwTypeGBTPRBS_DU From: CXDAQFEE:Manager1(lgranado@cxecs01)"]
["Tue 20 Jan 2026 11:22:28 AM CET HwTypeGBTPRBS_DU - Object Type Created"]
["Tue 20 Jan 2026 11:22:28 AM CET fwFSMSrvr executing FwCreateObject - HwTypeGBTQ_SOL40_DU From: CXDAQFEE:Manager1(lgranado@cxecs01)"]
["Tue 20 Jan 2026 11:22:28 AM CET HwTypeGBTQ_SOL40_DU - Object Type Created"]
["Tue 20 Jan 2026 11:22:28 AM CET fwFSMSrvr executing FwCreateObject - HwTypeGENERICQ_SODIN_DU From: CXDAQFEE:Manager1(lgranado@cxecs01)"]
["Tue 20 Jan 2026 11:22:28 AM CET HwTypeGENERICQ_SODIN_DU - Object Type Created"]
["Tue 20 Jan 2026 11:22:28 AM CET fwFSMSrvr executing FwCreateObject - HwTypeGENERICTOPFrontEnd_DU From: CXDAQFEE:Manager1(lgranado@cxecs01)"]
["Tue 20 Jan 2026 11:22:28 AM CET HwTypeGENERICTOPFrontEnd_DU - Object Type Created"]
["Tue 20 Jan 2026 11:22:29 AM CET fwFSMSrvr executing FwCreateObject - FwChildMode From: CXDAQFEE:Manager1(lgranado@cxecs01)"]
["Tue 20 Jan 2026 11:22:29 AM CET FwChildMode - Object Type Created"]
["Tue 20 Jan 2026 11:22:29 AM CET fwFSMSrvr executing FwCreateObject - FwChildrenMode From: CXDAQFEE:Manager1(lgranado@cxecs01)"]
["Tue 20 Jan 2026 11:22:29 AM CET FwChildrenMode - Object Type Created"]
["Tue 20 Jan 2026 11:22:29 AM CET fwFSMSrvr executing FwCreateObject - FwMode From: CXDAQFEE:Manager1(lgranado@cxecs01)"]
["Tue 20 Jan 2026 11:22:29 AM CET FwMode - Object Type Created"]
["Tue 20 Jan 2026 11:22:30 AM CET fwFSMSrvr executing FwCreateObject - SODINType From: CXDAQFEE:Manager1(lgranado@cxecs01)"]
["Tue 20 Jan 2026 11:22:30 AM CET SODINType - Object Type Created"]
["Tue 20 Jan 2026 11:22:30 AM CET fwFSMSrvr executing FwCreateObject - STFCType From: CXDAQFEE:Manager1(lgranado@cxecs01)"]
["Tue 20 Jan 2026 11:22:30 AM CET STFCType - Object Type Created"]
["Tue 20 Jan 2026 11:22:30 AM CET fwFSMSrvr executing FwCreateObject - TFCTop From: CXDAQFEE:Manager1(lgranado@cxecs01)"]
["Tue 20 Jan 2026 11:22:30 AM CET TFCTop - Object Type Created"]
["Tue 20 Jan 2026 11:22:30 AM CET fwFSMSrvr executing FwDeleteScripts - TELL40 From: CXDAQFEE:Manager1(lgranado@cxecs01)"]
["Tue 20 Jan 2026 11:22:30 AM CET TELL40 - Object Scripts deleted"]
["Tue 20 Jan 2026 11:22:30 AM CET fwFSMSrvr executing FwCreateDomain - TELL40 From: CXDAQFEE:Manager1(lgranado@cxecs01)"]
["File not found: smi/DAQ_Domain_v2.fsm"]
rm: cannot remove '/opt/winccoa_projects/CXDAQFEE/smi/TELL40.sobj': No such file or directory
["TELL40 - Warning(s) Translating SML code in: /opt/winccoa_projects/CXDAQFEE/smi/TELL40.sml"]
["
=== SEVERE WARNING ============================================================
 line 2:  object: TELL40 is_of_class TOP_DAQ_Domain_v2_CLASS
  class TOP_DAQ_DOMAIN_V2_CLASS is not declared 
"]
["Tue 20 Jan 2026 11:22:31 AM CET TELL40 - Domain Created"]
["Tue 20 Jan 2026 11:22:31 AM CET fwFSMSrvr executing FwDeleteScripts - FEE From: CXDAQFEE:Manager1(lgranado@cxecs01)"]
["Tue 20 Jan 2026 11:22:31 AM CET FEE - Object Scripts deleted"]
["Tue 20 Jan 2026 11:22:31 AM CET fwFSMSrvr executing FwCreateScripts - FEE From: CXDAQFEE:Manager1(lgranado@cxecs01)"]
["Tue 20 Jan 2026 11:22:31 AM CET FEE - Object Scripts for Type HwTypeGENERICTOPFrontEnd_DU Created"]
["Tue 20 Jan 2026 11:22:31 AM CET fwFSMSrvr executing FwCreateScripts - FEE From: CXDAQFEE:Manager1(lgranado@cxecs01)"]
["Tue 20 Jan 2026 11:22:31 AM CET FEE - Object Scripts for Type FwDevMode Created"]
["Tue 20 Jan 2026 11:22:31 AM CET fwFSMSrvr executing FwCreateDomain - FEE From: CXDAQFEE:Manager1(lgranado@cxecs01)"]
["File not found: smi/DAQ_Domain_v2.fsm"]
rm: cannot remove '/opt/winccoa_projects/CXDAQFEE/smi/FEE.sobj': No such file or directory
["FEE - Warning(s) Translating SML code in: /opt/winccoa_projects/CXDAQFEE/smi/FEE.sml"]
["
=== SEVERE WARNING ============================================================
 line 2:  object: FEE is_of_class TOP_DAQ_Domain_v2_CLASS
  class TOP_DAQ_DOMAIN_V2_CLASS is not declared 
"]
["Tue 20 Jan 2026 11:22:31 AM CET FEE - Domain Created"]
["Tue 20 Jan 2026 11:22:31 AM CET fwFSMSrvr executing FwDeleteScripts - DAQ From: CXDAQFEE:Manager1(lgranado@cxecs01)"]
["Tue 20 Jan 2026 11:22:31 AM CET DAQ - Object Scripts deleted"]
["Tue 20 Jan 2026 11:22:31 AM CET fwFSMSrvr executing FwCreateDomain - DAQ From: CXDAQFEE:Manager1(lgranado@cxecs01)"]
["File not found: smi/DAQ_Domain_v2.fsm"]
["File not found: smi/DAQ_Domain_v2.fsm"]
["File not found: smi/DAQ_Domain_v2.fsm"]
["File not found: smi/DAQ_Domain_v2.inc"]
rm: cannot remove '/opt/winccoa_projects/CXDAQFEE/smi/DAQ.sobj': No such file or directory
["DAQ - Warning(s) Translating SML code in: /opt/winccoa_projects/CXDAQFEE/smi/DAQ.sml"]
["
=== SEVERE WARNING ============================================================
 line 2:  object: DAQ is_of_class TOP_DAQ_Domain_v2_CLASS
  class TOP_DAQ_DOMAIN_V2_CLASS is not declared 

=== SEVERE WARNING ============================================================
 line 913:  object: FEE::FEE is_of_class ASS_DAQ_Domain_v2_CLASS
  class ASS_DAQ_DOMAIN_V2_CLASS is not declared 

=== SEVERE WARNING ============================================================
 line 915:  object: TELL40::TELL40 is_of_class ASS_DAQ_Domain_v2_CLASS
  class ASS_DAQ_DOMAIN_V2_CLASS is not declared 
"]
["Tue 20 Jan 2026 11:22:31 AM CET DAQ - Domain Created"]
["Tue 20 Jan 2026 11:22:31 AM CET fwFSMSrvr executing FwDeleteScripts - DATAFLOW From: CXDAQFEE:Manager1(lgranado@cxecs01)"]
["Tue 20 Jan 2026 11:22:31 AM CET DATAFLOW - Object Scripts deleted"]
["Tue 20 Jan 2026 11:22:31 AM CET fwFSMSrvr executing FwCreateDomain - DATAFLOW From: CXDAQFEE:Manager1(lgranado@cxecs01)"]
["File not found: smi/DATAFLOWTop.fsm"]
rm: cannot remove '/opt/winccoa_projects/CXDAQFEE/smi/DATAFLOW.sobj': No such file or directory
["DATAFLOW - Warning(s) Translating SML code in: /opt/winccoa_projects/CXDAQFEE/smi/DATAFLOW.sml"]
["
=== SEVERE WARNING ============================================================
 line 2:  object: DATAFLOW is_of_class TOP_DATAFLOWTop_CLASS
  class TOP_DATAFLOWTOP_CLASS is not declared 
"]
["Tue 20 Jan 2026 11:22:32 AM CET DATAFLOW - Domain Created"]
["Tue 20 Jan 2026 11:22:32 AM CET fwFSMSrvr executing FwDeleteScripts - SODIN From: CXDAQFEE:Manager1(lgranado@cxecs01)"]
["Tue 20 Jan 2026 11:22:32 AM CET SODIN - Object Scripts deleted"]
["Tue 20 Jan 2026 11:22:32 AM CET fwFSMSrvr executing FwCreateDomain - SODIN From: CXDAQFEE:Manager1(lgranado@cxecs01)"]
rm: cannot remove '/opt/winccoa_projects/CXDAQFEE/smi/SODIN.sobj': No such file or directory
["Tue 20 Jan 2026 11:22:32 AM CET SODIN - Domain Created"]
["Tue 20 Jan 2026 11:22:32 AM CET fwFSMSrvr executing FwDeleteScripts - SOL40 From: CXDAQFEE:Manager1(lgranado@cxecs01)"]
["Tue 20 Jan 2026 11:22:32 AM CET SOL40 - Object Scripts deleted"]
["Tue 20 Jan 2026 11:22:32 AM CET fwFSMSrvr executing FwCreateScripts - SOL40 From: CXDAQFEE:Manager1(lgranado@cxecs01)"]
["Tue 20 Jan 2026 11:22:32 AM CET SOL40 - Object Scripts for Type HwTypeGBTQ_SOL40_DU Created"]
["Tue 20 Jan 2026 11:22:32 AM CET fwFSMSrvr executing FwCreateScripts - SOL40 From: CXDAQFEE:Manager1(lgranado@cxecs01)"]
["Tue 20 Jan 2026 11:22:32 AM CET SOL40 - Object Scripts for Type FwDevMode Created"]
["Tue 20 Jan 2026 11:22:34 AM CET fwFSMSrvr executing FwCreateDomain - SOL40 From: CXDAQFEE:Manager1(lgranado@cxecs01)"]
rm: cannot remove '/opt/winccoa_projects/CXDAQFEE/smi/SOL40.sobj': No such file or directory
["Tue 20 Jan 2026 11:22:34 AM CET SOL40 - Domain Created"]
["Tue 20 Jan 2026 11:22:34 AM CET fwFSMSrvr executing FwDeleteScripts - TFC From: CXDAQFEE:Manager1(lgranado@cxecs01)"]
["Tue 20 Jan 2026 11:22:34 AM CET TFC - Object Scripts deleted"]
["Tue 20 Jan 2026 11:22:34 AM CET fwFSMSrvr executing FwCreateDomain - TFC From: CXDAQFEE:Manager1(lgranado@cxecs01)"]
rm: cannot remove '/opt/winccoa_projects/CXDAQFEE/smi/TFC.sobj': No such file or directory
["Tue 20 Jan 2026 11:22:35 AM CET TFC - Domain Created"]
["Tue 20 Jan 2026 11:22:35 AM CET fwFSMSrvr executing FwDeleteScripts - MiniDAQ From: CXDAQFEE:Manager1(lgranado@cxecs01)"]
["Tue 20 Jan 2026 11:22:35 AM CET MiniDAQ - Object Scripts deleted"]
["Tue 20 Jan 2026 11:22:35 AM CET fwFSMSrvr executing FwCreateScripts - MiniDAQ From: CXDAQFEE:Manager1(lgranado@cxecs01)"]
["Tue 20 Jan 2026 11:22:35 AM CET MiniDAQ - Object Scripts for Type FwDevMode Created"]
["Tue 20 Jan 2026 11:22:35 AM CET fwFSMSrvr executing FwCreateDomain - MiniDAQ From: CXDAQFEE:Manager1(lgranado@cxecs01)"]
["File not found: smi/DAQ_Domain_v2.fsm"]
["File not found: smi/DATAFLOWTop.fsm"]
["File not found: smi/MiniDAQTop.fsm"]
["File not found: smi/RunInfo.fsm"]
["File not found: smi/DAQ_Domain_v2.inc"]
["File not found: smi/DATAFLOWTop.inc"]
rm: cannot remove '/opt/winccoa_projects/CXDAQFEE/smi/MiniDAQ.sobj': No such file or directory
["MiniDAQ - Warning(s) Translating SML code in: /opt/winccoa_projects/CXDAQFEE/smi/MiniDAQ.sml"]
["
=== SEVERE WARNING ============================================================
 line 1073:  object: DAQ::DAQ is_of_class ASS_DAQ_Domain_v2_CLASS
  class ASS_DAQ_DOMAIN_V2_CLASS is not declared 

=== SEVERE WARNING ============================================================
 line 1278:  object: DATAFLOW::DATAFLOW is_of_class ASS_DATAFLOWTop_CLASS
  class ASS_DATAFLOWTOP_CLASS is not declared 

=== SEVERE WARNING ============================================================
 line 1284:  object: MiniDAQ is_of_class TOP_MiniDAQTop_CLASS
  class TOP_MINIDAQTOP_CLASS is not declared 

=== SEVERE WARNING ============================================================
 line 1288:  object: MiniDAQ_RunInfo is_of_class RunInfo_CLASS
  class RUNINFO_CLASS is not declared 

=== SEVERE WARNING ============================================================
 line 1290:  objectset: RUNINFO_FWSETSTATES is_of_class VOID {MiniDAQ_RunInfo }
 Object MINIDAQ_RUNINFO is not declared 

=== SEVERE WARNING ============================================================
 line 1291:  objectset: RUNINFO_FWSETACTIONS is_of_class VOID {MiniDAQ_RunInfo }
 Object MINIDAQ_RUNINFO is not declared 
"]
["Tue 20 Jan 2026 11:22:35 AM CET MiniDAQ - Domain Created"]
["Tue 20 Jan 2026 11:22:40 AM CET fwFSMSrvr executing FwRestartAllDomains From: CXDAQFEE:Manager1(lgranado@cxecs01)"]
["Tue 20 Jan 2026 11:22:40 AM CET DIM_DNS_NODE = cxecs01"]
2026.01.20 11:22:41.353["WCCOAsmi started"]
2026.01.20 11:22:41.356["Start Domain - Connecting child state"]["MiniDAQ"]["DAQ::DAQ_FWM"]
2026.01.20 11:22:41.357["Start Domain - Connecting child state"]["DAQ"]["TELL40::TELL40_FWM"]
2026.01.20 11:22:41.414["Start Domain - Connecting child state"]["DAQ"]["FEE::FEE_FWM"]
2026.01.20 11:22:41.527["Start Domain - Connecting child state"]["MiniDAQ"]["DATAFLOW::DATAFLOW_FWM"]
2026.01.20 11:22:41.584["Start Domain - Connecting child state"]["MiniDAQ"]["TFC::TFC_FWM"]
2026.01.20 11:22:41.587["Start Domain - Connecting child state"]["TFC"]["SODIN::SODIN_FWM"]
2026.01.20 11:22:41.643["Start Domain - Connecting child state"]["TFC"]["SOL40::SOL40_FWM"]
2026.01.20 11:22:42.090["************ Domain Stopped"]["DATAFLOW"]["DEAD"]
2026.01.20 11:22:42.090["************ Domain Stopped"]["FEE"]["DEAD"]
2026.01.20 11:22:42.090["************ Domain Stopped"]["DAQ"]["DEAD"]
2026.01.20 11:22:42.090["************ Domain Running"]["TFC"]["EXCLUDED"]
2026.01.20 11:22:42.090["************ Domain Running"]["SOL40"]["EXCLUDED"]
2026.01.20 11:22:42.090["************ Domain Stopped"]["MiniDAQ"]["DEAD"]
2026.01.20 11:22:42.090["************ Domain Stopped"]["TELL40"]["DEAD"]
2026.01.20 11:22:42.090["************ Domain Running"]["SODIN"]["EXCLUDED"]
2026.01.20 11:23:41.907["++++++++++++++++ Wait_running Returned TIMEOUT"]
2026.01.20 11:23:41.907["Not Running"]["TELL40"]
2026.01.20 11:23:41.907["Not Running"]["FEE"]
2026.01.20 11:23:41.907["Not Running"]["DAQ"]
2026.01.20 11:23:41.907["Not Running"]["DATAFLOW"]
2026.01.20 11:23:41.907["Not Running"]["MiniDAQ"]
["Tue 20 Jan 2026 11:23:41 AM CET fwFSMSrvr executing FwDeleteScripts - CODEXB_SOL40 From: CXDAQFEE:Manager1(lgranado@cxecs01)"]
["Tue 20 Jan 2026 11:23:41 AM CET CODEXB_SOL40 - Object Scripts deleted"]
["Tue 20 Jan 2026 11:23:41 AM CET fwFSMSrvr executing FwCreateDomain - CODEXB_SOL40 From: CXDAQFEE:Manager1(lgranado@cxecs01)"]
rm: cannot remove '/opt/winccoa_projects/CXDAQFEE/smi/CODEXB_SOL40.sobj': No such file or directory
["Tue 20 Jan 2026 11:23:42 AM CET CODEXB_SOL40 - Domain Created"]
["Tue 20 Jan 2026 11:24:00 AM CET fwFSMSrvr executing FwDeleteDomain - CODEXB_SOL40 From: CXDAQFEE:Manager1(lgranado@cxecs01)"]
["Tue 20 Jan 2026 11:24:00 AM CET CODEXB_SOL40 - Domain Deleted"]
["Tue 20 Jan 2026 11:24:00 AM CET fwFSMSrvr executing FwDeleteScripts - CODEXB_SOL40 From: CXDAQFEE:Manager1(lgranado@cxecs01)"]
["Tue 20 Jan 2026 11:24:00 AM CET CODEXB_SOL40 - Object Scripts deleted"]
["Tue 20 Jan 2026 11:24:05 AM CET fwFSMSrvr executing FwDeleteScripts - TFC From: CXDAQFEE:Manager1(lgranado@cxecs01)"]
["Tue 20 Jan 2026 11:24:05 AM CET TFC - Object Scripts deleted"]
["Tue 20 Jan 2026 11:24:05 AM CET fwFSMSrvr executing FwCreateDomain - TFC From: CXDAQFEE:Manager1(lgranado@cxecs01)"]
["Tue 20 Jan 2026 11:24:05 AM CET TFC - Domain Created"]
2026.01.20 11:24:05.838["WCCOAsmi re-started"]
["Tue 20 Jan 2026 11:24:05 AM CET DIM_DNS_NODE = cxecs01"]
2026.01.20 11:24:06.394["WCCOAsmi started"]
["Tue 20 Jan 2026 11:24:10 AM CET fwFSMSrvr executing FwDeleteScripts - SOL40 From: CXDAQFEE:Manager1(lgranado@cxecs01)"]
["Tue 20 Jan 2026 11:24:10 AM CET SOL40 - Object Scripts deleted"]
["Tue 20 Jan 2026 11:24:11 AM CET fwFSMSrvr executing FwCreateScripts - SOL40 From: CXDAQFEE:Manager1(lgranado@cxecs01)"]
["Tue 20 Jan 2026 11:24:11 AM CET SOL40 - Object Scripts for Type HwTypeGBTQ_SOL40_DU Created"]
["Tue 20 Jan 2026 11:24:11 AM CET fwFSMSrvr executing FwCreateScripts - SOL40 From: CXDAQFEE:Manager1(lgranado@cxecs01)"]
["Tue 20 Jan 2026 11:24:11 AM CET SOL40 - Object Scripts for Type FwDevMode Created"]
["Tue 20 Jan 2026 11:24:11 AM CET fwFSMSrvr executing FwCreateDomain - SOL40 From: CXDAQFEE:Manager1(lgranado@cxecs01)"]
["Tue 20 Jan 2026 11:24:11 AM CET SOL40 - Domain Created"]
["Tue 20 Jan 2026 11:24:17 AM CET fwFSMSrvr executing FwDeleteDomain - TELL40 From: CXDAQFEE:Manager1(lgranado@cxecs01)"]
["Tue 20 Jan 2026 11:24:17 AM CET TELL40 - Domain Deleted"]
["Tue 20 Jan 2026 11:24:17 AM CET fwFSMSrvr executing FwDeleteScripts - TELL40 From: CXDAQFEE:Manager1(lgranado@cxecs01)"]
["Tue 20 Jan 2026 11:24:17 AM CET TELL40 - Object Scripts deleted"]
2026.01.20 11:24:17.669["WCCOAsmi re-started"]
["Tue 20 Jan 2026 11:24:17 AM CET DIM_DNS_NODE = cxecs01"]
["Tue 20 Jan 2026 11:24:17 AM CET fwFSMSrvr executing FwDeleteDomain - FEE From: CXDAQFEE:Manager1(lgranado@cxecs01)"]
["Tue 20 Jan 2026 11:24:17 AM CET FEE - Domain Deleted"]
["Tue 20 Jan 2026 11:24:17 AM CET fwFSMSrvr executing FwDeleteScripts - FEE From: CXDAQFEE:Manager1(lgranado@cxecs01)"]
["Tue 20 Jan 2026 11:24:17 AM CET FEE - Object Scripts deleted"]
["Tue 20 Jan 2026 11:24:18 AM CET fwFSMSrvr executing FwDeleteDomain - DAQ From: CXDAQFEE:Manager1(lgranado@cxecs01)"]
["Tue 20 Jan 2026 11:24:18 AM CET DAQ - Domain Deleted"]
2026.01.20 11:24:18.182["WCCOAsmi started"]
["Tue 20 Jan 2026 11:24:18 AM CET fwFSMSrvr executing FwDeleteScripts - DAQ From: CXDAQFEE:Manager1(lgranado@cxecs01)"]
["Tue 20 Jan 2026 11:24:18 AM CET DAQ - Object Scripts deleted"]
2026.01.20 11:24:18.375["WCCOAsmi re-started"]
["Tue 20 Jan 2026 11:24:18 AM CET DIM_DNS_NODE = cxecs01"]
["Tue 20 Jan 2026 11:24:18 AM CET fwFSMSrvr executing FwDeleteDomain - DATAFLOW From: CXDAQFEE:Manager1(lgranado@cxecs01)"]
["Tue 20 Jan 2026 11:24:18 AM CET DATAFLOW - Domain Deleted"]
["Tue 20 Jan 2026 11:24:18 AM CET fwFSMSrvr executing FwDeleteScripts - DATAFLOW From: CXDAQFEE:Manager1(lgranado@cxecs01)"]
["Tue 20 Jan 2026 11:24:18 AM CET DATAFLOW - Object Scripts deleted"]
["Tue 20 Jan 2026 11:24:18 AM CET fwFSMSrvr executing FwDeleteDomain - SODIN From: CXDAQFEE:Manager1(lgranado@cxecs01)"]
["Tue 20 Jan 2026 11:24:18 AM CET SODIN - Domain Deleted"]
2026.01.20 11:24:18.885["WCCOAsmi started"]
["Tue 20 Jan 2026 11:24:18 AM CET fwFSMSrvr executing FwDeleteScripts - SODIN From: CXDAQFEE:Manager1(lgranado@cxecs01)"]
["Tue 20 Jan 2026 11:24:18 AM CET SODIN - Object Scripts deleted"]
2026.01.20 11:24:19.005["WCCOAsmi re-started"]
["Tue 20 Jan 2026 11:24:19 AM CET DIM_DNS_NODE = cxecs01"]
["Tue 20 Jan 2026 11:24:19 AM CET fwFSMSrvr executing FwDeleteDomain - TFC From: CXDAQFEE:Manager1(lgranado@cxecs01)"]
["Tue 20 Jan 2026 11:24:19 AM CET TFC - Domain Deleted"]
["Tue 20 Jan 2026 11:24:19 AM CET fwFSMSrvr executing FwDeleteScripts - TFC From: CXDAQFEE:Manager1(lgranado@cxecs01)"]
["Tue 20 Jan 2026 11:24:19 AM CET TFC - Object Scripts deleted"]
["Tue 20 Jan 2026 11:24:19 AM CET fwFSMSrvr executing FwDeleteDomain - MiniDAQ From: CXDAQFEE:Manager1(lgranado@cxecs01)"]
["Tue 20 Jan 2026 11:24:19 AM CET MiniDAQ - Domain Deleted"]
2026.01.20 11:24:19.561["WCCOAsmi started"]
["Tue 20 Jan 2026 11:24:19 AM CET fwFSMSrvr executing FwDeleteScripts - MiniDAQ From: CXDAQFEE:Manager1(lgranado@cxecs01)"]
["Tue 20 Jan 2026 11:24:19 AM CET MiniDAQ - Object Scripts deleted"]
2026.01.20 11:24:19.709["WCCOAsmi re-started"]
["Tue 20 Jan 2026 11:24:19 AM CET DIM_DNS_NODE = cxecs01"]
2026.01.20 11:24:20.241["WCCOAsmi started"]
["Tue 20 Jan 2026 11:24:33 AM CET fwFSMSrvr executing FwDeleteDomain - SOL40 From: CXDAQFEE:Manager1(lgranado@cxecs01)"]
["Tue 20 Jan 2026 11:24:33 AM CET SOL40 - Domain Deleted"]
2026.01.20 11:24:33.883["WCCOAsmi re-started"]
["Tue 20 Jan 2026 11:24:33 AM CET fwFSMSrvr executing FwDeleteScripts - SOL40 From: CXDAQFEE:Manager1(lgranado@cxecs01)"]
["Tue 20 Jan 2026 11:24:33 AM CET SOL40 - Object Scripts deleted"]
["Tue 20 Jan 2026 11:24:33 AM CET DIM_DNS_NODE = cxecs01"]
2026.01.20 11:24:34.439["WCCOAsmi started"]
["Tue 20 Jan 2026 11:24:34 AM CET fwFSMSrvr executing FwDeleteScripts - CODEXB_SOL40 From: CXDAQFEE:Manager1(lgranado@cxecs01)"]
["Tue 20 Jan 2026 11:24:34 AM CET CODEXB_SOL40 - Object Scripts deleted"]
["Tue 20 Jan 2026 11:24:34 AM CET fwFSMSrvr executing FwCreateScripts - CODEXB_SOL40 From: CXDAQFEE:Manager1(lgranado@cxecs01)"]
["Tue 20 Jan 2026 11:24:34 AM CET CODEXB_SOL40 - Object Scripts for Type HwTypeGBTQ_SOL40_DU Created"]
["Tue 20 Jan 2026 11:24:34 AM CET fwFSMSrvr executing FwCreateScripts - CODEXB_SOL40 From: CXDAQFEE:Manager1(lgranado@cxecs01)"]
["Tue 20 Jan 2026 11:24:34 AM CET CODEXB_SOL40 - Object Scripts for Type FwDevMode Created"]
["Tue 20 Jan 2026 11:24:34 AM CET fwFSMSrvr executing FwCreateDomain - CODEXB_SOL40 From: CXDAQFEE:Manager1(lgranado@cxecs01)"]
["Tue 20 Jan 2026 11:24:34 AM CET CODEXB_SOL40 - Domain Created"]
["Tue 20 Jan 2026 11:24:45 AM CET fwFSMSrvr executing FwCreateObject - FwDevMajority From: CXDAQFEE:Manager1(lgranado@cxecs01)"]
["Tue 20 Jan 2026 11:24:45 AM CET FwDevMajority - Object Type Created"]
["Tue 20 Jan 2026 11:24:45 AM CET fwFSMSrvr executing FwCreateObject - FwDevMode From: CXDAQFEE:Manager1(lgranado@cxecs01)"]
["Tue 20 Jan 2026 11:24:45 AM CET FwDevMode - Object Type Created"]
["Tue 20 Jan 2026 11:24:46 AM CET fwFSMSrvr executing FwCreateObject - FwFSMConfDBDUT From: CXDAQFEE:Manager1(lgranado@cxecs01)"]
["Tue 20 Jan 2026 11:24:46 AM CET FwFSMConfDBDUT - Object Type Created"]
["Tue 20 Jan 2026 11:24:46 AM CET fwFSMSrvr executing FwCreateObject - GbtFastStepRun_DU From: CXDAQFEE:Manager1(lgranado@cxecs01)"]
["Tue 20 Jan 2026 11:24:46 AM CET GbtFastStepRun_DU - Object Type Created"]
["Tue 20 Jan 2026 11:24:46 AM CET fwFSMSrvr executing FwCreateObject - HwTypeGBTPRBS_DU From: CXDAQFEE:Manager1(lgranado@cxecs01)"]
["Tue 20 Jan 2026 11:24:46 AM CET HwTypeGBTPRBS_DU - Object Type Created"]
["Tue 20 Jan 2026 11:24:46 AM CET fwFSMSrvr executing FwCreateObject - HwTypeGBTQ_SOL40_DU From: CXDAQFEE:Manager1(lgranado@cxecs01)"]
["Tue 20 Jan 2026 11:24:46 AM CET HwTypeGBTQ_SOL40_DU - Object Type Created"]
["Tue 20 Jan 2026 11:24:46 AM CET fwFSMSrvr executing FwCreateObject - HwTypeGENERICQ_SODIN_DU From: CXDAQFEE:Manager1(lgranado@cxecs01)"]
["Tue 20 Jan 2026 11:24:47 AM CET HwTypeGENERICQ_SODIN_DU - Object Type Created"]
["Tue 20 Jan 2026 11:24:47 AM CET fwFSMSrvr executing FwCreateObject - HwTypeGENERICTOPFrontEnd_DU From: CXDAQFEE:Manager1(lgranado@cxecs01)"]
["Tue 20 Jan 2026 11:24:47 AM CET HwTypeGENERICTOPFrontEnd_DU - Object Type Created"]
["Tue 20 Jan 2026 11:24:47 AM CET fwFSMSrvr executing FwCreateObject - FwChildMode From: CXDAQFEE:Manager1(lgranado@cxecs01)"]
["Tue 20 Jan 2026 11:24:47 AM CET FwChildMode - Object Type Created"]
["Tue 20 Jan 2026 11:24:47 AM CET fwFSMSrvr executing FwCreateObject - FwChildrenMode From: CXDAQFEE:Manager1(lgranado@cxecs01)"]
["Tue 20 Jan 2026 11:24:47 AM CET FwChildrenMode - Object Type Created"]
["Tue 20 Jan 2026 11:24:48 AM CET fwFSMSrvr executing FwCreateObject - FwMode From: CXDAQFEE:Manager1(lgranado@cxecs01)"]
["Tue 20 Jan 2026 11:24:48 AM CET FwMode - Object Type Created"]
["Tue 20 Jan 2026 11:24:48 AM CET fwFSMSrvr executing FwCreateObject - SODINType From: CXDAQFEE:Manager1(lgranado@cxecs01)"]
["Tue 20 Jan 2026 11:24:48 AM CET SODINType - Object Type Created"]
["Tue 20 Jan 2026 11:24:48 AM CET fwFSMSrvr executing FwCreateObject - STFCType From: CXDAQFEE:Manager1(lgranado@cxecs01)"]
["Tue 20 Jan 2026 11:24:48 AM CET STFCType - Object Type Created"]
["Tue 20 Jan 2026 11:24:48 AM CET fwFSMSrvr executing FwCreateObject - TFCTop From: CXDAQFEE:Manager1(lgranado@cxecs01)"]
["Tue 20 Jan 2026 11:24:48 AM CET TFCTop - Object Type Created"]
["Tue 20 Jan 2026 11:24:49 AM CET fwFSMSrvr executing FwDeleteScripts - CODEXB_SOL40 From: CXDAQFEE:Manager1(lgranado@cxecs01)"]
["Tue 20 Jan 2026 11:24:49 AM CET CODEXB_SOL40 - Object Scripts deleted"]
["Tue 20 Jan 2026 11:24:49 AM CET fwFSMSrvr executing FwCreateScripts - CODEXB_SOL40 From: CXDAQFEE:Manager1(lgranado@cxecs01)"]
["Tue 20 Jan 2026 11:24:49 AM CET CODEXB_SOL40 - Object Scripts for Type HwTypeGBTQ_SOL40_DU Created"]
["Tue 20 Jan 2026 11:24:49 AM CET fwFSMSrvr executing FwCreateScripts - CODEXB_SOL40 From: CXDAQFEE:Manager1(lgranado@cxecs01)"]
["Tue 20 Jan 2026 11:24:49 AM CET CODEXB_SOL40 - Object Scripts for Type FwDevMode Created"]
["Tue 20 Jan 2026 11:24:49 AM CET fwFSMSrvr executing FwCreateDomain - CODEXB_SOL40 From: CXDAQFEE:Manager1(lgranado@cxecs01)"]
["Tue 20 Jan 2026 11:24:49 AM CET CODEXB_SOL40 - Domain Created"]
["Tue 20 Jan 2026 11:24:55 AM CET fwFSMSrvr executing FwRestartAllDomains From: CXDAQFEE:Manager1(lgranado@cxecs01)"]
2026.01.20 11:24:57.631["************ Domain Running"]["CODEXB_SOL40"]["EXCLUDED"]
2026.01.20 11:28:03.967["fwFsmSrv: Starting up"]
2026.01.20 11:28:03.974["System Name: CXDAQFEE: System Number: 1421 - FwFsm: version is 3503"]
["Tue 20 Jan 2026 11:28:03 AM CET DIM_DNS_NODE = cxecs01"]
2026.01.20 11:28:04.530["WCCOAsmi started"]
2026.01.20 11:28:05.559["FwFsmSrvr: Api FSM States written."]
["Tue 20 Jan 2026 11:28:05 AM CET fwFSMSrvr executing FwRestartAllDomains From: CXDAQFEE:Manager1(lgranado@cxecs01)"]
2026.01.20 11:28:06.703["Copying /opt/winccoa_projects/CXDAQFEE/log//smiSM_CODEXB_SOL40.log to /opt/winccoa_projects/CXDAQFEE/log//smiSM_CODEXB_SOL40.log.bak"]
2026.01.20 11:28:06.711["************ Domain Stopped"]["CODEXB_SOL40"]["DEAD"]
2026.01.20 11:28:07.305["************ Domain Running"]["CODEXB_SOL40"]["EXCLUDED"]
2026.01.23 14:10:06.453["fwFsmSrv: Starting up"]
2026.01.23 14:10:06.460["System Name: CXDAQFEE: System Number: 1421 - FwFsm: version is 3503"]
["Fri 23 Jan 2026 02:10:06 PM CET DIM_DNS_NODE = cxecs01"]
2026.01.23 14:10:07.016["WCCOAsmi started"]
2026.01.23 14:10:08.048["FwFsmSrvr: Api FSM States written."]
["Fri 23 Jan 2026 02:10:08 PM CET fwFSMSrvr executing FwRestartAllDomains From: CXDAQFEE:Manager1(lgranado@cxecs01)"]
2026.01.23 14:10:09.152["Copying /opt/winccoa_projects/CXDAQFEE/log//smiSM_CODEXB_SOL40.log.bak to /opt/winccoa_projects/CXDAQFEE/log//smiSM_CODEXB_SOL40.log.bak-1"]
2026.01.23 14:10:09.155["Copying /opt/winccoa_projects/CXDAQFEE/log//smiSM_CODEXB_SOL40.log to /opt/winccoa_projects/CXDAQFEE/log//smiSM_CODEXB_SOL40.log.bak"]
2026.01.23 14:10:09.163["************ Domain Stopped"]["CODEXB_SOL40"]["DEAD"]
2026.01.23 14:10:09.703["************ Domain Running"]["CODEXB_SOL40"]["EXCLUDED"]
2026.01.23 14:52:55.282["fwFsmSrv: Starting up"]
2026.01.23 14:52:55.294["System Name: CXDAQFEE: System Number: 1421 - FwFsm: version is 3503"]
["Fri 23 Jan 2026 02:52:55 PM CET DIM_DNS_NODE = cxdaqtell01"]
2026.01.23 14:52:55.851["WCCOAsmi started"]
2026.01.23 14:52:56.871["FwFsmSrvr: Api FSM States written."]
["Fri 23 Jan 2026 02:52:56 PM CET fwFSMSrvr executing FwRestartAllDomains From: CXDAQFEE:Manager1(pdurante@cxecs01)"]
2026.01.23 14:52:58.002["Copying /opt/winccoa_projects/CXDAQFEE/log//smiSM_CODEXB_SOL40.log.bak-1 to /opt/winccoa_projects/CXDAQFEE/log//smiSM_CODEXB_SOL40.log.bak-2"]
2026.01.23 14:52:58.006["Copying /opt/winccoa_projects/CXDAQFEE/log//smiSM_CODEXB_SOL40.log.bak to /opt/winccoa_projects/CXDAQFEE/log//smiSM_CODEXB_SOL40.log.bak-1"]
2026.01.23 14:52:58.009["Copying /opt/winccoa_projects/CXDAQFEE/log//smiSM_CODEXB_SOL40.log to /opt/winccoa_projects/CXDAQFEE/log//smiSM_CODEXB_SOL40.log.bak"]
2026.01.23 14:52:58.015["************ Domain Stopped"]["CODEXB_SOL40"]["DEAD"]
2026.01.23 14:52:58.603["************ Domain Running"]["CODEXB_SOL40"]["EXCLUDED"]
2026.01.23 14:54:11.423["fwFsmSrv: Starting up"]
2026.01.23 14:54:11.431["System Name: CXDAQFEE: System Number: 1421 - FwFsm: version is 3503"]
["Fri 23 Jan 2026 02:54:11 PM CET DIM_DNS_NODE = cxdaqtell01"]
2026.01.23 14:54:11.988["WCCOAsmi started"]
2026.01.23 14:54:13.013["FwFsmSrvr: Api FSM States written."]
["Fri 23 Jan 2026 02:54:13 PM CET fwFSMSrvr executing FwRestartAllDomains From: CXDAQFEE:Manager1(pdurante@cxecs01)"]
2026.01.23 14:54:14.144["Copying /opt/winccoa_projects/CXDAQFEE/log//smiSM_CODEXB_SOL40.log.bak-2 to /opt/winccoa_projects/CXDAQFEE/log//smiSM_CODEXB_SOL40.log.bak-3"]
2026.01.23 14:54:14.148["Copying /opt/winccoa_projects/CXDAQFEE/log//smiSM_CODEXB_SOL40.log.bak-1 to /opt/winccoa_projects/CXDAQFEE/log//smiSM_CODEXB_SOL40.log.bak-2"]
2026.01.23 14:54:14.151["Copying /opt/winccoa_projects/CXDAQFEE/log//smiSM_CODEXB_SOL40.log.bak to /opt/winccoa_projects/CXDAQFEE/log//smiSM_CODEXB_SOL40.log.bak-1"]
2026.01.23 14:54:14.154["Copying /opt/winccoa_projects/CXDAQFEE/log//smiSM_CODEXB_SOL40.log to /opt/winccoa_projects/CXDAQFEE/log//smiSM_CODEXB_SOL40.log.bak"]
2026.01.23 14:54:14.161["************ Domain Stopped"]["CODEXB_SOL40"]["DEAD"]
2026.01.23 14:54:14.695["************ Domain Running"]["CODEXB_SOL40"]["EXCLUDED"]
["Mon 26 Jan 2026 03:57:34 PM CET fwFSMSrvr executing FwCreateObject - FwDevMajority"]
["Mon 26 Jan 2026 03:57:34 PM CET FwDevMajority - Object Type Created"]
["Mon 26 Jan 2026 03:57:34 PM CET fwFSMSrvr executing FwCreateObject - FwDevMode"]
["Mon 26 Jan 2026 03:57:34 PM CET FwDevMode - Object Type Created"]
["Mon 26 Jan 2026 03:57:34 PM CET fwFSMSrvr executing FwCreateObject - FwFSMConfDBDUT"]
["Mon 26 Jan 2026 03:57:34 PM CET FwFSMConfDBDUT - Object Type Created"]
["Mon 26 Jan 2026 03:57:35 PM CET fwFSMSrvr executing FwCreateObject - FwFSMConfDB_DAI"]
["Mon 26 Jan 2026 03:57:35 PM CET FwFSMConfDB_DAI - Object Type Created"]
["Mon 26 Jan 2026 03:57:35 PM CET fwFSMSrvr executing FwCreateObject - FwFSMConfDB_DAQ"]
["Mon 26 Jan 2026 03:57:35 PM CET FwFSMConfDB_DAQ - Object Type Created"]
["Mon 26 Jan 2026 03:57:35 PM CET fwFSMSrvr executing FwCreateObject - FwFSMConfDB_DCS"]
["Mon 26 Jan 2026 03:57:35 PM CET FwFSMConfDB_DCS - Object Type Created"]
["Mon 26 Jan 2026 03:57:35 PM CET fwFSMSrvr executing FwCreateObject - FwFSMConfDB_HV"]
["Mon 26 Jan 2026 03:57:35 PM CET FwFSMConfDB_HV - Object Type Created"]
["Mon 26 Jan 2026 03:57:36 PM CET fwFSMSrvr executing FwCreateObject - GbtFastStepRun_DU"]
["Mon 26 Jan 2026 03:57:36 PM CET GbtFastStepRun_DU - Object Type Created"]
["Mon 26 Jan 2026 03:57:36 PM CET fwFSMSrvr executing FwCreateObject - HwTypeGBTPRBS_DU"]
["Mon 26 Jan 2026 03:57:36 PM CET HwTypeGBTPRBS_DU - Object Type Created"]
["Mon 26 Jan 2026 03:57:36 PM CET fwFSMSrvr executing FwCreateObject - HwTypeGBTQ_SOL40_DU"]
["Mon 26 Jan 2026 03:57:36 PM CET HwTypeGBTQ_SOL40_DU - Object Type Created"]
["Mon 26 Jan 2026 03:57:36 PM CET fwFSMSrvr executing FwCreateObject - HwTypeGENERICQ_SODIN_DU"]
["Mon 26 Jan 2026 03:57:36 PM CET HwTypeGENERICQ_SODIN_DU - Object Type Created"]
["Mon 26 Jan 2026 03:57:37 PM CET fwFSMSrvr executing FwCreateObject - HwTypeGENERICTOPFrontEnd_DU"]
["Mon 26 Jan 2026 03:57:37 PM CET HwTypeGENERICTOPFrontEnd_DU - Object Type Created"]
["Mon 26 Jan 2026 03:57:37 PM CET fwFSMSrvr executing FwCreateObject - DAI_Domain_v1"]
["Mon 26 Jan 2026 03:57:37 PM CET DAI_Domain_v1 - Object Type Created"]
["Mon 26 Jan 2026 03:57:37 PM CET fwFSMSrvr executing FwCreateObject - DAQ_Domain_v1"]
["Mon 26 Jan 2026 03:57:37 PM CET DAQ_Domain_v1 - Object Type Created"]
["Mon 26 Jan 2026 03:57:37 PM CET fwFSMSrvr executing FwCreateObject - DCS_Domain_v1"]
["Mon 26 Jan 2026 03:57:37 PM CET DCS_Domain_v1 - Object Type Created"]
["Mon 26 Jan 2026 03:57:37 PM CET fwFSMSrvr executing FwCreateObject - FwChildMode"]
["Mon 26 Jan 2026 03:57:38 PM CET FwChildMode - Object Type Created"]
["Mon 26 Jan 2026 03:57:38 PM CET fwFSMSrvr executing FwCreateObject - FwChildrenMode"]
["Mon 26 Jan 2026 03:57:38 PM CET FwChildrenMode - Object Type Created"]
["Mon 26 Jan 2026 03:57:38 PM CET fwFSMSrvr executing FwCreateObject - FwMode"]
["Mon 26 Jan 2026 03:57:38 PM CET FwMode - Object Type Created"]
["Mon 26 Jan 2026 03:57:38 PM CET fwFSMSrvr executing FwCreateObject - HV_Domain_v1"]
["Mon 26 Jan 2026 03:57:38 PM CET HV_Domain_v1 - Object Type Created"]
["Mon 26 Jan 2026 03:57:39 PM CET fwFSMSrvr executing FwCreateObject - SAFETY_Domain"]
["Mon 26 Jan 2026 03:57:39 PM CET SAFETY_Domain - Object Type Created"]
["Mon 26 Jan 2026 03:57:39 PM CET fwFSMSrvr executing FwCreateObject - SODINType"]
["Mon 26 Jan 2026 03:57:39 PM CET SODINType - Object Type Created"]
["Mon 26 Jan 2026 03:57:39 PM CET fwFSMSrvr executing FwCreateObject - STFCType"]
["Mon 26 Jan 2026 03:57:39 PM CET STFCType - Object Type Created"]
["Mon 26 Jan 2026 03:57:39 PM CET fwFSMSrvr executing FwCreateObject - TFCTop"]
["Mon 26 Jan 2026 03:57:39 PM CET TFCTop - Object Type Created"]
["Mon 26 Jan 2026 03:58:33 PM CET fwFSMSrvr executing FwDeleteScripts - CODEXB_FE From: CXDAQFEE:Manager1(lgranado@cxdaqtell01)"]
["Mon 26 Jan 2026 03:58:33 PM CET CODEXB_FE - Object Scripts deleted"]
["Mon 26 Jan 2026 03:58:33 PM CET fwFSMSrvr executing FwCreateDomain - CODEXB_FE From: CXDAQFEE:Manager1(lgranado@cxdaqtell01)"]
rm: cannot remove '/opt/winccoa_projects/CXDAQFEE/smi/CODEXB_FE.sobj': No such file or directory
["Mon 26 Jan 2026 03:58:33 PM CET CODEXB_FE - Domain Created"]
2026.01.26 16:27:36.206["*** User Interface killed - was owned by CXDAQFEE:Manager1 (lgranado@cxdaqtell01) *** Releasing "][dyn_string 1 items
     1: "CODEXB_SOL40"
]
["Mon 26 Jan 2026 05:23:00 PM CET fwFSMSrvr executing FwStopAllDomains From: CXDAQFEE:Manager1(lgranado@cxdaqtell01)"]
2026.01.26 17:23:01.887["************ Domain Stopped"]["CODEXB_SOL40"]["DEAD"]
2026.01.26 17:23:05.945["WCCOAsmi stopped"]
["Mon 26 Jan 2026 05:23:37 PM CET fwFSMSrvr executing FwRestartAllDomains From: CXDAQFEE:Manager1(lgranado@cxdaqtell01)"]
["Mon 26 Jan 2026 05:23:37 PM CET DIM_DNS_NODE = ecs05"]
2026.01.26 17:23:37.667["WCCOAsmi started"]
2026.01.26 17:23:37.686["Copying /opt/winccoa_projects/CXDAQFEE/log//smiSM_CODEXB_SOL40.log.bak-3 to /opt/winccoa_projects/CXDAQFEE/log//smiSM_CODEXB_SOL40.log.bak-4"]
2026.01.26 17:23:37.691["Copying /opt/winccoa_projects/CXDAQFEE/log//smiSM_CODEXB_SOL40.log.bak-2 to /opt/winccoa_projects/CXDAQFEE/log//smiSM_CODEXB_SOL40.log.bak-3"]
2026.01.26 17:23:37.692["Copying /opt/winccoa_projects/CXDAQFEE/log//smiSM_CODEXB_SOL40.log.bak-1 to /opt/winccoa_projects/CXDAQFEE/log//smiSM_CODEXB_SOL40.log.bak-2"]
2026.01.26 17:23:37.694["Copying /opt/winccoa_projects/CXDAQFEE/log//smiSM_CODEXB_SOL40.log.bak to /opt/winccoa_projects/CXDAQFEE/log//smiSM_CODEXB_SOL40.log.bak-1"]
2026.01.26 17:23:37.695["Copying /opt/winccoa_projects/CXDAQFEE/log//smiSM_CODEXB_SOL40.log to /opt/winccoa_projects/CXDAQFEE/log//smiSM_CODEXB_SOL40.log.bak"]
2026.01.26 17:23:37.704["************ Domain Stopped"]["CODEXB_SOL40"]["DEAD"]
2026.01.26 17:23:38.508["************ Domain Running"]["CODEXB_SOL40"]["EXCLUDED"]
2026.01.26 17:23:38.508["************ Domain Running"]["CODEXB_FE"]["EXCLUDED"]
["Mon 26 Jan 2026 05:38:35 PM CET fwFSMSrvr executing FwRestartDomainDevices - CODEXB_SOL40 From: CXECS:Manager1(lgranado@cxecs01)"]
["Mon 26 Jan 2026 06:10:22 PM CET fwFSMSrvr executing FwRestartDomainDevices - CODEXB_SOL40 From: CXECS:Manager1(lgranado@cxecs01)"]
["Mon 26 Jan 2026 06:12:15 PM CET fwFSMSrvr executing FwRestartDomainDevices - CODEXB_SOL40 From: CXECS:Manager1(lgranado@cxecs01)"]
["Mon 26 Jan 2026 06:22:28 PM CET fwFSMSrvr executing FwRestartDomainDevices - CODEXB_SOL40 From: CXECS:Manager1(lgranado@cxecs01)"]
["Mon 26 Jan 2026 06:28:40 PM CET fwFSMSrvr executing FwRestartDomainDevices - CODEXB_SOL40 From: CXDAQFEE:Manager1(lgranado@cxdaqtell01)"]
