2026.01.20 11:01:14.185["fwFsmSrv: Starting up"]
["Converting Reference Format to version 23"]
["Converting Tree to version 24"]
["Converting Base Type Storage"]
["Converting Enable Flags"]
["Converting LockedOut Flags"]
2026.01.20 11:01:14.190["System Name: CXDAQFEE: System Number: 1421 - FwFsm: version is 3503"]
2026.01.20 11:01:14.190["fwFsmSrvr: detected new FSM version - Generating ALL"]
2026.01.20 11:01:14.190["fwFsmTree_generateAll: Generating Device Types..."]
["Tue 20 Jan 2026 11:01:14 AM CET fwFSMSrvr executing FwCreateObject - FwDevMajority"]
2026.01.20 11:01:14.199["Creating folder"]["/opt/winccoa_projects/CXDAQFEE/smi_back"]
["Tue 20 Jan 2026 11:01:14 AM CET FwDevMajority - Object Type Created"]
["Tue 20 Jan 2026 11:01:14 AM CET fwFSMSrvr executing FwCreateObject - FwDevMode"]
["Tue 20 Jan 2026 11:01:14 AM CET FwDevMode - Object Type Created"]
["Tue 20 Jan 2026 11:01:14 AM CET fwFSMSrvr executing FwCreateObject - FwFSMConfDBDUT"]
["Tue 20 Jan 2026 11:01:14 AM CET FwFSMConfDBDUT - Object Type Created"]
2026.01.20 11:01:14.826["fwFsmTree_generateAll: Generating Object Types..."]
["Tue 20 Jan 2026 11:01:14 AM CET fwFSMSrvr executing FwCreateObject - FwChildMode"]
["Tue 20 Jan 2026 11:01:14 AM CET FwChildMode - Object Type Created"]
["Tue 20 Jan 2026 11:01:15 AM CET fwFSMSrvr executing FwCreateObject - FwChildrenMode"]
["Tue 20 Jan 2026 11:01:15 AM CET FwChildrenMode - Object Type Created"]
["Tue 20 Jan 2026 11:01:15 AM CET fwFSMSrvr executing FwCreateObject - FwMode"]
["Tue 20 Jan 2026 11:01:15 AM CET FwMode - Object Type Created"]
2026.01.20 11:01:15.588["fwFsmTree_generateAll: Generating Tree Nodes..."]
["Tue 20 Jan 2026 11:01:15 AM CET fwFsmSrvr - Generate ALL done!"]
2026.01.20 11:01:15.994["fwFsmSrv: Starting up"]
2026.01.20 11:01:15.997["System Name: CXDAQFEE: System Number: 1421 - FwFsm: version is 3503"]
2026.01.20 11:19:12.421["GbtScript: cxeb01/cxsol01 Added"]
2026.01.20 11:19:12.422["GbtScript: cxeb01/cxsol01 Connected"]
2026.01.20 11:19:12.524["GbtScript: cxeb01/cxsol01 Version: 6.5.1"]
2026.01.20 11:19:13.556["GbtScript: cxeb01/cxsol01 Configured"]
2026.01.20 11:28:04.316["GbtScript: cxeb01/cxsol01 Connected"]
2026.01.20 11:28:04.332["GbtScript: cxeb01/cxsol01 Version: 6.5.1"]
2026.01.20 11:28:06.113["GbtScript: cxeb01/cxsol01 Configured"]
2026.01.23 14:10:06.926["GbtScript: cxeb01/cxsol01 Connected"]
2026.01.23 14:10:06.939["GbtScript: cxeb01/cxsol01 Version: 6.5.1"]
2026.01.23 14:10:08.775["GbtScript: cxeb01/cxsol01 Configured"]
2026.01.23 14:24:00.684["GbtScript: cxeb01/cxsol01 Disconnected"]
2026.01.23 14:24:17.613["GbtScript: cxeb01/cxsol01 Connected"]
2026.01.23 14:24:17.715["GbtScript: cxeb01/cxsol01 Version: 6.5.1"]
2026.01.23 14:24:19.515["GbtScript: cxeb01/cxsol01 Configured"]
2026.01.23 14:53:05.929["GbtScript: cxeb01/cxsol01 Disconnected"]
2026.01.23 14:53:08.146["GbtScript: cxeb01/cxtel01 Added"]
2026.01.23 14:53:08.147["GbtScript: cxeb01/cxtel01 Connected"]
2026.01.23 14:53:08.248["GbtScript: cxeb01/cxtel01 Version: 6.5.1"]
2026.01.23 14:53:09.249["GbtScript: cxeb01/cxtel01 Configured"]
2026.01.23 14:54:11.877["GbtScript: cxeb01/cxsol01 Connected"]
2026.01.23 14:54:11.881["GbtScript: cxeb01/cxtel01 Connected"]
2026.01.23 14:54:11.882["GbtScript: cxeb01/cxsol01 Version: 6.5.1"]
2026.01.23 14:54:11.888["GbtScript: cxeb01/cxtel01 Version: 6.5.1"]
2026.01.23 14:54:12.902["GbtScript: cxeb01/cxtel01 Configured"]
2026.01.23 14:54:13.645["GbtScript: cxeb01/cxsol01 Configured"]
2026.01.23 15:13:36.627["GbtScript: cxeb01/cxsol01 Disconnected"]
2026.01.23 15:13:59.469["GbtScript: cxeb01/cxsol01 Connected"]
2026.01.23 15:13:59.571["GbtScript: cxeb01/cxsol01 Version: 6.5.1"]
2026.01.23 15:14:01.319["GbtScript: cxeb01/cxsol01 Configured"]
2026.01.23 15:15:36.383["GbtScript: cxeb01/cxsol01 Disconnected"]
2026.01.23 15:15:59.526["GbtScript: cxeb01/cxsol01 Connected"]
2026.01.23 15:16:00.329["GbtScript: cxeb01/cxsol01 Version: 6.5.1"]
2026.01.23 15:16:02.072["GbtScript: cxeb01/cxsol01 Configured"]
2026.01.23 18:32:46.317["GbtScript: cxeb01/cxsol01 Disconnected"]
2026.01.23 18:33:03.449["GbtScript: cxeb01/cxsol01 Connected"]
2026.01.23 18:33:03.550["GbtScript: cxeb01/cxsol01 Version: 7.0.0"]
2026.01.23 18:33:05.310["GbtScript: cxeb01/cxsol01 Configured"]
2026.01.27 11:16:33.313["GbtScript: cxeb01/cxtel01 Disconnected"]
