["FwHw - version is 0611"]
2026.01.26 15:55:35.991["System Name: CXDAQFEE: System Number: 1421 - FwFsm: version is 3503"]
2026.01.26 15:55:50.195["+++++++++++++ Opening Panel CODEXB_SOL40::CODEXB_SOL40"]
2026.01.26 15:55:51.099["/group/online/ecs/PVSSShortcutProjects319/GlobalProject/scripts/libs/fwTFC/fwSOL40.lctl::SOL40_getTopDp: Updating devices mapping"]
2026.01.26 15:55:51.344["en/disabling dp"]["CODEXB_SOL40"]["cxsol01/Link03"]["CXDAQFEE:CODEXB_SOL40|cxsol01/Link03"][-1]
2026.01.26 15:55:51.345["******* Disabling "]["CODEXB_SOL40"]["cxsol01/Link03"]
2026.01.26 15:55:51.346["_fwFsmUser_findL1Boards"]["LHCb"][dyn_string 0 items
]["CODEXB_SOL40"]
2026.01.26 15:55:51.346["[Module: CODEXB_SOL40 Panel: fwFSMuser/fwUi.pnl    In reference: fwTFC/fwTFC_SOL40_AllLinks.pnl Group: 55 named: \"specific\"  Script: Initialize]"]["checkFibersAssignment"]["SOL40 Link cxsol01/Link03 should probably be disabled"]
2026.01.26 15:55:51.347["en/disabling dp"]["CODEXB_SOL40"]["cxsol01/Link04"]["CXDAQFEE:CODEXB_SOL40|cxsol01/Link04"][-1]
2026.01.26 15:55:51.348["******* Disabling "]["CODEXB_SOL40"]["cxsol01/Link04"]
2026.01.26 15:55:51.349["_fwFsmUser_findL1Boards"]["LHCb"][dyn_string 0 items
]["CODEXB_SOL40"]
2026.01.26 15:55:51.349["[Module: CODEXB_SOL40 Panel: fwFSMuser/fwUi.pnl    In reference: fwTFC/fwTFC_SOL40_AllLinks.pnl Group: 55 named: \"specific\"  Script: Initialize]"]["checkFibersAssignment"]["SOL40 Link cxsol01/Link04 should probably be disabled"]
2026.01.26 15:55:51.350["en/disabling dp"]["CODEXB_SOL40"]["cxsol01/Link05"]["CXDAQFEE:CODEXB_SOL40|cxsol01/Link05"][-1]
2026.01.26 15:55:51.351["******* Disabling "]["CODEXB_SOL40"]["cxsol01/Link05"]
2026.01.26 15:55:51.351["_fwFsmUser_findL1Boards"]["LHCb"][dyn_string 0 items
]["CODEXB_SOL40"]
2026.01.26 15:55:51.352["[Module: CODEXB_SOL40 Panel: fwFSMuser/fwUi.pnl    In reference: fwTFC/fwTFC_SOL40_AllLinks.pnl Group: 55 named: \"specific\"  Script: Initialize]"]["checkFibersAssignment"]["SOL40 Link cxsol01/Link05 should probably be disabled"]
2026.01.26 15:55:51.353["en/disabling dp"]["CODEXB_SOL40"]["cxsol01/Link06"]["CXDAQFEE:CODEXB_SOL40|cxsol01/Link06"][-1]
2026.01.26 15:55:51.354["******* Disabling "]["CODEXB_SOL40"]["cxsol01/Link06"]
2026.01.26 15:55:51.355["_fwFsmUser_findL1Boards"]["LHCb"][dyn_string 0 items
]["CODEXB_SOL40"]
2026.01.26 15:55:51.355["[Module: CODEXB_SOL40 Panel: fwFSMuser/fwUi.pnl    In reference: fwTFC/fwTFC_SOL40_AllLinks.pnl Group: 55 named: \"specific\"  Script: Initialize]"]["checkFibersAssignment"]["SOL40 Link cxsol01/Link06 should probably be disabled"]
2026.01.26 15:55:51.357["en/disabling dp"]["CODEXB_SOL40"]["cxsol01/Link07"]["CXDAQFEE:CODEXB_SOL40|cxsol01/Link07"][-1]
2026.01.26 15:55:51.358["******* Disabling "]["CODEXB_SOL40"]["cxsol01/Link07"]
2026.01.26 15:55:51.359["_fwFsmUser_findL1Boards"]["LHCb"][dyn_string 0 items
]["CODEXB_SOL40"]
2026.01.26 15:55:51.359["[Module: CODEXB_SOL40 Panel: fwFSMuser/fwUi.pnl    In reference: fwTFC/fwTFC_SOL40_AllLinks.pnl Group: 55 named: \"specific\"  Script: Initialize]"]["checkFibersAssignment"]["SOL40 Link cxsol01/Link07 should probably be disabled"]
2026.01.26 15:55:51.360["en/disabling dp"]["CODEXB_SOL40"]["cxsol01/Link08"]["CXDAQFEE:CODEXB_SOL40|cxsol01/Link08"][-1]
2026.01.26 15:55:51.361["******* Disabling "]["CODEXB_SOL40"]["cxsol01/Link08"]
2026.01.26 15:55:51.361["_fwFsmUser_findL1Boards"]["LHCb"][dyn_string 0 items
]["CODEXB_SOL40"]
2026.01.26 15:55:51.362["[Module: CODEXB_SOL40 Panel: fwFSMuser/fwUi.pnl    In reference: fwTFC/fwTFC_SOL40_AllLinks.pnl Group: 55 named: \"specific\"  Script: Initialize]"]["checkFibersAssignment"]["SOL40 Link cxsol01/Link08 should probably be disabled"]
2026.01.26 15:55:51.363["en/disabling dp"]["CODEXB_SOL40"]["cxsol01/Link09"]["CXDAQFEE:CODEXB_SOL40|cxsol01/Link09"][-1]
2026.01.26 15:55:51.364["******* Disabling "]["CODEXB_SOL40"]["cxsol01/Link09"]
2026.01.26 15:55:51.364["_fwFsmUser_findL1Boards"]["LHCb"][dyn_string 0 items
]["CODEXB_SOL40"]
2026.01.26 15:55:51.364["[Module: CODEXB_SOL40 Panel: fwFSMuser/fwUi.pnl    In reference: fwTFC/fwTFC_SOL40_AllLinks.pnl Group: 55 named: \"specific\"  Script: Initialize]"]["checkFibersAssignment"]["SOL40 Link cxsol01/Link09 should probably be disabled"]
2026.01.26 15:55:51.365["en/disabling dp"]["CODEXB_SOL40"]["cxsol01/Link10"]["CXDAQFEE:CODEXB_SOL40|cxsol01/Link10"][-1]
2026.01.26 15:55:51.366["******* Disabling "]["CODEXB_SOL40"]["cxsol01/Link10"]
2026.01.26 15:55:51.367["_fwFsmUser_findL1Boards"]["LHCb"][dyn_string 0 items
]["CODEXB_SOL40"]
2026.01.26 15:55:51.367["[Module: CODEXB_SOL40 Panel: fwFSMuser/fwUi.pnl    In reference: fwTFC/fwTFC_SOL40_AllLinks.pnl Group: 55 named: \"specific\"  Script: Initialize]"]["checkFibersAssignment"]["SOL40 Link cxsol01/Link10 should probably be disabled"]
2026.01.26 15:55:51.368["en/disabling dp"]["CODEXB_SOL40"]["cxsol01/Link11"]["CXDAQFEE:CODEXB_SOL40|cxsol01/Link11"][-1]
2026.01.26 15:55:51.369["******* Disabling "]["CODEXB_SOL40"]["cxsol01/Link11"]
2026.01.26 15:55:51.369["_fwFsmUser_findL1Boards"]["LHCb"][dyn_string 0 items
]["CODEXB_SOL40"]
2026.01.26 15:55:51.370["[Module: CODEXB_SOL40 Panel: fwFSMuser/fwUi.pnl    In reference: fwTFC/fwTFC_SOL40_AllLinks.pnl Group: 55 named: \"specific\"  Script: Initialize]"]["checkFibersAssignment"]["SOL40 Link cxsol01/Link11 should probably be disabled"]
2026.01.26 15:55:51.413["en/disabling dp"]["CODEXB_SOL40"]["cxsol01/Link16"]["CXDAQFEE:CODEXB_SOL40|cxsol01/Link16"][-1]
2026.01.26 15:55:51.415["******* Disabling "]["CODEXB_SOL40"]["cxsol01/Link16"]
2026.01.26 15:55:51.415["_fwFsmUser_findL1Boards"]["LHCb"][dyn_string 0 items
]["CODEXB_SOL40"]
2026.01.26 15:55:51.416["[Module: CODEXB_SOL40 Panel: fwFSMuser/fwUi.pnl    In reference: fwTFC/fwTFC_SOL40_AllLinks.pnl Group: 55 named: \"specific\"  Script: Initialize]"]["checkFibersAssignment"]["SOL40 Link cxsol01/Link16 should probably be disabled"]
2026.01.26 15:55:51.417["en/disabling dp"]["CODEXB_SOL40"]["cxsol01/Link17"]["CXDAQFEE:CODEXB_SOL40|cxsol01/Link17"][-1]
2026.01.26 15:55:51.418["******* Disabling "]["CODEXB_SOL40"]["cxsol01/Link17"]
2026.01.26 15:55:51.419["_fwFsmUser_findL1Boards"]["LHCb"][dyn_string 0 items
]["CODEXB_SOL40"]
2026.01.26 15:55:51.419["[Module: CODEXB_SOL40 Panel: fwFSMuser/fwUi.pnl    In reference: fwTFC/fwTFC_SOL40_AllLinks.pnl Group: 55 named: \"specific\"  Script: Initialize]"]["checkFibersAssignment"]["SOL40 Link cxsol01/Link17 should probably be disabled"]
2026.01.26 15:55:51.422["en/disabling dp"]["CODEXB_SOL40"]["cxsol01/Link18"]["CXDAQFEE:CODEXB_SOL40|cxsol01/Link18"][-1]
2026.01.26 15:55:51.424["******* Disabling "]["CODEXB_SOL40"]["cxsol01/Link18"]
2026.01.26 15:55:51.424["_fwFsmUser_findL1Boards"]["LHCb"][dyn_string 0 items
]["CODEXB_SOL40"]
2026.01.26 15:55:51.425["[Module: CODEXB_SOL40 Panel: fwFSMuser/fwUi.pnl    In reference: fwTFC/fwTFC_SOL40_AllLinks.pnl Group: 55 named: \"specific\"  Script: Initialize]"]["checkFibersAssignment"]["SOL40 Link cxsol01/Link18 should probably be disabled"]
2026.01.26 15:55:51.426["en/disabling dp"]["CODEXB_SOL40"]["cxsol01/Link19"]["CXDAQFEE:CODEXB_SOL40|cxsol01/Link19"][-1]
2026.01.26 15:55:51.427["******* Disabling "]["CODEXB_SOL40"]["cxsol01/Link19"]
2026.01.26 15:55:51.428["_fwFsmUser_findL1Boards"]["LHCb"][dyn_string 0 items
]["CODEXB_SOL40"]
2026.01.26 15:55:51.428["[Module: CODEXB_SOL40 Panel: fwFSMuser/fwUi.pnl    In reference: fwTFC/fwTFC_SOL40_AllLinks.pnl Group: 55 named: \"specific\"  Script: Initialize]"]["checkFibersAssignment"]["SOL40 Link cxsol01/Link19 should probably be disabled"]
2026.01.26 15:55:51.429["en/disabling dp"]["CODEXB_SOL40"]["cxsol01/Link20"]["CXDAQFEE:CODEXB_SOL40|cxsol01/Link20"][-1]
2026.01.26 15:55:51.430["******* Disabling "]["CODEXB_SOL40"]["cxsol01/Link20"]
2026.01.26 15:55:51.430["_fwFsmUser_findL1Boards"]["LHCb"][dyn_string 0 items
]["CODEXB_SOL40"]
2026.01.26 15:55:51.430["[Module: CODEXB_SOL40 Panel: fwFSMuser/fwUi.pnl    In reference: fwTFC/fwTFC_SOL40_AllLinks.pnl Group: 55 named: \"specific\"  Script: Initialize]"]["checkFibersAssignment"]["SOL40 Link cxsol01/Link20 should probably be disabled"]
2026.01.26 15:55:51.431["en/disabling dp"]["CODEXB_SOL40"]["cxsol01/Link21"]["CXDAQFEE:CODEXB_SOL40|cxsol01/Link21"][-1]
2026.01.26 15:55:51.432["******* Disabling "]["CODEXB_SOL40"]["cxsol01/Link21"]
2026.01.26 15:55:51.433["_fwFsmUser_findL1Boards"]["LHCb"][dyn_string 0 items
]["CODEXB_SOL40"]
2026.01.26 15:55:51.433["[Module: CODEXB_SOL40 Panel: fwFSMuser/fwUi.pnl    In reference: fwTFC/fwTFC_SOL40_AllLinks.pnl Group: 55 named: \"specific\"  Script: Initialize]"]["checkFibersAssignment"]["SOL40 Link cxsol01/Link21 should probably be disabled"]
2026.01.26 15:55:51.434["en/disabling dp"]["CODEXB_SOL40"]["cxsol01/Link22"]["CXDAQFEE:CODEXB_SOL40|cxsol01/Link22"][-1]
2026.01.26 15:55:51.435["******* Disabling "]["CODEXB_SOL40"]["cxsol01/Link22"]
2026.01.26 15:55:51.435["_fwFsmUser_findL1Boards"]["LHCb"][dyn_string 0 items
]["CODEXB_SOL40"]
2026.01.26 15:55:51.435["[Module: CODEXB_SOL40 Panel: fwFSMuser/fwUi.pnl    In reference: fwTFC/fwTFC_SOL40_AllLinks.pnl Group: 55 named: \"specific\"  Script: Initialize]"]["checkFibersAssignment"]["SOL40 Link cxsol01/Link22 should probably be disabled"]
2026.01.26 15:55:51.436["en/disabling dp"]["CODEXB_SOL40"]["cxsol01/Link23"]["CXDAQFEE:CODEXB_SOL40|cxsol01/Link23"][-1]
2026.01.26 15:55:51.437["******* Disabling "]["CODEXB_SOL40"]["cxsol01/Link23"]
2026.01.26 15:55:51.438["_fwFsmUser_findL1Boards"]["LHCb"][dyn_string 0 items
]["CODEXB_SOL40"]
2026.01.26 15:55:51.438["[Module: CODEXB_SOL40 Panel: fwFSMuser/fwUi.pnl    In reference: fwTFC/fwTFC_SOL40_AllLinks.pnl Group: 55 named: \"specific\"  Script: Initialize]"]["checkFibersAssignment"]["SOL40 Link cxsol01/Link23 should probably be disabled"]
2026.01.26 15:55:51.443["en/disabling dp"]["CODEXB_SOL40"]["cxsol01/Link28"]["CXDAQFEE:CODEXB_SOL40|cxsol01/Link28"][-1]
2026.01.26 15:55:51.444["******* Disabling "]["CODEXB_SOL40"]["cxsol01/Link28"]
2026.01.26 15:55:51.445["_fwFsmUser_findL1Boards"]["LHCb"][dyn_string 0 items
]["CODEXB_SOL40"]
2026.01.26 15:55:51.445["[Module: CODEXB_SOL40 Panel: fwFSMuser/fwUi.pnl    In reference: fwTFC/fwTFC_SOL40_AllLinks.pnl Group: 55 named: \"specific\"  Script: Initialize]"]["checkFibersAssignment"]["SOL40 Link cxsol01/Link28 should probably be disabled"]
2026.01.26 15:55:51.446["en/disabling dp"]["CODEXB_SOL40"]["cxsol01/Link29"]["CXDAQFEE:CODEXB_SOL40|cxsol01/Link29"][-1]
2026.01.26 15:55:51.447["******* Disabling "]["CODEXB_SOL40"]["cxsol01/Link29"]
2026.01.26 15:55:51.448["_fwFsmUser_findL1Boards"]["LHCb"][dyn_string 0 items
]["CODEXB_SOL40"]
2026.01.26 15:55:51.448["[Module: CODEXB_SOL40 Panel: fwFSMuser/fwUi.pnl    In reference: fwTFC/fwTFC_SOL40_AllLinks.pnl Group: 55 named: \"specific\"  Script: Initialize]"]["checkFibersAssignment"]["SOL40 Link cxsol01/Link29 should probably be disabled"]
2026.01.26 15:55:51.454["en/disabling dp"]["CODEXB_SOL40"]["cxsol01/Link30"]["CXDAQFEE:CODEXB_SOL40|cxsol01/Link30"][-1]
2026.01.26 15:55:51.455["******* Disabling "]["CODEXB_SOL40"]["cxsol01/Link30"]
2026.01.26 15:55:51.456["_fwFsmUser_findL1Boards"]["LHCb"][dyn_string 0 items
]["CODEXB_SOL40"]
2026.01.26 15:55:51.456["[Module: CODEXB_SOL40 Panel: fwFSMuser/fwUi.pnl    In reference: fwTFC/fwTFC_SOL40_AllLinks.pnl Group: 55 named: \"specific\"  Script: Initialize]"]["checkFibersAssignment"]["SOL40 Link cxsol01/Link30 should probably be disabled"]
2026.01.26 15:55:51.457["en/disabling dp"]["CODEXB_SOL40"]["cxsol01/Link31"]["CXDAQFEE:CODEXB_SOL40|cxsol01/Link31"][-1]
2026.01.26 15:55:51.458["******* Disabling "]["CODEXB_SOL40"]["cxsol01/Link31"]
2026.01.26 15:55:51.458["_fwFsmUser_findL1Boards"]["LHCb"][dyn_string 0 items
]["CODEXB_SOL40"]
2026.01.26 15:55:51.459["[Module: CODEXB_SOL40 Panel: fwFSMuser/fwUi.pnl    In reference: fwTFC/fwTFC_SOL40_AllLinks.pnl Group: 55 named: \"specific\"  Script: Initialize]"]["checkFibersAssignment"]["SOL40 Link cxsol01/Link31 should probably be disabled"]
2026.01.26 15:55:51.460["en/disabling dp"]["CODEXB_SOL40"]["cxsol01/Link32"]["CXDAQFEE:CODEXB_SOL40|cxsol01/Link32"][-1]
2026.01.26 15:55:51.460["******* Disabling "]["CODEXB_SOL40"]["cxsol01/Link32"]
2026.01.26 15:55:51.461["_fwFsmUser_findL1Boards"]["LHCb"][dyn_string 0 items
]["CODEXB_SOL40"]
2026.01.26 15:55:51.461["[Module: CODEXB_SOL40 Panel: fwFSMuser/fwUi.pnl    In reference: fwTFC/fwTFC_SOL40_AllLinks.pnl Group: 55 named: \"specific\"  Script: Initialize]"]["checkFibersAssignment"]["SOL40 Link cxsol01/Link32 should probably be disabled"]
2026.01.26 15:55:51.462["en/disabling dp"]["CODEXB_SOL40"]["cxsol01/Link33"]["CXDAQFEE:CODEXB_SOL40|cxsol01/Link33"][-1]
2026.01.26 15:55:51.463["******* Disabling "]["CODEXB_SOL40"]["cxsol01/Link33"]
2026.01.26 15:55:51.464["_fwFsmUser_findL1Boards"]["LHCb"][dyn_string 0 items
]["CODEXB_SOL40"]
2026.01.26 15:55:51.464["[Module: CODEXB_SOL40 Panel: fwFSMuser/fwUi.pnl    In reference: fwTFC/fwTFC_SOL40_AllLinks.pnl Group: 55 named: \"specific\"  Script: Initialize]"]["checkFibersAssignment"]["SOL40 Link cxsol01/Link33 should probably be disabled"]
2026.01.26 15:55:51.465["en/disabling dp"]["CODEXB_SOL40"]["cxsol01/Link34"]["CXDAQFEE:CODEXB_SOL40|cxsol01/Link34"][-1]
2026.01.26 15:55:51.466["******* Disabling "]["CODEXB_SOL40"]["cxsol01/Link34"]
2026.01.26 15:55:51.466["_fwFsmUser_findL1Boards"]["LHCb"][dyn_string 0 items
]["CODEXB_SOL40"]
2026.01.26 15:55:51.466["[Module: CODEXB_SOL40 Panel: fwFSMuser/fwUi.pnl    In reference: fwTFC/fwTFC_SOL40_AllLinks.pnl Group: 55 named: \"specific\"  Script: Initialize]"]["checkFibersAssignment"]["SOL40 Link cxsol01/Link34 should probably be disabled"]
2026.01.26 15:55:51.467["en/disabling dp"]["CODEXB_SOL40"]["cxsol01/Link35"]["CXDAQFEE:CODEXB_SOL40|cxsol01/Link35"][-1]
2026.01.26 15:55:51.468["******* Disabling "]["CODEXB_SOL40"]["cxsol01/Link35"]
2026.01.26 15:55:51.469["_fwFsmUser_findL1Boards"]["LHCb"][dyn_string 0 items
]["CODEXB_SOL40"]
2026.01.26 15:55:51.469["[Module: CODEXB_SOL40 Panel: fwFSMuser/fwUi.pnl    In reference: fwTFC/fwTFC_SOL40_AllLinks.pnl Group: 55 named: \"specific\"  Script: Initialize]"]["checkFibersAssignment"]["SOL40 Link cxsol01/Link35 should probably be disabled"]
2026.01.26 15:55:51.475["en/disabling dp"]["CODEXB_SOL40"]["cxsol01/Link39"]["CXDAQFEE:CODEXB_SOL40|cxsol01/Link39"][-1]
2026.01.26 15:55:51.476["******* Disabling "]["CODEXB_SOL40"]["cxsol01/Link39"]
2026.01.26 15:55:51.476["_fwFsmUser_findL1Boards"]["LHCb"][dyn_string 0 items
]["CODEXB_SOL40"]
2026.01.26 15:55:51.477["[Module: CODEXB_SOL40 Panel: fwFSMuser/fwUi.pnl    In reference: fwTFC/fwTFC_SOL40_AllLinks.pnl Group: 55 named: \"specific\"  Script: Initialize]"]["checkFibersAssignment"]["SOL40 Link cxsol01/Link39 should probably be disabled"]
2026.01.26 15:55:51.477["en/disabling dp"]["CODEXB_SOL40"]["cxsol01/Link40"]["CXDAQFEE:CODEXB_SOL40|cxsol01/Link40"][-1]
2026.01.26 15:55:51.478["******* Disabling "]["CODEXB_SOL40"]["cxsol01/Link40"]
2026.01.26 15:55:51.479["_fwFsmUser_findL1Boards"]["LHCb"][dyn_string 0 items
]["CODEXB_SOL40"]
2026.01.26 15:55:51.479["[Module: CODEXB_SOL40 Panel: fwFSMuser/fwUi.pnl    In reference: fwTFC/fwTFC_SOL40_AllLinks.pnl Group: 55 named: \"specific\"  Script: Initialize]"]["checkFibersAssignment"]["SOL40 Link cxsol01/Link40 should probably be disabled"]
2026.01.26 15:55:51.480["en/disabling dp"]["CODEXB_SOL40"]["cxsol01/Link41"]["CXDAQFEE:CODEXB_SOL40|cxsol01/Link41"][-1]
2026.01.26 15:55:51.481["******* Disabling "]["CODEXB_SOL40"]["cxsol01/Link41"]
2026.01.26 15:55:51.481["_fwFsmUser_findL1Boards"]["LHCb"][dyn_string 0 items
]["CODEXB_SOL40"]
2026.01.26 15:55:51.481["[Module: CODEXB_SOL40 Panel: fwFSMuser/fwUi.pnl    In reference: fwTFC/fwTFC_SOL40_AllLinks.pnl Group: 55 named: \"specific\"  Script: Initialize]"]["checkFibersAssignment"]["SOL40 Link cxsol01/Link41 should probably be disabled"]
2026.01.26 15:55:51.482["en/disabling dp"]["CODEXB_SOL40"]["cxsol01/Link42"]["CXDAQFEE:CODEXB_SOL40|cxsol01/Link42"][-1]
2026.01.26 15:55:51.483["******* Disabling "]["CODEXB_SOL40"]["cxsol01/Link42"]
2026.01.26 15:55:51.483["_fwFsmUser_findL1Boards"]["LHCb"][dyn_string 0 items
]["CODEXB_SOL40"]
2026.01.26 15:55:51.484["[Module: CODEXB_SOL40 Panel: fwFSMuser/fwUi.pnl    In reference: fwTFC/fwTFC_SOL40_AllLinks.pnl Group: 55 named: \"specific\"  Script: Initialize]"]["checkFibersAssignment"]["SOL40 Link cxsol01/Link42 should probably be disabled"]
2026.01.26 15:55:51.484["en/disabling dp"]["CODEXB_SOL40"]["cxsol01/Link43"]["CXDAQFEE:CODEXB_SOL40|cxsol01/Link43"][-1]
2026.01.26 15:55:51.487["******* Disabling "]["CODEXB_SOL40"]["cxsol01/Link43"]
2026.01.26 15:55:51.488["_fwFsmUser_findL1Boards"]["LHCb"][dyn_string 0 items
]["CODEXB_SOL40"]
2026.01.26 15:55:51.488["[Module: CODEXB_SOL40 Panel: fwFSMuser/fwUi.pnl    In reference: fwTFC/fwTFC_SOL40_AllLinks.pnl Group: 55 named: \"specific\"  Script: Initialize]"]["checkFibersAssignment"]["SOL40 Link cxsol01/Link43 should probably be disabled"]
2026.01.26 15:55:51.489["en/disabling dp"]["CODEXB_SOL40"]["cxsol01/Link44"]["CXDAQFEE:CODEXB_SOL40|cxsol01/Link44"][-1]
2026.01.26 15:55:51.489["******* Disabling "]["CODEXB_SOL40"]["cxsol01/Link44"]
2026.01.26 15:55:51.490["_fwFsmUser_findL1Boards"]["LHCb"][dyn_string 0 items
]["CODEXB_SOL40"]
2026.01.26 15:55:51.490["[Module: CODEXB_SOL40 Panel: fwFSMuser/fwUi.pnl    In reference: fwTFC/fwTFC_SOL40_AllLinks.pnl Group: 55 named: \"specific\"  Script: Initialize]"]["checkFibersAssignment"]["SOL40 Link cxsol01/Link44 should probably be disabled"]
2026.01.26 15:55:51.491["en/disabling dp"]["CODEXB_SOL40"]["cxsol01/Link45"]["CXDAQFEE:CODEXB_SOL40|cxsol01/Link45"][-1]
2026.01.26 15:55:51.492["******* Disabling "]["CODEXB_SOL40"]["cxsol01/Link45"]
2026.01.26 15:55:51.492["_fwFsmUser_findL1Boards"]["LHCb"][dyn_string 0 items
]["CODEXB_SOL40"]
2026.01.26 15:55:51.492["[Module: CODEXB_SOL40 Panel: fwFSMuser/fwUi.pnl    In reference: fwTFC/fwTFC_SOL40_AllLinks.pnl Group: 55 named: \"specific\"  Script: Initialize]"]["checkFibersAssignment"]["SOL40 Link cxsol01/Link45 should probably be disabled"]
2026.01.26 15:55:51.493["en/disabling dp"]["CODEXB_SOL40"]["cxsol01/Link46"]["CXDAQFEE:CODEXB_SOL40|cxsol01/Link46"][-1]
2026.01.26 15:55:51.494["******* Disabling "]["CODEXB_SOL40"]["cxsol01/Link46"]
2026.01.26 15:55:51.495["_fwFsmUser_findL1Boards"]["LHCb"][dyn_string 0 items
]["CODEXB_SOL40"]
2026.01.26 15:55:51.495["[Module: CODEXB_SOL40 Panel: fwFSMuser/fwUi.pnl    In reference: fwTFC/fwTFC_SOL40_AllLinks.pnl Group: 55 named: \"specific\"  Script: Initialize]"]["checkFibersAssignment"]["SOL40 Link cxsol01/Link46 should probably be disabled"]
2026.01.26 15:55:51.496["en/disabling dp"]["CODEXB_SOL40"]["cxsol01/Link47"]["CXDAQFEE:CODEXB_SOL40|cxsol01/Link47"][-1]
2026.01.26 15:55:51.496["******* Disabling "]["CODEXB_SOL40"]["cxsol01/Link47"]
2026.01.26 15:55:51.497["_fwFsmUser_findL1Boards"]["LHCb"][dyn_string 0 items
]["CODEXB_SOL40"]
2026.01.26 15:55:51.497["[Module: CODEXB_SOL40 Panel: fwFSMuser/fwUi.pnl    In reference: fwTFC/fwTFC_SOL40_AllLinks.pnl Group: 55 named: \"specific\"  Script: Initialize]"]["checkFibersAssignment"]["SOL40 Link cxsol01/Link47 should probably be disabled"]
2026.01.26 15:55:51.499["en/disabling dp"]["CODEXB_SOL40"]["cxsol01/Link00"]["CXDAQFEE:CODEXB_SOL40|cxsol01/Link00"][1]
2026.01.26 15:55:51.501["******* Enabling "]["CODEXB_SOL40"]["cxsol01/Link00"]
2026.01.26 15:55:51.502["_fwFsmUser_findL1Boards"]["LHCb"][dyn_string 0 items
]["CODEXB_SOL40"]
2026.01.26 15:55:51.504["en/disabling dp"]["CODEXB_SOL40"]["cxsol01/Link01"]["CXDAQFEE:CODEXB_SOL40|cxsol01/Link01"][1]
2026.01.26 15:55:51.507["******* Enabling "]["CODEXB_SOL40"]["cxsol01/Link01"]
2026.01.26 15:55:51.507["_fwFsmUser_findL1Boards"]["LHCb"][dyn_string 0 items
]["CODEXB_SOL40"]
2026.01.26 15:55:51.509["en/disabling dp"]["CODEXB_SOL40"]["cxsol01/Link02"]["CXDAQFEE:CODEXB_SOL40|cxsol01/Link02"][1]
2026.01.26 15:55:51.543["******* Enabling "]["CODEXB_SOL40"]["cxsol01/Link02"]
2026.01.26 15:55:51.544["_fwFsmUser_findL1Boards"]["LHCb"][dyn_string 0 items
]["CODEXB_SOL40"]
2026.01.26 15:55:51.547["en/disabling dp"]["CODEXB_SOL40"]["cxsol01/Link12"]["CXDAQFEE:CODEXB_SOL40|cxsol01/Link12"][1]
2026.01.26 15:55:51.559["******* Enabling "]["CODEXB_SOL40"]["cxsol01/Link12"]
2026.01.26 15:55:51.560["_fwFsmUser_findL1Boards"]["LHCb"][dyn_string 0 items
]["CODEXB_SOL40"]
2026.01.26 15:55:51.562["en/disabling dp"]["CODEXB_SOL40"]["cxsol01/Link13"]["CXDAQFEE:CODEXB_SOL40|cxsol01/Link13"][1]
2026.01.26 15:55:51.565["******* Enabling "]["CODEXB_SOL40"]["cxsol01/Link13"]
2026.01.26 15:55:51.565["_fwFsmUser_findL1Boards"]["LHCb"][dyn_string 0 items
]["CODEXB_SOL40"]
2026.01.26 15:55:51.568["en/disabling dp"]["CODEXB_SOL40"]["cxsol01/Link14"]["CXDAQFEE:CODEXB_SOL40|cxsol01/Link14"][1]
2026.01.26 15:55:51.570["******* Enabling "]["CODEXB_SOL40"]["cxsol01/Link14"]
2026.01.26 15:55:51.570["_fwFsmUser_findL1Boards"]["LHCb"][dyn_string 0 items
]["CODEXB_SOL40"]
2026.01.26 15:55:51.572["en/disabling dp"]["CODEXB_SOL40"]["cxsol01/Link15"]["CXDAQFEE:CODEXB_SOL40|cxsol01/Link15"][1]
2026.01.26 15:55:51.581["******* Enabling "]["CODEXB_SOL40"]["cxsol01/Link15"]
2026.01.26 15:55:51.582["_fwFsmUser_findL1Boards"]["LHCb"][dyn_string 0 items
]["CODEXB_SOL40"]
2026.01.26 15:55:51.584["en/disabling dp"]["CODEXB_SOL40"]["cxsol01/Link24"]["CXDAQFEE:CODEXB_SOL40|cxsol01/Link24"][1]
2026.01.26 15:55:51.586["******* Enabling "]["CODEXB_SOL40"]["cxsol01/Link24"]
2026.01.26 15:55:51.587["_fwFsmUser_findL1Boards"]["LHCb"][dyn_string 0 items
]["CODEXB_SOL40"]
2026.01.26 15:55:51.589["en/disabling dp"]["CODEXB_SOL40"]["cxsol01/Link25"]["CXDAQFEE:CODEXB_SOL40|cxsol01/Link25"][1]
2026.01.26 15:55:51.591["******* Enabling "]["CODEXB_SOL40"]["cxsol01/Link25"]
2026.01.26 15:55:51.592["_fwFsmUser_findL1Boards"]["LHCb"][dyn_string 0 items
]["CODEXB_SOL40"]
2026.01.26 15:55:51.594["en/disabling dp"]["CODEXB_SOL40"]["cxsol01/Link26"]["CXDAQFEE:CODEXB_SOL40|cxsol01/Link26"][1]
2026.01.26 15:55:51.596["******* Enabling "]["CODEXB_SOL40"]["cxsol01/Link26"]
2026.01.26 15:55:51.597["_fwFsmUser_findL1Boards"]["LHCb"][dyn_string 0 items
]["CODEXB_SOL40"]
2026.01.26 15:55:51.599["en/disabling dp"]["CODEXB_SOL40"]["cxsol01/Link27"]["CXDAQFEE:CODEXB_SOL40|cxsol01/Link27"][1]
2026.01.26 15:55:51.601["******* Enabling "]["CODEXB_SOL40"]["cxsol01/Link27"]
2026.01.26 15:55:51.602["_fwFsmUser_findL1Boards"]["LHCb"][dyn_string 0 items
]["CODEXB_SOL40"]
2026.01.26 15:55:51.604["en/disabling dp"]["CODEXB_SOL40"]["cxsol01/Link36"]["CXDAQFEE:CODEXB_SOL40|cxsol01/Link36"][1]
2026.01.26 15:55:51.667["******* Enabling "]["CODEXB_SOL40"]["cxsol01/Link36"]
2026.01.26 15:55:51.668["_fwFsmUser_findL1Boards"]["LHCb"][dyn_string 0 items
]["CODEXB_SOL40"]
2026.01.26 15:55:51.670["en/disabling dp"]["CODEXB_SOL40"]["cxsol01/Link37"]["CXDAQFEE:CODEXB_SOL40|cxsol01/Link37"][1]
2026.01.26 15:55:51.730["******* Enabling "]["CODEXB_SOL40"]["cxsol01/Link37"]
2026.01.26 15:55:51.731["_fwFsmUser_findL1Boards"]["LHCb"][dyn_string 0 items
]["CODEXB_SOL40"]
2026.01.26 15:55:51.734["en/disabling dp"]["CODEXB_SOL40"]["cxsol01/Link38"]["CXDAQFEE:CODEXB_SOL40|cxsol01/Link38"][1]
2026.01.26 15:55:51.811["******* Enabling "]["CODEXB_SOL40"]["cxsol01/Link38"]
2026.01.26 15:55:51.812["_fwFsmUser_findL1Boards"]["LHCb"][dyn_string 0 items
]["CODEXB_SOL40"]
2026.01.26 15:55:56.257["*** INFO - lgranado@cxdaqtell01 issued Take to CODEXB_SOL40"]["CODEXB_SOL40"]
["Reporting 26-Jan-2026 15:55:56 - *** INFO - lgranado@cxdaqtell01 issued Take to CODEXB_SOL40"]
2026.01.26 15:55:56.274["******* Taking "]["CODEXB_SOL40"]
2026.01.26 15:58:02.214["******* Closing "]["CODEXB_SOL40"][0]
2026.01.26 15:58:02.216["******* Releasing "]["CODEXB_SOL40"]
2026.01.27 11:23:25.347["System Name: CXDAQFEE: System Number: 1421 - FwFsm: version is 3503"]
["FwHw - version is 0611"]
2026.01.27 11:23:42.395["System Name: CXDAQFEE: System Number: 1421 - FwFsm: version is 3503"]
["FwHw - version is 0611"]
2026.01.27 11:34:57.221["+++++++++++++ Opening Panel CODEXB_SOL40::CODEXB_SOL40"]
2026.01.27 11:34:57.787["/group/online/ecs/PVSSShortcutProjects319/GlobalProject/scripts/libs/fwTFC/fwSOL40.lctl::SOL40_getTopDp: Updating devices mapping"]
2026.01.27 11:34:58.054["en/disabling dp"]["CODEXB_SOL40"]["cxsol01/Link03"]["CXDAQFEE:CODEXB_SOL40|cxsol01/Link03"][-1]
2026.01.27 11:34:58.056["******* Disabling "]["CODEXB_SOL40"]["cxsol01/Link03"]
2026.01.27 11:34:58.057["_fwFsmUser_findL1Boards"]["LHCb"][dyn_string 0 items
]["CODEXB_SOL40"]
2026.01.27 11:34:58.058["[Module: CODEXB_SOL40 Panel: fwFSMuser/fwUi.pnl    In reference: fwTFC/fwTFC_SOL40_AllLinks.pnl Group: 55 named: \"specific\"  Script: Initialize]"]["checkFibersAssignment"]["SOL40 Link cxsol01/Link03 should probably be disabled"]
2026.01.27 11:34:58.059["en/disabling dp"]["CODEXB_SOL40"]["cxsol01/Link04"]["CXDAQFEE:CODEXB_SOL40|cxsol01/Link04"][-1]
2026.01.27 11:34:58.060["******* Disabling "]["CODEXB_SOL40"]["cxsol01/Link04"]
2026.01.27 11:34:58.061["_fwFsmUser_findL1Boards"]["LHCb"][dyn_string 0 items
]["CODEXB_SOL40"]
2026.01.27 11:34:58.061["[Module: CODEXB_SOL40 Panel: fwFSMuser/fwUi.pnl    In reference: fwTFC/fwTFC_SOL40_AllLinks.pnl Group: 55 named: \"specific\"  Script: Initialize]"]["checkFibersAssignment"]["SOL40 Link cxsol01/Link04 should probably be disabled"]
2026.01.27 11:34:58.062["en/disabling dp"]["CODEXB_SOL40"]["cxsol01/Link05"]["CXDAQFEE:CODEXB_SOL40|cxsol01/Link05"][-1]
2026.01.27 11:34:58.063["******* Disabling "]["CODEXB_SOL40"]["cxsol01/Link05"]
2026.01.27 11:34:58.064["_fwFsmUser_findL1Boards"]["LHCb"][dyn_string 0 items
]["CODEXB_SOL40"]
2026.01.27 11:34:58.064["[Module: CODEXB_SOL40 Panel: fwFSMuser/fwUi.pnl    In reference: fwTFC/fwTFC_SOL40_AllLinks.pnl Group: 55 named: \"specific\"  Script: Initialize]"]["checkFibersAssignment"]["SOL40 Link cxsol01/Link05 should probably be disabled"]
2026.01.27 11:34:58.065["en/disabling dp"]["CODEXB_SOL40"]["cxsol01/Link06"]["CXDAQFEE:CODEXB_SOL40|cxsol01/Link06"][-1]
2026.01.27 11:34:58.066["******* Disabling "]["CODEXB_SOL40"]["cxsol01/Link06"]
2026.01.27 11:34:58.067["_fwFsmUser_findL1Boards"]["LHCb"][dyn_string 0 items
]["CODEXB_SOL40"]
2026.01.27 11:34:58.067["[Module: CODEXB_SOL40 Panel: fwFSMuser/fwUi.pnl    In reference: fwTFC/fwTFC_SOL40_AllLinks.pnl Group: 55 named: \"specific\"  Script: Initialize]"]["checkFibersAssignment"]["SOL40 Link cxsol01/Link06 should probably be disabled"]
2026.01.27 11:34:58.068["en/disabling dp"]["CODEXB_SOL40"]["cxsol01/Link07"]["CXDAQFEE:CODEXB_SOL40|cxsol01/Link07"][-1]
2026.01.27 11:34:58.069["******* Disabling "]["CODEXB_SOL40"]["cxsol01/Link07"]
2026.01.27 11:34:58.070["_fwFsmUser_findL1Boards"]["LHCb"][dyn_string 0 items
]["CODEXB_SOL40"]
2026.01.27 11:34:58.070["[Module: CODEXB_SOL40 Panel: fwFSMuser/fwUi.pnl    In reference: fwTFC/fwTFC_SOL40_AllLinks.pnl Group: 55 named: \"specific\"  Script: Initialize]"]["checkFibersAssignment"]["SOL40 Link cxsol01/Link07 should probably be disabled"]
2026.01.27 11:34:58.071["en/disabling dp"]["CODEXB_SOL40"]["cxsol01/Link08"]["CXDAQFEE:CODEXB_SOL40|cxsol01/Link08"][-1]
2026.01.27 11:34:58.072["******* Disabling "]["CODEXB_SOL40"]["cxsol01/Link08"]
2026.01.27 11:34:58.073["_fwFsmUser_findL1Boards"]["LHCb"][dyn_string 0 items
]["CODEXB_SOL40"]
2026.01.27 11:34:58.073["[Module: CODEXB_SOL40 Panel: fwFSMuser/fwUi.pnl    In reference: fwTFC/fwTFC_SOL40_AllLinks.pnl Group: 55 named: \"specific\"  Script: Initialize]"]["checkFibersAssignment"]["SOL40 Link cxsol01/Link08 should probably be disabled"]
2026.01.27 11:34:58.074["en/disabling dp"]["CODEXB_SOL40"]["cxsol01/Link09"]["CXDAQFEE:CODEXB_SOL40|cxsol01/Link09"][-1]
2026.01.27 11:34:58.075["******* Disabling "]["CODEXB_SOL40"]["cxsol01/Link09"]
2026.01.27 11:34:58.076["_fwFsmUser_findL1Boards"]["LHCb"][dyn_string 0 items
]["CODEXB_SOL40"]
2026.01.27 11:34:58.076["[Module: CODEXB_SOL40 Panel: fwFSMuser/fwUi.pnl    In reference: fwTFC/fwTFC_SOL40_AllLinks.pnl Group: 55 named: \"specific\"  Script: Initialize]"]["checkFibersAssignment"]["SOL40 Link cxsol01/Link09 should probably be disabled"]
2026.01.27 11:34:58.077["en/disabling dp"]["CODEXB_SOL40"]["cxsol01/Link10"]["CXDAQFEE:CODEXB_SOL40|cxsol01/Link10"][-1]
2026.01.27 11:34:58.078["******* Disabling "]["CODEXB_SOL40"]["cxsol01/Link10"]
2026.01.27 11:34:58.079["_fwFsmUser_findL1Boards"]["LHCb"][dyn_string 0 items
]["CODEXB_SOL40"]
2026.01.27 11:34:58.079["[Module: CODEXB_SOL40 Panel: fwFSMuser/fwUi.pnl    In reference: fwTFC/fwTFC_SOL40_AllLinks.pnl Group: 55 named: \"specific\"  Script: Initialize]"]["checkFibersAssignment"]["SOL40 Link cxsol01/Link10 should probably be disabled"]
2026.01.27 11:34:58.081["en/disabling dp"]["CODEXB_SOL40"]["cxsol01/Link11"]["CXDAQFEE:CODEXB_SOL40|cxsol01/Link11"][-1]
2026.01.27 11:34:58.082["******* Disabling "]["CODEXB_SOL40"]["cxsol01/Link11"]
2026.01.27 11:34:58.083["_fwFsmUser_findL1Boards"]["LHCb"][dyn_string 0 items
]["CODEXB_SOL40"]
2026.01.27 11:34:58.083["[Module: CODEXB_SOL40 Panel: fwFSMuser/fwUi.pnl    In reference: fwTFC/fwTFC_SOL40_AllLinks.pnl Group: 55 named: \"specific\"  Script: Initialize]"]["checkFibersAssignment"]["SOL40 Link cxsol01/Link11 should probably be disabled"]
2026.01.27 11:34:58.089["en/disabling dp"]["CODEXB_SOL40"]["cxsol01/Link16"]["CXDAQFEE:CODEXB_SOL40|cxsol01/Link16"][-1]
2026.01.27 11:34:58.090["******* Disabling "]["CODEXB_SOL40"]["cxsol01/Link16"]
2026.01.27 11:34:58.090["_fwFsmUser_findL1Boards"]["LHCb"][dyn_string 0 items
]["CODEXB_SOL40"]
2026.01.27 11:34:58.091["[Module: CODEXB_SOL40 Panel: fwFSMuser/fwUi.pnl    In reference: fwTFC/fwTFC_SOL40_AllLinks.pnl Group: 55 named: \"specific\"  Script: Initialize]"]["checkFibersAssignment"]["SOL40 Link cxsol01/Link16 should probably be disabled"]
2026.01.27 11:34:58.092["en/disabling dp"]["CODEXB_SOL40"]["cxsol01/Link17"]["CXDAQFEE:CODEXB_SOL40|cxsol01/Link17"][-1]
2026.01.27 11:34:58.093["******* Disabling "]["CODEXB_SOL40"]["cxsol01/Link17"]
2026.01.27 11:34:58.093["_fwFsmUser_findL1Boards"]["LHCb"][dyn_string 0 items
]["CODEXB_SOL40"]
2026.01.27 11:34:58.093["[Module: CODEXB_SOL40 Panel: fwFSMuser/fwUi.pnl    In reference: fwTFC/fwTFC_SOL40_AllLinks.pnl Group: 55 named: \"specific\"  Script: Initialize]"]["checkFibersAssignment"]["SOL40 Link cxsol01/Link17 should probably be disabled"]
2026.01.27 11:34:58.094["en/disabling dp"]["CODEXB_SOL40"]["cxsol01/Link18"]["CXDAQFEE:CODEXB_SOL40|cxsol01/Link18"][-1]
2026.01.27 11:34:58.095["******* Disabling "]["CODEXB_SOL40"]["cxsol01/Link18"]
2026.01.27 11:34:58.096["_fwFsmUser_findL1Boards"]["LHCb"][dyn_string 0 items
]["CODEXB_SOL40"]
2026.01.27 11:34:58.096["[Module: CODEXB_SOL40 Panel: fwFSMuser/fwUi.pnl    In reference: fwTFC/fwTFC_SOL40_AllLinks.pnl Group: 55 named: \"specific\"  Script: Initialize]"]["checkFibersAssignment"]["SOL40 Link cxsol01/Link18 should probably be disabled"]
2026.01.27 11:34:58.097["en/disabling dp"]["CODEXB_SOL40"]["cxsol01/Link19"]["CXDAQFEE:CODEXB_SOL40|cxsol01/Link19"][-1]
2026.01.27 11:34:58.098["******* Disabling "]["CODEXB_SOL40"]["cxsol01/Link19"]
2026.01.27 11:34:58.099["_fwFsmUser_findL1Boards"]["LHCb"][dyn_string 0 items
]["CODEXB_SOL40"]
2026.01.27 11:34:58.099["[Module: CODEXB_SOL40 Panel: fwFSMuser/fwUi.pnl    In reference: fwTFC/fwTFC_SOL40_AllLinks.pnl Group: 55 named: \"specific\"  Script: Initialize]"]["checkFibersAssignment"]["SOL40 Link cxsol01/Link19 should probably be disabled"]
2026.01.27 11:34:58.100["en/disabling dp"]["CODEXB_SOL40"]["cxsol01/Link20"]["CXDAQFEE:CODEXB_SOL40|cxsol01/Link20"][-1]
2026.01.27 11:34:58.101["******* Disabling "]["CODEXB_SOL40"]["cxsol01/Link20"]
2026.01.27 11:34:58.102["_fwFsmUser_findL1Boards"]["LHCb"][dyn_string 0 items
]["CODEXB_SOL40"]
2026.01.27 11:34:58.102["[Module: CODEXB_SOL40 Panel: fwFSMuser/fwUi.pnl    In reference: fwTFC/fwTFC_SOL40_AllLinks.pnl Group: 55 named: \"specific\"  Script: Initialize]"]["checkFibersAssignment"]["SOL40 Link cxsol01/Link20 should probably be disabled"]
2026.01.27 11:34:58.103["en/disabling dp"]["CODEXB_SOL40"]["cxsol01/Link21"]["CXDAQFEE:CODEXB_SOL40|cxsol01/Link21"][-1]
2026.01.27 11:34:58.104["******* Disabling "]["CODEXB_SOL40"]["cxsol01/Link21"]
2026.01.27 11:34:58.105["_fwFsmUser_findL1Boards"]["LHCb"][dyn_string 0 items
]["CODEXB_SOL40"]
2026.01.27 11:34:58.105["[Module: CODEXB_SOL40 Panel: fwFSMuser/fwUi.pnl    In reference: fwTFC/fwTFC_SOL40_AllLinks.pnl Group: 55 named: \"specific\"  Script: Initialize]"]["checkFibersAssignment"]["SOL40 Link cxsol01/Link21 should probably be disabled"]
2026.01.27 11:34:58.106["en/disabling dp"]["CODEXB_SOL40"]["cxsol01/Link22"]["CXDAQFEE:CODEXB_SOL40|cxsol01/Link22"][-1]
2026.01.27 11:34:58.107["******* Disabling "]["CODEXB_SOL40"]["cxsol01/Link22"]
2026.01.27 11:34:58.107["_fwFsmUser_findL1Boards"]["LHCb"][dyn_string 0 items
]["CODEXB_SOL40"]
2026.01.27 11:34:58.108["[Module: CODEXB_SOL40 Panel: fwFSMuser/fwUi.pnl    In reference: fwTFC/fwTFC_SOL40_AllLinks.pnl Group: 55 named: \"specific\"  Script: Initialize]"]["checkFibersAssignment"]["SOL40 Link cxsol01/Link22 should probably be disabled"]
2026.01.27 11:34:58.109["en/disabling dp"]["CODEXB_SOL40"]["cxsol01/Link23"]["CXDAQFEE:CODEXB_SOL40|cxsol01/Link23"][-1]
2026.01.27 11:34:58.110["******* Disabling "]["CODEXB_SOL40"]["cxsol01/Link23"]
2026.01.27 11:34:58.110["_fwFsmUser_findL1Boards"]["LHCb"][dyn_string 0 items
]["CODEXB_SOL40"]
2026.01.27 11:34:58.110["[Module: CODEXB_SOL40 Panel: fwFSMuser/fwUi.pnl    In reference: fwTFC/fwTFC_SOL40_AllLinks.pnl Group: 55 named: \"specific\"  Script: Initialize]"]["checkFibersAssignment"]["SOL40 Link cxsol01/Link23 should probably be disabled"]
2026.01.27 11:34:58.116["en/disabling dp"]["CODEXB_SOL40"]["cxsol01/Link28"]["CXDAQFEE:CODEXB_SOL40|cxsol01/Link28"][-1]
2026.01.27 11:34:58.117["******* Disabling "]["CODEXB_SOL40"]["cxsol01/Link28"]
2026.01.27 11:34:58.117["_fwFsmUser_findL1Boards"]["LHCb"][dyn_string 0 items
]["CODEXB_SOL40"]
2026.01.27 11:34:58.117["[Module: CODEXB_SOL40 Panel: fwFSMuser/fwUi.pnl    In reference: fwTFC/fwTFC_SOL40_AllLinks.pnl Group: 55 named: \"specific\"  Script: Initialize]"]["checkFibersAssignment"]["SOL40 Link cxsol01/Link28 should probably be disabled"]
2026.01.27 11:34:58.118["en/disabling dp"]["CODEXB_SOL40"]["cxsol01/Link29"]["CXDAQFEE:CODEXB_SOL40|cxsol01/Link29"][-1]
2026.01.27 11:34:58.119["******* Disabling "]["CODEXB_SOL40"]["cxsol01/Link29"]
2026.01.27 11:34:58.120["_fwFsmUser_findL1Boards"]["LHCb"][dyn_string 0 items
]["CODEXB_SOL40"]
2026.01.27 11:34:58.120["[Module: CODEXB_SOL40 Panel: fwFSMuser/fwUi.pnl    In reference: fwTFC/fwTFC_SOL40_AllLinks.pnl Group: 55 named: \"specific\"  Script: Initialize]"]["checkFibersAssignment"]["SOL40 Link cxsol01/Link29 should probably be disabled"]
2026.01.27 11:34:58.121["en/disabling dp"]["CODEXB_SOL40"]["cxsol01/Link30"]["CXDAQFEE:CODEXB_SOL40|cxsol01/Link30"][-1]
2026.01.27 11:34:58.122["******* Disabling "]["CODEXB_SOL40"]["cxsol01/Link30"]
2026.01.27 11:34:58.123["_fwFsmUser_findL1Boards"]["LHCb"][dyn_string 0 items
]["CODEXB_SOL40"]
2026.01.27 11:34:58.123["[Module: CODEXB_SOL40 Panel: fwFSMuser/fwUi.pnl    In reference: fwTFC/fwTFC_SOL40_AllLinks.pnl Group: 55 named: \"specific\"  Script: Initialize]"]["checkFibersAssignment"]["SOL40 Link cxsol01/Link30 should probably be disabled"]
2026.01.27 11:34:58.124["en/disabling dp"]["CODEXB_SOL40"]["cxsol01/Link31"]["CXDAQFEE:CODEXB_SOL40|cxsol01/Link31"][-1]
2026.01.27 11:34:58.125["******* Disabling "]["CODEXB_SOL40"]["cxsol01/Link31"]
2026.01.27 11:34:58.125["_fwFsmUser_findL1Boards"]["LHCb"][dyn_string 0 items
]["CODEXB_SOL40"]
2026.01.27 11:34:58.126["[Module: CODEXB_SOL40 Panel: fwFSMuser/fwUi.pnl    In reference: fwTFC/fwTFC_SOL40_AllLinks.pnl Group: 55 named: \"specific\"  Script: Initialize]"]["checkFibersAssignment"]["SOL40 Link cxsol01/Link31 should probably be disabled"]
2026.01.27 11:34:58.126["en/disabling dp"]["CODEXB_SOL40"]["cxsol01/Link32"]["CXDAQFEE:CODEXB_SOL40|cxsol01/Link32"][-1]
2026.01.27 11:34:58.127["******* Disabling "]["CODEXB_SOL40"]["cxsol01/Link32"]
2026.01.27 11:34:58.128["_fwFsmUser_findL1Boards"]["LHCb"][dyn_string 0 items
]["CODEXB_SOL40"]
2026.01.27 11:34:58.128["[Module: CODEXB_SOL40 Panel: fwFSMuser/fwUi.pnl    In reference: fwTFC/fwTFC_SOL40_AllLinks.pnl Group: 55 named: \"specific\"  Script: Initialize]"]["checkFibersAssignment"]["SOL40 Link cxsol01/Link32 should probably be disabled"]
2026.01.27 11:34:58.129["en/disabling dp"]["CODEXB_SOL40"]["cxsol01/Link33"]["CXDAQFEE:CODEXB_SOL40|cxsol01/Link33"][-1]
2026.01.27 11:34:58.130["******* Disabling "]["CODEXB_SOL40"]["cxsol01/Link33"]
2026.01.27 11:34:58.131["_fwFsmUser_findL1Boards"]["LHCb"][dyn_string 0 items
]["CODEXB_SOL40"]
2026.01.27 11:34:58.131["[Module: CODEXB_SOL40 Panel: fwFSMuser/fwUi.pnl    In reference: fwTFC/fwTFC_SOL40_AllLinks.pnl Group: 55 named: \"specific\"  Script: Initialize]"]["checkFibersAssignment"]["SOL40 Link cxsol01/Link33 should probably be disabled"]
2026.01.27 11:34:58.133["en/disabling dp"]["CODEXB_SOL40"]["cxsol01/Link34"]["CXDAQFEE:CODEXB_SOL40|cxsol01/Link34"][-1]
2026.01.27 11:34:58.134["******* Disabling "]["CODEXB_SOL40"]["cxsol01/Link34"]
2026.01.27 11:34:58.135["_fwFsmUser_findL1Boards"]["LHCb"][dyn_string 0 items
]["CODEXB_SOL40"]
2026.01.27 11:34:58.135["[Module: CODEXB_SOL40 Panel: fwFSMuser/fwUi.pnl    In reference: fwTFC/fwTFC_SOL40_AllLinks.pnl Group: 55 named: \"specific\"  Script: Initialize]"]["checkFibersAssignment"]["SOL40 Link cxsol01/Link34 should probably be disabled"]
2026.01.27 11:34:58.136["en/disabling dp"]["CODEXB_SOL40"]["cxsol01/Link35"]["CXDAQFEE:CODEXB_SOL40|cxsol01/Link35"][-1]
2026.01.27 11:34:58.136["******* Disabling "]["CODEXB_SOL40"]["cxsol01/Link35"]
2026.01.27 11:34:58.137["_fwFsmUser_findL1Boards"]["LHCb"][dyn_string 0 items
]["CODEXB_SOL40"]
2026.01.27 11:34:58.137["[Module: CODEXB_SOL40 Panel: fwFSMuser/fwUi.pnl    In reference: fwTFC/fwTFC_SOL40_AllLinks.pnl Group: 55 named: \"specific\"  Script: Initialize]"]["checkFibersAssignment"]["SOL40 Link cxsol01/Link35 should probably be disabled"]
2026.01.27 11:34:58.141["en/disabling dp"]["CODEXB_SOL40"]["cxsol01/Link39"]["CXDAQFEE:CODEXB_SOL40|cxsol01/Link39"][-1]
2026.01.27 11:34:58.142["******* Disabling "]["CODEXB_SOL40"]["cxsol01/Link39"]
2026.01.27 11:34:58.143["_fwFsmUser_findL1Boards"]["LHCb"][dyn_string 0 items
]["CODEXB_SOL40"]
2026.01.27 11:34:58.143["[Module: CODEXB_SOL40 Panel: fwFSMuser/fwUi.pnl    In reference: fwTFC/fwTFC_SOL40_AllLinks.pnl Group: 55 named: \"specific\"  Script: Initialize]"]["checkFibersAssignment"]["SOL40 Link cxsol01/Link39 should probably be disabled"]
2026.01.27 11:34:58.144["en/disabling dp"]["CODEXB_SOL40"]["cxsol01/Link40"]["CXDAQFEE:CODEXB_SOL40|cxsol01/Link40"][-1]
2026.01.27 11:34:58.145["******* Disabling "]["CODEXB_SOL40"]["cxsol01/Link40"]
2026.01.27 11:34:58.145["_fwFsmUser_findL1Boards"]["LHCb"][dyn_string 0 items
]["CODEXB_SOL40"]
2026.01.27 11:34:58.146["[Module: CODEXB_SOL40 Panel: fwFSMuser/fwUi.pnl    In reference: fwTFC/fwTFC_SOL40_AllLinks.pnl Group: 55 named: \"specific\"  Script: Initialize]"]["checkFibersAssignment"]["SOL40 Link cxsol01/Link40 should probably be disabled"]
2026.01.27 11:34:58.147["en/disabling dp"]["CODEXB_SOL40"]["cxsol01/Link41"]["CXDAQFEE:CODEXB_SOL40|cxsol01/Link41"][-1]
2026.01.27 11:34:58.148["******* Disabling "]["CODEXB_SOL40"]["cxsol01/Link41"]
2026.01.27 11:34:58.148["_fwFsmUser_findL1Boards"]["LHCb"][dyn_string 0 items
]["CODEXB_SOL40"]
2026.01.27 11:34:58.148["[Module: CODEXB_SOL40 Panel: fwFSMuser/fwUi.pnl    In reference: fwTFC/fwTFC_SOL40_AllLinks.pnl Group: 55 named: \"specific\"  Script: Initialize]"]["checkFibersAssignment"]["SOL40 Link cxsol01/Link41 should probably be disabled"]
2026.01.27 11:34:58.149["en/disabling dp"]["CODEXB_SOL40"]["cxsol01/Link42"]["CXDAQFEE:CODEXB_SOL40|cxsol01/Link42"][-1]
2026.01.27 11:34:58.150["******* Disabling "]["CODEXB_SOL40"]["cxsol01/Link42"]
2026.01.27 11:34:58.151["_fwFsmUser_findL1Boards"]["LHCb"][dyn_string 0 items
]["CODEXB_SOL40"]
2026.01.27 11:34:58.151["[Module: CODEXB_SOL40 Panel: fwFSMuser/fwUi.pnl    In reference: fwTFC/fwTFC_SOL40_AllLinks.pnl Group: 55 named: \"specific\"  Script: Initialize]"]["checkFibersAssignment"]["SOL40 Link cxsol01/Link42 should probably be disabled"]
2026.01.27 11:34:58.152["en/disabling dp"]["CODEXB_SOL40"]["cxsol01/Link43"]["CXDAQFEE:CODEXB_SOL40|cxsol01/Link43"][-1]
2026.01.27 11:34:58.153["******* Disabling "]["CODEXB_SOL40"]["cxsol01/Link43"]
2026.01.27 11:34:58.154["_fwFsmUser_findL1Boards"]["LHCb"][dyn_string 0 items
]["CODEXB_SOL40"]
2026.01.27 11:34:58.154["[Module: CODEXB_SOL40 Panel: fwFSMuser/fwUi.pnl    In reference: fwTFC/fwTFC_SOL40_AllLinks.pnl Group: 55 named: \"specific\"  Script: Initialize]"]["checkFibersAssignment"]["SOL40 Link cxsol01/Link43 should probably be disabled"]
2026.01.27 11:34:58.155["en/disabling dp"]["CODEXB_SOL40"]["cxsol01/Link44"]["CXDAQFEE:CODEXB_SOL40|cxsol01/Link44"][-1]
2026.01.27 11:34:58.156["******* Disabling "]["CODEXB_SOL40"]["cxsol01/Link44"]
2026.01.27 11:34:58.156["_fwFsmUser_findL1Boards"]["LHCb"][dyn_string 0 items
]["CODEXB_SOL40"]
2026.01.27 11:34:58.157["[Module: CODEXB_SOL40 Panel: fwFSMuser/fwUi.pnl    In reference: fwTFC/fwTFC_SOL40_AllLinks.pnl Group: 55 named: \"specific\"  Script: Initialize]"]["checkFibersAssignment"]["SOL40 Link cxsol01/Link44 should probably be disabled"]
2026.01.27 11:34:58.157["en/disabling dp"]["CODEXB_SOL40"]["cxsol01/Link45"]["CXDAQFEE:CODEXB_SOL40|cxsol01/Link45"][-1]
2026.01.27 11:34:58.158["******* Disabling "]["CODEXB_SOL40"]["cxsol01/Link45"]
2026.01.27 11:34:58.159["_fwFsmUser_findL1Boards"]["LHCb"][dyn_string 0 items
]["CODEXB_SOL40"]
2026.01.27 11:34:58.159["[Module: CODEXB_SOL40 Panel: fwFSMuser/fwUi.pnl    In reference: fwTFC/fwTFC_SOL40_AllLinks.pnl Group: 55 named: \"specific\"  Script: Initialize]"]["checkFibersAssignment"]["SOL40 Link cxsol01/Link45 should probably be disabled"]
2026.01.27 11:34:58.160["en/disabling dp"]["CODEXB_SOL40"]["cxsol01/Link46"]["CXDAQFEE:CODEXB_SOL40|cxsol01/Link46"][-1]
2026.01.27 11:34:58.161["******* Disabling "]["CODEXB_SOL40"]["cxsol01/Link46"]
2026.01.27 11:34:58.162["_fwFsmUser_findL1Boards"]["LHCb"][dyn_string 0 items
]["CODEXB_SOL40"]
2026.01.27 11:34:58.162["[Module: CODEXB_SOL40 Panel: fwFSMuser/fwUi.pnl    In reference: fwTFC/fwTFC_SOL40_AllLinks.pnl Group: 55 named: \"specific\"  Script: Initialize]"]["checkFibersAssignment"]["SOL40 Link cxsol01/Link46 should probably be disabled"]
2026.01.27 11:34:58.162["en/disabling dp"]["CODEXB_SOL40"]["cxsol01/Link47"]["CXDAQFEE:CODEXB_SOL40|cxsol01/Link47"][-1]
2026.01.27 11:34:58.163["******* Disabling "]["CODEXB_SOL40"]["cxsol01/Link47"]
2026.01.27 11:34:58.164["_fwFsmUser_findL1Boards"]["LHCb"][dyn_string 0 items
]["CODEXB_SOL40"]
2026.01.27 11:34:58.164["[Module: CODEXB_SOL40 Panel: fwFSMuser/fwUi.pnl    In reference: fwTFC/fwTFC_SOL40_AllLinks.pnl Group: 55 named: \"specific\"  Script: Initialize]"]["checkFibersAssignment"]["SOL40 Link cxsol01/Link47 should probably be disabled"]
2026.01.27 11:34:58.169["en/disabling dp"]["CODEXB_SOL40"]["cxsol01/Link00"]["CXDAQFEE:CODEXB_SOL40|cxsol01/Link00"][1]
2026.01.27 11:34:58.172["******* Enabling "]["CODEXB_SOL40"]["cxsol01/Link00"]
2026.01.27 11:34:58.172["_fwFsmUser_findL1Boards"]["LHCb"][dyn_string 0 items
]["CODEXB_SOL40"]
2026.01.27 11:34:58.178["en/disabling dp"]["CODEXB_SOL40"]["cxsol01/Link01"]["CXDAQFEE:CODEXB_SOL40|cxsol01/Link01"][1]
2026.01.27 11:34:58.180["******* Enabling "]["CODEXB_SOL40"]["cxsol01/Link01"]
2026.01.27 11:34:58.181["_fwFsmUser_findL1Boards"]["LHCb"][dyn_string 0 items
]["CODEXB_SOL40"]
2026.01.27 11:34:58.187["en/disabling dp"]["CODEXB_SOL40"]["cxsol01/Link02"]["CXDAQFEE:CODEXB_SOL40|cxsol01/Link02"][1]
2026.01.27 11:34:58.191["******* Enabling "]["CODEXB_SOL40"]["cxsol01/Link02"]
2026.01.27 11:34:58.191["_fwFsmUser_findL1Boards"]["LHCb"][dyn_string 0 items
]["CODEXB_SOL40"]
2026.01.27 11:34:58.197["en/disabling dp"]["CODEXB_SOL40"]["cxsol01/Link12"]["CXDAQFEE:CODEXB_SOL40|cxsol01/Link12"][1]
2026.01.27 11:34:58.200["******* Enabling "]["CODEXB_SOL40"]["cxsol01/Link12"]
2026.01.27 11:34:58.200["_fwFsmUser_findL1Boards"]["LHCb"][dyn_string 0 items
]["CODEXB_SOL40"]
2026.01.27 11:34:58.206["en/disabling dp"]["CODEXB_SOL40"]["cxsol01/Link13"]["CXDAQFEE:CODEXB_SOL40|cxsol01/Link13"][1]
2026.01.27 11:34:58.209["******* Enabling "]["CODEXB_SOL40"]["cxsol01/Link13"]
2026.01.27 11:34:58.209["_fwFsmUser_findL1Boards"]["LHCb"][dyn_string 0 items
]["CODEXB_SOL40"]
2026.01.27 11:34:58.214["en/disabling dp"]["CODEXB_SOL40"]["cxsol01/Link14"]["CXDAQFEE:CODEXB_SOL40|cxsol01/Link14"][1]
2026.01.27 11:34:58.217["******* Enabling "]["CODEXB_SOL40"]["cxsol01/Link14"]
2026.01.27 11:34:58.217["_fwFsmUser_findL1Boards"]["LHCb"][dyn_string 0 items
]["CODEXB_SOL40"]
2026.01.27 11:34:58.222["en/disabling dp"]["CODEXB_SOL40"]["cxsol01/Link15"]["CXDAQFEE:CODEXB_SOL40|cxsol01/Link15"][1]
2026.01.27 11:34:58.225["******* Enabling "]["CODEXB_SOL40"]["cxsol01/Link15"]
2026.01.27 11:34:58.225["_fwFsmUser_findL1Boards"]["LHCb"][dyn_string 0 items
]["CODEXB_SOL40"]
2026.01.27 11:34:58.231["en/disabling dp"]["CODEXB_SOL40"]["cxsol01/Link24"]["CXDAQFEE:CODEXB_SOL40|cxsol01/Link24"][1]
2026.01.27 11:34:58.234["******* Enabling "]["CODEXB_SOL40"]["cxsol01/Link24"]
2026.01.27 11:34:58.234["_fwFsmUser_findL1Boards"]["LHCb"][dyn_string 0 items
]["CODEXB_SOL40"]
2026.01.27 11:34:58.240["en/disabling dp"]["CODEXB_SOL40"]["cxsol01/Link25"]["CXDAQFEE:CODEXB_SOL40|cxsol01/Link25"][1]
2026.01.27 11:34:58.243["******* Enabling "]["CODEXB_SOL40"]["cxsol01/Link25"]
2026.01.27 11:34:58.243["_fwFsmUser_findL1Boards"]["LHCb"][dyn_string 0 items
]["CODEXB_SOL40"]
2026.01.27 11:34:58.248["en/disabling dp"]["CODEXB_SOL40"]["cxsol01/Link26"]["CXDAQFEE:CODEXB_SOL40|cxsol01/Link26"][1]
2026.01.27 11:34:58.251["******* Enabling "]["CODEXB_SOL40"]["cxsol01/Link26"]
2026.01.27 11:34:58.252["_fwFsmUser_findL1Boards"]["LHCb"][dyn_string 0 items
]["CODEXB_SOL40"]
2026.01.27 11:34:58.257["en/disabling dp"]["CODEXB_SOL40"]["cxsol01/Link27"]["CXDAQFEE:CODEXB_SOL40|cxsol01/Link27"][1]
2026.01.27 11:34:58.259["******* Enabling "]["CODEXB_SOL40"]["cxsol01/Link27"]
2026.01.27 11:34:58.260["_fwFsmUser_findL1Boards"]["LHCb"][dyn_string 0 items
]["CODEXB_SOL40"]
2026.01.27 11:34:58.265["en/disabling dp"]["CODEXB_SOL40"]["cxsol01/Link36"]["CXDAQFEE:CODEXB_SOL40|cxsol01/Link36"][1]
2026.01.27 11:34:58.267["******* Enabling "]["CODEXB_SOL40"]["cxsol01/Link36"]
2026.01.27 11:34:58.268["_fwFsmUser_findL1Boards"]["LHCb"][dyn_string 0 items
]["CODEXB_SOL40"]
2026.01.27 11:34:58.273["en/disabling dp"]["CODEXB_SOL40"]["cxsol01/Link37"]["CXDAQFEE:CODEXB_SOL40|cxsol01/Link37"][1]
2026.01.27 11:34:58.275["******* Enabling "]["CODEXB_SOL40"]["cxsol01/Link37"]
2026.01.27 11:34:58.276["_fwFsmUser_findL1Boards"]["LHCb"][dyn_string 0 items
]["CODEXB_SOL40"]
2026.01.27 11:34:58.281["en/disabling dp"]["CODEXB_SOL40"]["cxsol01/Link38"]["CXDAQFEE:CODEXB_SOL40|cxsol01/Link38"][1]
2026.01.27 11:34:58.284["******* Enabling "]["CODEXB_SOL40"]["cxsol01/Link38"]
2026.01.27 11:34:58.284["_fwFsmUser_findL1Boards"]["LHCb"][dyn_string 0 items
]["CODEXB_SOL40"]
["The ID:"][-1]
["Errors:"]["unexpected end of file"][1][1]
["The ID:"][0]
["Errors:"][""][-1][-1]
/home/petersm/codexb_daq.xml:23: element node: Schemas validity error : Element 'node', attribute 'offset': The attribute 'offset' is not allowed.
/home/petersm/codexb_daq.xml:24: element node: Schemas validity error : Element 'node', attribute 'offset': The attribute 'offset' is not allowed.
/home/petersm/codexb_daq.xml:25: element node: Schemas validity error : Element 'node', attribute 'offset': The attribute 'offset' is not allowed.
/home/petersm/codexb_daq.xml:26: element node: Schemas validity error : Element 'node', attribute 'offset': The attribute 'offset' is not allowed.
/home/petersm/codexb_daq.xml:27: element node: Schemas validity error : Element 'node', attribute 'offset': The attribute 'offset' is not allowed.
/home/petersm/codexb_daq.xml:28: element node: Schemas validity error : Element 'node', attribute 'offset': The attribute 'offset' is not allowed.
/home/petersm/codexb_daq.xml:29: element node: Schemas validity error : Element 'node', attribute 'offset': The attribute 'offset' is not allowed.
/home/petersm/codexb_daq.xml:30: element node: Schemas validity error : Element 'node', attribute 'offset': The attribute 'offset' is not allowed.
/home/petersm/codexb_daq.xml:31: element node: Schemas validity error : Element 'node', attribute 'offset': The attribute 'offset' is not allowed.
/home/petersm/codexb_daq.xml:32: element node: Schemas validity error : Element 'node', attribute 'offset': The attribute 'offset' is not allowed.
/home/petersm/codexb_daq.xml:33: element node: Schemas validity error : Element 'node', attribute 'offset': The attribute 'offset' is not allowed.
/home/petersm/codexb_daq.xml:34: element node: Schemas validity error : Element 'node', attribute 'offset': The attribute 'offset' is not allowed.
/home/petersm/codexb_daq.xml:35: element node: Schemas validity error : Element 'node', attribute 'offset': The attribute 'offset' is not allowed.
/home/petersm/codexb_daq.xml:36: element node: Schemas validity error : Element 'node', attribute 'offset': The attribute 'offset' is not allowed.
/home/petersm/codexb_daq.xml:54: element node: Schemas validity error : Element 'node', attribute 'offset': The attribute 'offset' is not allowed.
/home/petersm/codexb_daq.xml:55: element node: Schemas validity error : Element 'node', attribute 'offset': The attribute 'offset' is not allowed.
/home/petersm/codexb_daq.xml:56: element node: Schemas validity error : Element 'node', attribute 'offset': The attribute 'offset' is not allowed.
/home/petersm/codexb_daq.xml:57: element node: Schemas validity error : Element 'node', attribute 'offset': The attribute 'offset' is not allowed.
/home/petersm/codexb_daq.xml:58: element node: Schemas validity error : Element 'node', attribute 'offset': The attribute 'offset' is not allowed.
/home/petersm/codexb_daq.xml:59: element node: Schemas validity error : Element 'node', attribute 'offset': The attribute 'offset' is not allowed.
/home/petersm/codexb_daq.xml:60: element node: Schemas validity error : Element 'node', attribute 'offset': The attribute 'offset' is not allowed.
/home/petersm/codexb_daq.xml:61: element node: Schemas validity error : Element 'node', attribute 'offset': The attribute 'offset' is not allowed.
/home/petersm/codexb_daq.xml:62: element node: Schemas validity error : Element 'node', attribute 'offset': The attribute 'offset' is not allowed.
/home/petersm/codexb_daq.xml:63: element node: Schemas validity error : Element 'node', attribute 'offset': The attribute 'offset' is not allowed.
/home/petersm/codexb_daq.xml:64: element node: Schemas validity error : Element 'node', attribute 'offset': The attribute 'offset' is not allowed.
/home/petersm/codexb_daq.xml:65: element node: Schemas validity error : Element 'node', attribute 'offset': The attribute 'offset' is not allowed.
/home/petersm/codexb_daq.xml:66: element node: Schemas validity error : Element 'node', attribute 'offset': The attribute 'offset' is not allowed.
/home/petersm/codexb_daq.xml:67: element node: Schemas validity error : Element 'node', attribute 'offset': The attribute 'offset' is not allowed.
/home/petersm/codexb_daq.xml:68: element node: Schemas validity error : Element 'node', attribute 'offset': The attribute 'offset' is not allowed.
/home/petersm/codexb_daq.xml:69: element node: Schemas validity error : Element 'node', attribute 'offset': The attribute 'offset' is not allowed.
/home/petersm/codexb_daq.xml:70: element node: Schemas validity error : Element 'node', attribute 'offset': The attribute 'offset' is not allowed.
/home/petersm/codexb_daq.xml:71: element node: Schemas validity error : Element 'node', attribute 'offset': The attribute 'offset' is not allowed.
/home/petersm/codexb_daq.xml fails to validate
2026.01.28 04:17:13.939["XML file: /home/petersm/codexb_daq.xml"]["Schema file: /group/cx/wincc319/fwComponents_CXDAQFEE/bin/fwHwTypesSchema.xsd"]["ret: 3"]
2026.01.28 04:17:13.952["/home/petersm/codexb_daq.xml is invalid"]
["The ID:"][0]
["Errors:"][""][-1][-1]
/home/petersm/codexb_daq.xml:23: element node: Schemas validity error : Element 'node', attribute 'offset': The attribute 'offset' is not allowed.
/home/petersm/codexb_daq.xml:24: element node: Schemas validity error : Element 'node', attribute 'offset': The attribute 'offset' is not allowed.
/home/petersm/codexb_daq.xml:25: element node: Schemas validity error : Element 'node', attribute 'offset': The attribute 'offset' is not allowed.
/home/petersm/codexb_daq.xml:26: element node: Schemas validity error : Element 'node', attribute 'offset': The attribute 'offset' is not allowed.
/home/petersm/codexb_daq.xml:27: element node: Schemas validity error : Element 'node', attribute 'offset': The attribute 'offset' is not allowed.
/home/petersm/codexb_daq.xml:28: element node: Schemas validity error : Element 'node', attribute 'offset': The attribute 'offset' is not allowed.
/home/petersm/codexb_daq.xml:29: element node: Schemas validity error : Element 'node', attribute 'offset': The attribute 'offset' is not allowed.
/home/petersm/codexb_daq.xml:30: element node: Schemas validity error : Element 'node', attribute 'offset': The attribute 'offset' is not allowed.
/home/petersm/codexb_daq.xml:31: element node: Schemas validity error : Element 'node', attribute 'offset': The attribute 'offset' is not allowed.
/home/petersm/codexb_daq.xml:32: element node: Schemas validity error : Element 'node', attribute 'offset': The attribute 'offset' is not allowed.
/home/petersm/codexb_daq.xml:33: element node: Schemas validity error : Element 'node', attribute 'offset': The attribute 'offset' is not allowed.
/home/petersm/codexb_daq.xml:34: element node: Schemas validity error : Element 'node', attribute 'offset': The attribute 'offset' is not allowed.
/home/petersm/codexb_daq.xml:35: element node: Schemas validity error : Element 'node', attribute 'offset': The attribute 'offset' is not allowed.
/home/petersm/codexb_daq.xml:36: element node: Schemas validity error : Element 'node', attribute 'offset': The attribute 'offset' is not allowed.
/home/petersm/codexb_daq.xml:54: element node: Schemas validity error : Element 'node', attribute 'offset': The attribute 'offset' is not allowed.
/home/petersm/codexb_daq.xml:55: element node: Schemas validity error : Element 'node', attribute 'offset': The attribute 'offset' is not allowed.
/home/petersm/codexb_daq.xml:56: element node: Schemas validity error : Element 'node', attribute 'offset': The attribute 'offset' is not allowed.
/home/petersm/codexb_daq.xml:57: element node: Schemas validity error : Element 'node', attribute 'offset': The attribute 'offset' is not allowed.
/home/petersm/codexb_daq.xml:58: element node: Schemas validity error : Element 'node', attribute 'offset': The attribute 'offset' is not allowed.
/home/petersm/codexb_daq.xml:59: element node: Schemas validity error : Element 'node', attribute 'offset': The attribute 'offset' is not allowed.
/home/petersm/codexb_daq.xml:60: element node: Schemas validity error : Element 'node', attribute 'offset': The attribute 'offset' is not allowed.
/home/petersm/codexb_daq.xml:61: element node: Schemas validity error : Element 'node', attribute 'offset': The attribute 'offset' is not allowed.
/home/petersm/codexb_daq.xml:62: element node: Schemas validity error : Element 'node', attribute 'offset': The attribute 'offset' is not allowed.
/home/petersm/codexb_daq.xml:63: element node: Schemas validity error : Element 'node', attribute 'offset': The attribute 'offset' is not allowed.
/home/petersm/codexb_daq.xml:64: element node: Schemas validity error : Element 'node', attribute 'offset': The attribute 'offset' is not allowed.
/home/petersm/codexb_daq.xml:65: element node: Schemas validity error : Element 'node', attribute 'offset': The attribute 'offset' is not allowed.
/home/petersm/codexb_daq.xml:66: element node: Schemas validity error : Element 'node', attribute 'offset': The attribute 'offset' is not allowed.
/home/petersm/codexb_daq.xml:67: element node: Schemas validity error : Element 'node', attribute 'offset': The attribute 'offset' is not allowed.
/home/petersm/codexb_daq.xml:68: element node: Schemas validity error : Element 'node', attribute 'offset': The attribute 'offset' is not allowed.
/home/petersm/codexb_daq.xml:69: element node: Schemas validity error : Element 'node', attribute 'offset': The attribute 'offset' is not allowed.
/home/petersm/codexb_daq.xml:70: element node: Schemas validity error : Element 'node', attribute 'offset': The attribute 'offset' is not allowed.
/home/petersm/codexb_daq.xml:71: element node: Schemas validity error : Element 'node', attribute 'offset': The attribute 'offset' is not allowed.
/home/petersm/codexb_daq.xml fails to validate
2026.01.28 04:18:50.569["XML file: /home/petersm/codexb_daq.xml"]["Schema file: /group/cx/wincc319/fwComponents_CXDAQFEE/bin/fwHwTypesSchema.xsd"]["ret: 3"]
2026.01.28 04:18:50.574["/home/petersm/codexb_daq.xml is invalid"]
["The ID:"][0]
["Errors:"][""][-1][-1]
/home/petersm/codexb_daq_gen.xml:46: element node: Schemas validity error : Element 'node', attribute 'offset': The attribute 'offset' is not allowed.
/home/petersm/codexb_daq_gen.xml:47: element node: Schemas validity error : Element 'node', attribute 'offset': The attribute 'offset' is not allowed.
/home/petersm/codexb_daq_gen.xml:48: element node: Schemas validity error : Element 'node', attribute 'offset': The attribute 'offset' is not allowed.
/home/petersm/codexb_daq_gen.xml:49: element node: Schemas validity error : Element 'node', attribute 'offset': The attribute 'offset' is not allowed.
/home/petersm/codexb_daq_gen.xml:50: element node: Schemas validity error : Element 'node', attribute 'offset': The attribute 'offset' is not allowed.
/home/petersm/codexb_daq_gen.xml:51: element node: Schemas validity error : Element 'node', attribute 'offset': The attribute 'offset' is not allowed.
/home/petersm/codexb_daq_gen.xml:52: element node: Schemas validity error : Element 'node', attribute 'offset': The attribute 'offset' is not allowed.
/home/petersm/codexb_daq_gen.xml:53: element node: Schemas validity error : Element 'node', attribute 'offset': The attribute 'offset' is not allowed.
/home/petersm/codexb_daq_gen.xml:54: element node: Schemas validity error : Element 'node', attribute 'offset': The attribute 'offset' is not allowed.
/home/petersm/codexb_daq_gen.xml:55: element node: Schemas validity error : Element 'node', attribute 'offset': The attribute 'offset' is not allowed.
/home/petersm/codexb_daq_gen.xml:56: element node: Schemas validity error : Element 'node', attribute 'offset': The attribute 'offset' is not allowed.
/home/petersm/codexb_daq_gen.xml:57: element node: Schemas validity error : Element 'node', attribute 'offset': The attribute 'offset' is not allowed.
/home/petersm/codexb_daq_gen.xml:58: element node: Schemas validity error : Element 'node', attribute 'offset': The attribute 'offset' is not allowed.
/home/petersm/codexb_daq_gen.xml:59: element node: Schemas validity error : Element 'node', attribute 'offset': The attribute 'offset' is not allowed.
/home/petersm/codexb_daq_gen.xml:60: element node: Schemas validity error : Element 'node', attribute 'offset': The attribute 'offset' is not allowed.
/home/petersm/codexb_daq_gen.xml:61: element node: Schemas validity error : Element 'node', attribute 'offset': The attribute 'offset' is not allowed.
/home/petersm/codexb_daq_gen.xml:62: element node: Schemas validity error : Element 'node', attribute 'offset': The attribute 'offset' is not allowed.
/home/petersm/codexb_daq_gen.xml:63: element node: Schemas validity error : Element 'node', attribute 'offset': The attribute 'offset' is not allowed.
/home/petersm/codexb_daq_gen.xml:76: element node: Schemas validity error : Element 'node', attribute 'offset': The attribute 'offset' is not allowed.
/home/petersm/codexb_daq_gen.xml:77: element node: Schemas validity error : Element 'node', attribute 'offset': The attribute 'offset' is not allowed.
/home/petersm/codexb_daq_gen.xml:78: element node: Schemas validity error : Element 'node', attribute 'offset': The attribute 'offset' is not allowed.
/home/petersm/codexb_daq_gen.xml:79: element node: Schemas validity error : Element 'node', attribute 'offset': The attribute 'offset' is not allowed.
/home/petersm/codexb_daq_gen.xml:80: element node: Schemas validity error : Element 'node', attribute 'offset': The attribute 'offset' is not allowed.
/home/petersm/codexb_daq_gen.xml:81: element node: Schemas validity error : Element 'node', attribute 'offset': The attribute 'offset' is not allowed.
/home/petersm/codexb_daq_gen.xml:82: element node: Schemas validity error : Element 'node', attribute 'offset': The attribute 'offset' is not allowed.
/home/petersm/codexb_daq_gen.xml:85: element node: Schemas validity error : Element 'node', attribute 'offset': The attribute 'offset' is not allowed.
/home/petersm/codexb_daq_gen.xml:86: element node: Schemas validity error : Element 'node', attribute 'offset': The attribute 'offset' is not allowed.
/home/petersm/codexb_daq_gen.xml:87: element node: Schemas validity error : Element 'node', attribute 'offset': The attribute 'offset' is not allowed.
/home/petersm/codexb_daq_gen.xml:88: element node: Schemas validity error : Element 'node', attribute 'offset': The attribute 'offset' is not allowed.
/home/petersm/codexb_daq_gen.xml:89: element node: Schemas validity error : Element 'node', attribute 'offset': The attribute 'offset' is not allowed.
/home/petersm/codexb_daq_gen.xml:90: element node: Schemas validity error : Element 'node', attribute 'offset': The attribute 'offset' is not allowed.
/home/petersm/codexb_daq_gen.xml:91: element node: Schemas validity error : Element 'node', attribute 'offset': The attribute 'offset' is not allowed.
/home/petersm/codexb_daq_gen.xml:98: element node: Schemas validity error : Element 'node', attribute 'offset': The attribute 'offset' is not allowed.
/home/petersm/codexb_daq_gen.xml fails to validate
2026.01.28 04:29:22.638["XML file: /home/petersm/codexb_daq_gen.xml"]["Schema file: /group/cx/wincc319/fwComponents_CXDAQFEE/bin/fwHwTypesSchema.xsd"]["ret: 3"]
2026.01.28 04:29:22.642["/home/petersm/codexb_daq_gen.xml is invalid"]
["The ID:"][0]
["Errors:"][""][-1][-1]
/home/petersm/codexb_daq.xml:2: element hw: Schemas validity error : Element 'hw': No matching global declaration available for the validation root.
/home/petersm/codexb_daq.xml fails to validate
2026.01.28 04:31:16.977["XML file: /home/petersm/codexb_daq.xml"]["Schema file: /group/cx/wincc319/fwComponents_CXDAQFEE/bin/fwHwTypesSchema.xsd"]["ret: 3"]
2026.01.28 04:31:16.982["/home/petersm/codexb_daq.xml is invalid"]
["The ID:"][0]
["Errors:"][""][-1][-1]
/home/petersm/codexb_daq_gen.xml:3: element hw: Schemas validity error : Element 'hw': No matching global declaration available for the validation root.
/home/petersm/codexb_daq_gen.xml fails to validate
2026.01.28 04:31:27.715["XML file: /home/petersm/codexb_daq_gen.xml"]["Schema file: /group/cx/wincc319/fwComponents_CXDAQFEE/bin/fwHwTypesSchema.xsd"]["ret: 3"]
2026.01.28 04:31:27.717["/home/petersm/codexb_daq_gen.xml is invalid"]
["The ID:"][0]
["Errors:"][""][-1][-1]
/home/petersm/codexb_daq_gen.xml:4: element hw: Schemas validity error : Element 'hw': No matching global declaration available for the validation root.
/home/petersm/codexb_daq_gen.xml fails to validate
2026.01.28 04:33:21.531["XML file: /home/petersm/codexb_daq_gen.xml"]["Schema file: /group/cx/wincc319/fwComponents_CXDAQFEE/bin/fwHwTypesSchema.xsd"]["ret: 3"]
2026.01.28 04:33:21.536["/home/petersm/codexb_daq_gen.xml is invalid"]
2026.01.28 04:34:00.328["******* Closing "]["CODEXB_SOL40"][0]
["The ID:"][0]
["Errors:"][""][-1][-1]
/home/petersm/test.xml:2: element hw: Schemas validity error : Element 'hw': No matching global declaration available for the validation root.
/home/petersm/test.xml fails to validate
2026.01.28 04:35:38.946["XML file: /home/petersm/test.xml"]["Schema file: /group/cx/wincc319/fwComponents_CXDAQFEE/bin/fwHwTypesSchema.xsd"]["ret: 3"]
2026.01.28 04:35:38.951["/home/petersm/test.xml is invalid"]
["The ID:"][0]
["Errors:"][""][-1][-1]
/home/petersm/test.xml:2: element fwCaen: Schemas validity error : Element 'fwCaen': No matching global declaration available for the validation root.
/home/petersm/test.xml fails to validate
2026.01.28 04:36:31.163["XML file: /home/petersm/test.xml"]["Schema file: /group/cx/wincc319/fwComponents_CXDAQFEE/bin/fwHwTypesSchema.xsd"]["ret: 3"]
2026.01.28 04:36:31.165["/home/petersm/test.xml is invalid"]
["The ID:"][0]
["Errors:"][""][-1][-1]
/home/petersm/test.xml:2: element fwCaen: Schemas validity error : Element 'fwCaen': No matching global declaration available for the validation root.
/home/petersm/test.xml fails to validate
2026.01.28 04:37:26.247["XML file: /home/petersm/test.xml"]["Schema file: /group/cx/wincc319/fwComponents_CXDAQFEE/bin/fwHwTypesSchema.xsd"]["ret: 3"]
2026.01.28 04:37:26.252["/home/petersm/test.xml is invalid"]
["The ID:"][0]
["Errors:"][""][-1][-1]
/home/petersm/test.xml:2: element fwHardware: Schemas validity error : Element 'fwHardware': No matching global declaration available for the validation root.
/home/petersm/test.xml fails to validate
2026.01.28 04:37:57.598["XML file: /home/petersm/test.xml"]["Schema file: /group/cx/wincc319/fwComponents_CXDAQFEE/bin/fwHwTypesSchema.xsd"]["ret: 3"]
2026.01.28 04:37:57.601["/home/petersm/test.xml is invalid"]
2026.01.28 05:04:21.443["HW Para"]["HW Tool_paraPanel"]
2026.01.28 06:35:27.593["System Name: CXDAQFEE: System Number: 1421 - FwFsm: version is 3503"]
["FwHw - version is 0611"]
["The ID:"][0]
["Errors:"][""][-1][-1]
/home/petersm/codexb_daq.xml:2: element hw: Schemas validity error : Element 'hw': No matching global declaration available for the validation root.
/home/petersm/codexb_daq.xml fails to validate
2026.01.28 06:50:15.319["XML file: /home/petersm/codexb_daq.xml"]["Schema file: /group/cx/wincc319/fwComponents_CXDAQFEE/bin/fwHwTypesSchema.xsd"]["ret: 3"]
2026.01.28 06:50:15.323["/home/petersm/codexb_daq.xml is invalid"]
["The ID:"][0]
["Errors:"][""][-1][-1]
/home/petersm/codexb_daq.xml:2: element hw: Schemas validity error : Element 'hw': No matching global declaration available for the validation root.
/home/petersm/codexb_daq.xml fails to validate
2026.01.28 06:52:23.849["XML file: /home/petersm/codexb_daq.xml"]["Schema file: /group/cx/wincc319/fwComponents_CXDAQFEE/bin/fwHwTypesSchema.xsd"]["ret: 3"]
2026.01.28 06:52:23.853["/home/petersm/codexb_daq.xml is invalid"]
["The ID:"][0]
["Errors:"][""][-1][-1]
/home/petersm/codexb_daq.xml:2: element hw: Schemas validity error : Element 'hw': No matching global declaration available for the validation root.
/home/petersm/codexb_daq.xml fails to validate
2026.01.28 06:52:30.151["XML file: /home/petersm/codexb_daq.xml"]["Schema file: /group/cx/wincc319/fwComponents_CXDAQFEE/bin/fwHwTypesSchema.xsd"]["ret: 3"]
2026.01.28 06:52:30.153["/home/petersm/codexb_daq.xml is invalid"]
2026.01.28 17:01:48.938["System Name: CXDAQFEE: System Number: 1421 - FwFsm: version is 3503"]
["FwHw - version is 0611"]
