2026.01.26 09:55:24.489["System Name: CXDAQFEE: System Number: 1421 - FwFsm: version is 3503"]
2026.01.26 09:55:32.909["+++++++++++++ Opening Panel CODEXB_SOL40::CODEXB_SOL40"]
2026.01.26 09:55:33.452["/group/online/ecs/PVSSShortcutProjects319/GlobalProject/scripts/libs/fwTFC/fwSOL40.lctl::SOL40_getTopDp: Updating devices mapping"]
2026.01.26 09:55:33.684["en/disabling dp"]["CODEXB_SOL40"]["cxsol01/Link03"]["CXDAQFEE:CODEXB_SOL40|cxsol01/Link03"][-1]
2026.01.26 09:55:33.685["******* Disabling "]["CODEXB_SOL40"]["cxsol01/Link03"]
2026.01.26 09:55:33.685["_fwFsmUser_findL1Boards"]["LHCb"][dyn_string 0 items
]["CODEXB_SOL40"]
2026.01.26 09:55:33.686["[Module: CODEXB_SOL40 Panel: fwFSMuser/fwUi.pnl    In reference: fwTFC/fwTFC_SOL40_AllLinks.pnl Group: 55 named: \"specific\"  Script: Initialize]"]["checkFibersAssignment"]["SOL40 Link cxsol01/Link03 should probably be disabled"]
2026.01.26 09:55:33.687["en/disabling dp"]["CODEXB_SOL40"]["cxsol01/Link04"]["CXDAQFEE:CODEXB_SOL40|cxsol01/Link04"][-1]
2026.01.26 09:55:33.688["******* Disabling "]["CODEXB_SOL40"]["cxsol01/Link04"]
2026.01.26 09:55:33.688["_fwFsmUser_findL1Boards"]["LHCb"][dyn_string 0 items
]["CODEXB_SOL40"]
2026.01.26 09:55:33.688["[Module: CODEXB_SOL40 Panel: fwFSMuser/fwUi.pnl    In reference: fwTFC/fwTFC_SOL40_AllLinks.pnl Group: 55 named: \"specific\"  Script: Initialize]"]["checkFibersAssignment"]["SOL40 Link cxsol01/Link04 should probably be disabled"]
2026.01.26 09:55:33.689["en/disabling dp"]["CODEXB_SOL40"]["cxsol01/Link05"]["CXDAQFEE:CODEXB_SOL40|cxsol01/Link05"][-1]
2026.01.26 09:55:33.690["******* Disabling "]["CODEXB_SOL40"]["cxsol01/Link05"]
2026.01.26 09:55:33.691["_fwFsmUser_findL1Boards"]["LHCb"][dyn_string 0 items
]["CODEXB_SOL40"]
2026.01.26 09:55:33.691["[Module: CODEXB_SOL40 Panel: fwFSMuser/fwUi.pnl    In reference: fwTFC/fwTFC_SOL40_AllLinks.pnl Group: 55 named: \"specific\"  Script: Initialize]"]["checkFibersAssignment"]["SOL40 Link cxsol01/Link05 should probably be disabled"]
2026.01.26 09:55:33.692["en/disabling dp"]["CODEXB_SOL40"]["cxsol01/Link06"]["CXDAQFEE:CODEXB_SOL40|cxsol01/Link06"][-1]
2026.01.26 09:55:33.693["******* Disabling "]["CODEXB_SOL40"]["cxsol01/Link06"]
2026.01.26 09:55:33.693["_fwFsmUser_findL1Boards"]["LHCb"][dyn_string 0 items
]["CODEXB_SOL40"]
2026.01.26 09:55:33.693["[Module: CODEXB_SOL40 Panel: fwFSMuser/fwUi.pnl    In reference: fwTFC/fwTFC_SOL40_AllLinks.pnl Group: 55 named: \"specific\"  Script: Initialize]"]["checkFibersAssignment"]["SOL40 Link cxsol01/Link06 should probably be disabled"]
2026.01.26 09:55:33.694["en/disabling dp"]["CODEXB_SOL40"]["cxsol01/Link07"]["CXDAQFEE:CODEXB_SOL40|cxsol01/Link07"][-1]
2026.01.26 09:55:33.695["******* Disabling "]["CODEXB_SOL40"]["cxsol01/Link07"]
2026.01.26 09:55:33.696["_fwFsmUser_findL1Boards"]["LHCb"][dyn_string 0 items
]["CODEXB_SOL40"]
2026.01.26 09:55:33.696["[Module: CODEXB_SOL40 Panel: fwFSMuser/fwUi.pnl    In reference: fwTFC/fwTFC_SOL40_AllLinks.pnl Group: 55 named: \"specific\"  Script: Initialize]"]["checkFibersAssignment"]["SOL40 Link cxsol01/Link07 should probably be disabled"]
2026.01.26 09:55:33.697["en/disabling dp"]["CODEXB_SOL40"]["cxsol01/Link08"]["CXDAQFEE:CODEXB_SOL40|cxsol01/Link08"][-1]
2026.01.26 09:55:33.698["******* Disabling "]["CODEXB_SOL40"]["cxsol01/Link08"]
2026.01.26 09:55:33.698["_fwFsmUser_findL1Boards"]["LHCb"][dyn_string 0 items
]["CODEXB_SOL40"]
2026.01.26 09:55:33.698["[Module: CODEXB_SOL40 Panel: fwFSMuser/fwUi.pnl    In reference: fwTFC/fwTFC_SOL40_AllLinks.pnl Group: 55 named: \"specific\"  Script: Initialize]"]["checkFibersAssignment"]["SOL40 Link cxsol01/Link08 should probably be disabled"]
2026.01.26 09:55:33.699["en/disabling dp"]["CODEXB_SOL40"]["cxsol01/Link09"]["CXDAQFEE:CODEXB_SOL40|cxsol01/Link09"][-1]
2026.01.26 09:55:33.700["******* Disabling "]["CODEXB_SOL40"]["cxsol01/Link09"]
2026.01.26 09:55:33.701["_fwFsmUser_findL1Boards"]["LHCb"][dyn_string 0 items
]["CODEXB_SOL40"]
2026.01.26 09:55:33.701["[Module: CODEXB_SOL40 Panel: fwFSMuser/fwUi.pnl    In reference: fwTFC/fwTFC_SOL40_AllLinks.pnl Group: 55 named: \"specific\"  Script: Initialize]"]["checkFibersAssignment"]["SOL40 Link cxsol01/Link09 should probably be disabled"]
2026.01.26 09:55:33.702["en/disabling dp"]["CODEXB_SOL40"]["cxsol01/Link10"]["CXDAQFEE:CODEXB_SOL40|cxsol01/Link10"][-1]
2026.01.26 09:55:33.703["******* Disabling "]["CODEXB_SOL40"]["cxsol01/Link10"]
2026.01.26 09:55:33.703["_fwFsmUser_findL1Boards"]["LHCb"][dyn_string 0 items
]["CODEXB_SOL40"]
2026.01.26 09:55:33.703["[Module: CODEXB_SOL40 Panel: fwFSMuser/fwUi.pnl    In reference: fwTFC/fwTFC_SOL40_AllLinks.pnl Group: 55 named: \"specific\"  Script: Initialize]"]["checkFibersAssignment"]["SOL40 Link cxsol01/Link10 should probably be disabled"]
2026.01.26 09:55:33.704["en/disabling dp"]["CODEXB_SOL40"]["cxsol01/Link11"]["CXDAQFEE:CODEXB_SOL40|cxsol01/Link11"][-1]
2026.01.26 09:55:33.705["******* Disabling "]["CODEXB_SOL40"]["cxsol01/Link11"]
2026.01.26 09:55:33.706["_fwFsmUser_findL1Boards"]["LHCb"][dyn_string 0 items
]["CODEXB_SOL40"]
2026.01.26 09:55:33.706["[Module: CODEXB_SOL40 Panel: fwFSMuser/fwUi.pnl    In reference: fwTFC/fwTFC_SOL40_AllLinks.pnl Group: 55 named: \"specific\"  Script: Initialize]"]["checkFibersAssignment"]["SOL40 Link cxsol01/Link11 should probably be disabled"]
2026.01.26 09:55:33.711["en/disabling dp"]["CODEXB_SOL40"]["cxsol01/Link16"]["CXDAQFEE:CODEXB_SOL40|cxsol01/Link16"][-1]
2026.01.26 09:55:33.712["******* Disabling "]["CODEXB_SOL40"]["cxsol01/Link16"]
2026.01.26 09:55:33.712["_fwFsmUser_findL1Boards"]["LHCb"][dyn_string 0 items
]["CODEXB_SOL40"]
2026.01.26 09:55:33.712["[Module: CODEXB_SOL40 Panel: fwFSMuser/fwUi.pnl    In reference: fwTFC/fwTFC_SOL40_AllLinks.pnl Group: 55 named: \"specific\"  Script: Initialize]"]["checkFibersAssignment"]["SOL40 Link cxsol01/Link16 should probably be disabled"]
2026.01.26 09:55:33.713["en/disabling dp"]["CODEXB_SOL40"]["cxsol01/Link17"]["CXDAQFEE:CODEXB_SOL40|cxsol01/Link17"][-1]
2026.01.26 09:55:33.714["******* Disabling "]["CODEXB_SOL40"]["cxsol01/Link17"]
2026.01.26 09:55:33.715["_fwFsmUser_findL1Boards"]["LHCb"][dyn_string 0 items
]["CODEXB_SOL40"]
2026.01.26 09:55:33.715["[Module: CODEXB_SOL40 Panel: fwFSMuser/fwUi.pnl    In reference: fwTFC/fwTFC_SOL40_AllLinks.pnl Group: 55 named: \"specific\"  Script: Initialize]"]["checkFibersAssignment"]["SOL40 Link cxsol01/Link17 should probably be disabled"]
2026.01.26 09:55:33.716["en/disabling dp"]["CODEXB_SOL40"]["cxsol01/Link18"]["CXDAQFEE:CODEXB_SOL40|cxsol01/Link18"][-1]
2026.01.26 09:55:33.716["******* Disabling "]["CODEXB_SOL40"]["cxsol01/Link18"]
2026.01.26 09:55:33.717["_fwFsmUser_findL1Boards"]["LHCb"][dyn_string 0 items
]["CODEXB_SOL40"]
2026.01.26 09:55:33.717["[Module: CODEXB_SOL40 Panel: fwFSMuser/fwUi.pnl    In reference: fwTFC/fwTFC_SOL40_AllLinks.pnl Group: 55 named: \"specific\"  Script: Initialize]"]["checkFibersAssignment"]["SOL40 Link cxsol01/Link18 should probably be disabled"]
2026.01.26 09:55:33.718["en/disabling dp"]["CODEXB_SOL40"]["cxsol01/Link19"]["CXDAQFEE:CODEXB_SOL40|cxsol01/Link19"][-1]
2026.01.26 09:55:33.719["******* Disabling "]["CODEXB_SOL40"]["cxsol01/Link19"]
2026.01.26 09:55:33.720["_fwFsmUser_findL1Boards"]["LHCb"][dyn_string 0 items
]["CODEXB_SOL40"]
2026.01.26 09:55:33.721["[Module: CODEXB_SOL40 Panel: fwFSMuser/fwUi.pnl    In reference: fwTFC/fwTFC_SOL40_AllLinks.pnl Group: 55 named: \"specific\"  Script: Initialize]"]["checkFibersAssignment"]["SOL40 Link cxsol01/Link19 should probably be disabled"]
2026.01.26 09:55:33.722["en/disabling dp"]["CODEXB_SOL40"]["cxsol01/Link20"]["CXDAQFEE:CODEXB_SOL40|cxsol01/Link20"][-1]
2026.01.26 09:55:33.723["******* Disabling "]["CODEXB_SOL40"]["cxsol01/Link20"]
2026.01.26 09:55:33.723["_fwFsmUser_findL1Boards"]["LHCb"][dyn_string 0 items
]["CODEXB_SOL40"]
2026.01.26 09:55:33.723["[Module: CODEXB_SOL40 Panel: fwFSMuser/fwUi.pnl    In reference: fwTFC/fwTFC_SOL40_AllLinks.pnl Group: 55 named: \"specific\"  Script: Initialize]"]["checkFibersAssignment"]["SOL40 Link cxsol01/Link20 should probably be disabled"]
2026.01.26 09:55:33.724["en/disabling dp"]["CODEXB_SOL40"]["cxsol01/Link21"]["CXDAQFEE:CODEXB_SOL40|cxsol01/Link21"][-1]
2026.01.26 09:55:33.725["******* Disabling "]["CODEXB_SOL40"]["cxsol01/Link21"]
2026.01.26 09:55:33.726["_fwFsmUser_findL1Boards"]["LHCb"][dyn_string 0 items
]["CODEXB_SOL40"]
2026.01.26 09:55:33.726["[Module: CODEXB_SOL40 Panel: fwFSMuser/fwUi.pnl    In reference: fwTFC/fwTFC_SOL40_AllLinks.pnl Group: 55 named: \"specific\"  Script: Initialize]"]["checkFibersAssignment"]["SOL40 Link cxsol01/Link21 should probably be disabled"]
2026.01.26 09:55:33.727["en/disabling dp"]["CODEXB_SOL40"]["cxsol01/Link22"]["CXDAQFEE:CODEXB_SOL40|cxsol01/Link22"][-1]
2026.01.26 09:55:33.728["******* Disabling "]["CODEXB_SOL40"]["cxsol01/Link22"]
2026.01.26 09:55:33.729["_fwFsmUser_findL1Boards"]["LHCb"][dyn_string 0 items
]["CODEXB_SOL40"]
2026.01.26 09:55:33.729["[Module: CODEXB_SOL40 Panel: fwFSMuser/fwUi.pnl    In reference: fwTFC/fwTFC_SOL40_AllLinks.pnl Group: 55 named: \"specific\"  Script: Initialize]"]["checkFibersAssignment"]["SOL40 Link cxsol01/Link22 should probably be disabled"]
2026.01.26 09:55:33.730["en/disabling dp"]["CODEXB_SOL40"]["cxsol01/Link23"]["CXDAQFEE:CODEXB_SOL40|cxsol01/Link23"][-1]
2026.01.26 09:55:33.731["******* Disabling "]["CODEXB_SOL40"]["cxsol01/Link23"]
2026.01.26 09:55:33.731["_fwFsmUser_findL1Boards"]["LHCb"][dyn_string 0 items
]["CODEXB_SOL40"]
2026.01.26 09:55:33.731["[Module: CODEXB_SOL40 Panel: fwFSMuser/fwUi.pnl    In reference: fwTFC/fwTFC_SOL40_AllLinks.pnl Group: 55 named: \"specific\"  Script: Initialize]"]["checkFibersAssignment"]["SOL40 Link cxsol01/Link23 should probably be disabled"]
2026.01.26 09:55:33.736["en/disabling dp"]["CODEXB_SOL40"]["cxsol01/Link28"]["CXDAQFEE:CODEXB_SOL40|cxsol01/Link28"][-1]
2026.01.26 09:55:33.737["******* Disabling "]["CODEXB_SOL40"]["cxsol01/Link28"]
2026.01.26 09:55:33.738["_fwFsmUser_findL1Boards"]["LHCb"][dyn_string 0 items
]["CODEXB_SOL40"]
2026.01.26 09:55:33.738["[Module: CODEXB_SOL40 Panel: fwFSMuser/fwUi.pnl    In reference: fwTFC/fwTFC_SOL40_AllLinks.pnl Group: 55 named: \"specific\"  Script: Initialize]"]["checkFibersAssignment"]["SOL40 Link cxsol01/Link28 should probably be disabled"]
2026.01.26 09:55:33.739["en/disabling dp"]["CODEXB_SOL40"]["cxsol01/Link29"]["CXDAQFEE:CODEXB_SOL40|cxsol01/Link29"][-1]
2026.01.26 09:55:33.740["******* Disabling "]["CODEXB_SOL40"]["cxsol01/Link29"]
2026.01.26 09:55:33.741["_fwFsmUser_findL1Boards"]["LHCb"][dyn_string 0 items
]["CODEXB_SOL40"]
2026.01.26 09:55:33.741["[Module: CODEXB_SOL40 Panel: fwFSMuser/fwUi.pnl    In reference: fwTFC/fwTFC_SOL40_AllLinks.pnl Group: 55 named: \"specific\"  Script: Initialize]"]["checkFibersAssignment"]["SOL40 Link cxsol01/Link29 should probably be disabled"]
2026.01.26 09:55:33.742["en/disabling dp"]["CODEXB_SOL40"]["cxsol01/Link30"]["CXDAQFEE:CODEXB_SOL40|cxsol01/Link30"][-1]
2026.01.26 09:55:33.743["******* Disabling "]["CODEXB_SOL40"]["cxsol01/Link30"]
2026.01.26 09:55:33.743["_fwFsmUser_findL1Boards"]["LHCb"][dyn_string 0 items
]["CODEXB_SOL40"]
2026.01.26 09:55:33.743["[Module: CODEXB_SOL40 Panel: fwFSMuser/fwUi.pnl    In reference: fwTFC/fwTFC_SOL40_AllLinks.pnl Group: 55 named: \"specific\"  Script: Initialize]"]["checkFibersAssignment"]["SOL40 Link cxsol01/Link30 should probably be disabled"]
2026.01.26 09:55:33.744["en/disabling dp"]["CODEXB_SOL40"]["cxsol01/Link31"]["CXDAQFEE:CODEXB_SOL40|cxsol01/Link31"][-1]
2026.01.26 09:55:33.745["******* Disabling "]["CODEXB_SOL40"]["cxsol01/Link31"]
2026.01.26 09:55:33.745["_fwFsmUser_findL1Boards"]["LHCb"][dyn_string 0 items
]["CODEXB_SOL40"]
2026.01.26 09:55:33.746["[Module: CODEXB_SOL40 Panel: fwFSMuser/fwUi.pnl    In reference: fwTFC/fwTFC_SOL40_AllLinks.pnl Group: 55 named: \"specific\"  Script: Initialize]"]["checkFibersAssignment"]["SOL40 Link cxsol01/Link31 should probably be disabled"]
2026.01.26 09:55:33.746["en/disabling dp"]["CODEXB_SOL40"]["cxsol01/Link32"]["CXDAQFEE:CODEXB_SOL40|cxsol01/Link32"][-1]
2026.01.26 09:55:33.747["******* Disabling "]["CODEXB_SOL40"]["cxsol01/Link32"]
2026.01.26 09:55:33.748["_fwFsmUser_findL1Boards"]["LHCb"][dyn_string 0 items
]["CODEXB_SOL40"]
2026.01.26 09:55:33.748["[Module: CODEXB_SOL40 Panel: fwFSMuser/fwUi.pnl    In reference: fwTFC/fwTFC_SOL40_AllLinks.pnl Group: 55 named: \"specific\"  Script: Initialize]"]["checkFibersAssignment"]["SOL40 Link cxsol01/Link32 should probably be disabled"]
2026.01.26 09:55:33.749["en/disabling dp"]["CODEXB_SOL40"]["cxsol01/Link33"]["CXDAQFEE:CODEXB_SOL40|cxsol01/Link33"][-1]
2026.01.26 09:55:33.750["******* Disabling "]["CODEXB_SOL40"]["cxsol01/Link33"]
2026.01.26 09:55:33.750["_fwFsmUser_findL1Boards"]["LHCb"][dyn_string 0 items
]["CODEXB_SOL40"]
2026.01.26 09:55:33.750["[Module: CODEXB_SOL40 Panel: fwFSMuser/fwUi.pnl    In reference: fwTFC/fwTFC_SOL40_AllLinks.pnl Group: 55 named: \"specific\"  Script: Initialize]"]["checkFibersAssignment"]["SOL40 Link cxsol01/Link33 should probably be disabled"]
2026.01.26 09:55:33.751["en/disabling dp"]["CODEXB_SOL40"]["cxsol01/Link34"]["CXDAQFEE:CODEXB_SOL40|cxsol01/Link34"][-1]
2026.01.26 09:55:33.752["******* Disabling "]["CODEXB_SOL40"]["cxsol01/Link34"]
2026.01.26 09:55:33.752["_fwFsmUser_findL1Boards"]["LHCb"][dyn_string 0 items
]["CODEXB_SOL40"]
2026.01.26 09:55:33.752["[Module: CODEXB_SOL40 Panel: fwFSMuser/fwUi.pnl    In reference: fwTFC/fwTFC_SOL40_AllLinks.pnl Group: 55 named: \"specific\"  Script: Initialize]"]["checkFibersAssignment"]["SOL40 Link cxsol01/Link34 should probably be disabled"]
2026.01.26 09:55:33.753["en/disabling dp"]["CODEXB_SOL40"]["cxsol01/Link35"]["CXDAQFEE:CODEXB_SOL40|cxsol01/Link35"][-1]
2026.01.26 09:55:33.754["******* Disabling "]["CODEXB_SOL40"]["cxsol01/Link35"]
2026.01.26 09:55:33.755["_fwFsmUser_findL1Boards"]["LHCb"][dyn_string 0 items
]["CODEXB_SOL40"]
2026.01.26 09:55:33.755["[Module: CODEXB_SOL40 Panel: fwFSMuser/fwUi.pnl    In reference: fwTFC/fwTFC_SOL40_AllLinks.pnl Group: 55 named: \"specific\"  Script: Initialize]"]["checkFibersAssignment"]["SOL40 Link cxsol01/Link35 should probably be disabled"]
2026.01.26 09:55:33.758["en/disabling dp"]["CODEXB_SOL40"]["cxsol01/Link39"]["CXDAQFEE:CODEXB_SOL40|cxsol01/Link39"][-1]
2026.01.26 09:55:33.759["******* Disabling "]["CODEXB_SOL40"]["cxsol01/Link39"]
2026.01.26 09:55:33.760["_fwFsmUser_findL1Boards"]["LHCb"][dyn_string 0 items
]["CODEXB_SOL40"]
2026.01.26 09:55:33.760["[Module: CODEXB_SOL40 Panel: fwFSMuser/fwUi.pnl    In reference: fwTFC/fwTFC_SOL40_AllLinks.pnl Group: 55 named: \"specific\"  Script: Initialize]"]["checkFibersAssignment"]["SOL40 Link cxsol01/Link39 should probably be disabled"]
2026.01.26 09:55:33.761["en/disabling dp"]["CODEXB_SOL40"]["cxsol01/Link40"]["CXDAQFEE:CODEXB_SOL40|cxsol01/Link40"][-1]
2026.01.26 09:55:33.761["******* Disabling "]["CODEXB_SOL40"]["cxsol01/Link40"]
2026.01.26 09:55:33.762["_fwFsmUser_findL1Boards"]["LHCb"][dyn_string 0 items
]["CODEXB_SOL40"]
2026.01.26 09:55:33.762["[Module: CODEXB_SOL40 Panel: fwFSMuser/fwUi.pnl    In reference: fwTFC/fwTFC_SOL40_AllLinks.pnl Group: 55 named: \"specific\"  Script: Initialize]"]["checkFibersAssignment"]["SOL40 Link cxsol01/Link40 should probably be disabled"]
2026.01.26 09:55:33.763["en/disabling dp"]["CODEXB_SOL40"]["cxsol01/Link41"]["CXDAQFEE:CODEXB_SOL40|cxsol01/Link41"][-1]
2026.01.26 09:55:33.764["******* Disabling "]["CODEXB_SOL40"]["cxsol01/Link41"]
2026.01.26 09:55:33.764["_fwFsmUser_findL1Boards"]["LHCb"][dyn_string 0 items
]["CODEXB_SOL40"]
2026.01.26 09:55:33.765["[Module: CODEXB_SOL40 Panel: fwFSMuser/fwUi.pnl    In reference: fwTFC/fwTFC_SOL40_AllLinks.pnl Group: 55 named: \"specific\"  Script: Initialize]"]["checkFibersAssignment"]["SOL40 Link cxsol01/Link41 should probably be disabled"]
2026.01.26 09:55:33.765["en/disabling dp"]["CODEXB_SOL40"]["cxsol01/Link42"]["CXDAQFEE:CODEXB_SOL40|cxsol01/Link42"][-1]
2026.01.26 09:55:33.766["******* Disabling "]["CODEXB_SOL40"]["cxsol01/Link42"]
2026.01.26 09:55:33.767["_fwFsmUser_findL1Boards"]["LHCb"][dyn_string 0 items
]["CODEXB_SOL40"]
2026.01.26 09:55:33.767["[Module: CODEXB_SOL40 Panel: fwFSMuser/fwUi.pnl    In reference: fwTFC/fwTFC_SOL40_AllLinks.pnl Group: 55 named: \"specific\"  Script: Initialize]"]["checkFibersAssignment"]["SOL40 Link cxsol01/Link42 should probably be disabled"]
2026.01.26 09:55:33.767["en/disabling dp"]["CODEXB_SOL40"]["cxsol01/Link43"]["CXDAQFEE:CODEXB_SOL40|cxsol01/Link43"][-1]
2026.01.26 09:55:33.768["******* Disabling "]["CODEXB_SOL40"]["cxsol01/Link43"]
2026.01.26 09:55:33.769["_fwFsmUser_findL1Boards"]["LHCb"][dyn_string 0 items
]["CODEXB_SOL40"]
2026.01.26 09:55:33.769["[Module: CODEXB_SOL40 Panel: fwFSMuser/fwUi.pnl    In reference: fwTFC/fwTFC_SOL40_AllLinks.pnl Group: 55 named: \"specific\"  Script: Initialize]"]["checkFibersAssignment"]["SOL40 Link cxsol01/Link43 should probably be disabled"]
2026.01.26 09:55:33.770["en/disabling dp"]["CODEXB_SOL40"]["cxsol01/Link44"]["CXDAQFEE:CODEXB_SOL40|cxsol01/Link44"][-1]
2026.01.26 09:55:33.771["******* Disabling "]["CODEXB_SOL40"]["cxsol01/Link44"]
2026.01.26 09:55:33.771["_fwFsmUser_findL1Boards"]["LHCb"][dyn_string 0 items
]["CODEXB_SOL40"]
2026.01.26 09:55:33.771["[Module: CODEXB_SOL40 Panel: fwFSMuser/fwUi.pnl    In reference: fwTFC/fwTFC_SOL40_AllLinks.pnl Group: 55 named: \"specific\"  Script: Initialize]"]["checkFibersAssignment"]["SOL40 Link cxsol01/Link44 should probably be disabled"]
2026.01.26 09:55:33.772["en/disabling dp"]["CODEXB_SOL40"]["cxsol01/Link45"]["CXDAQFEE:CODEXB_SOL40|cxsol01/Link45"][-1]
2026.01.26 09:55:33.773["******* Disabling "]["CODEXB_SOL40"]["cxsol01/Link45"]
2026.01.26 09:55:33.773["_fwFsmUser_findL1Boards"]["LHCb"][dyn_string 0 items
]["CODEXB_SOL40"]
2026.01.26 09:55:33.773["[Module: CODEXB_SOL40 Panel: fwFSMuser/fwUi.pnl    In reference: fwTFC/fwTFC_SOL40_AllLinks.pnl Group: 55 named: \"specific\"  Script: Initialize]"]["checkFibersAssignment"]["SOL40 Link cxsol01/Link45 should probably be disabled"]
2026.01.26 09:55:33.774["en/disabling dp"]["CODEXB_SOL40"]["cxsol01/Link46"]["CXDAQFEE:CODEXB_SOL40|cxsol01/Link46"][-1]
2026.01.26 09:55:33.775["******* Disabling "]["CODEXB_SOL40"]["cxsol01/Link46"]
2026.01.26 09:55:33.775["_fwFsmUser_findL1Boards"]["LHCb"][dyn_string 0 items
]["CODEXB_SOL40"]
2026.01.26 09:55:33.775["[Module: CODEXB_SOL40 Panel: fwFSMuser/fwUi.pnl    In reference: fwTFC/fwTFC_SOL40_AllLinks.pnl Group: 55 named: \"specific\"  Script: Initialize]"]["checkFibersAssignment"]["SOL40 Link cxsol01/Link46 should probably be disabled"]
2026.01.26 09:55:33.776["en/disabling dp"]["CODEXB_SOL40"]["cxsol01/Link47"]["CXDAQFEE:CODEXB_SOL40|cxsol01/Link47"][-1]
2026.01.26 09:55:33.777["******* Disabling "]["CODEXB_SOL40"]["cxsol01/Link47"]
2026.01.26 09:55:33.777["_fwFsmUser_findL1Boards"]["LHCb"][dyn_string 0 items
]["CODEXB_SOL40"]
2026.01.26 09:55:33.778["[Module: CODEXB_SOL40 Panel: fwFSMuser/fwUi.pnl    In reference: fwTFC/fwTFC_SOL40_AllLinks.pnl Group: 55 named: \"specific\"  Script: Initialize]"]["checkFibersAssignment"]["SOL40 Link cxsol01/Link47 should probably be disabled"]
2026.01.26 09:55:33.781["en/disabling dp"]["CODEXB_SOL40"]["cxsol01/Link00"]["CXDAQFEE:CODEXB_SOL40|cxsol01/Link00"][1]
2026.01.26 09:55:33.783["******* Enabling "]["CODEXB_SOL40"]["cxsol01/Link00"]
2026.01.26 09:55:33.784["_fwFsmUser_findL1Boards"]["LHCb"][dyn_string 0 items
]["CODEXB_SOL40"]
2026.01.26 09:55:33.788["en/disabling dp"]["CODEXB_SOL40"]["cxsol01/Link01"]["CXDAQFEE:CODEXB_SOL40|cxsol01/Link01"][1]
2026.01.26 09:55:33.790["******* Enabling "]["CODEXB_SOL40"]["cxsol01/Link01"]
2026.01.26 09:55:33.791["_fwFsmUser_findL1Boards"]["LHCb"][dyn_string 0 items
]["CODEXB_SOL40"]
2026.01.26 09:55:33.794["en/disabling dp"]["CODEXB_SOL40"]["cxsol01/Link02"]["CXDAQFEE:CODEXB_SOL40|cxsol01/Link02"][1]
2026.01.26 09:55:33.796["******* Enabling "]["CODEXB_SOL40"]["cxsol01/Link02"]
2026.01.26 09:55:33.797["_fwFsmUser_findL1Boards"]["LHCb"][dyn_string 0 items
]["CODEXB_SOL40"]
2026.01.26 09:55:33.800["en/disabling dp"]["CODEXB_SOL40"]["cxsol01/Link12"]["CXDAQFEE:CODEXB_SOL40|cxsol01/Link12"][1]
2026.01.26 09:55:33.802["******* Enabling "]["CODEXB_SOL40"]["cxsol01/Link12"]
2026.01.26 09:55:33.803["_fwFsmUser_findL1Boards"]["LHCb"][dyn_string 0 items
]["CODEXB_SOL40"]
2026.01.26 09:55:33.806["en/disabling dp"]["CODEXB_SOL40"]["cxsol01/Link13"]["CXDAQFEE:CODEXB_SOL40|cxsol01/Link13"][1]
2026.01.26 09:55:33.808["******* Enabling "]["CODEXB_SOL40"]["cxsol01/Link13"]
2026.01.26 09:55:33.809["_fwFsmUser_findL1Boards"]["LHCb"][dyn_string 0 items
]["CODEXB_SOL40"]
2026.01.26 09:55:33.812["en/disabling dp"]["CODEXB_SOL40"]["cxsol01/Link14"]["CXDAQFEE:CODEXB_SOL40|cxsol01/Link14"][1]
2026.01.26 09:55:33.815["******* Enabling "]["CODEXB_SOL40"]["cxsol01/Link14"]
2026.01.26 09:55:33.815["_fwFsmUser_findL1Boards"]["LHCb"][dyn_string 0 items
]["CODEXB_SOL40"]
2026.01.26 09:55:33.818["en/disabling dp"]["CODEXB_SOL40"]["cxsol01/Link15"]["CXDAQFEE:CODEXB_SOL40|cxsol01/Link15"][1]
2026.01.26 09:55:33.820["******* Enabling "]["CODEXB_SOL40"]["cxsol01/Link15"]
2026.01.26 09:55:33.821["_fwFsmUser_findL1Boards"]["LHCb"][dyn_string 0 items
]["CODEXB_SOL40"]
2026.01.26 09:55:33.823["en/disabling dp"]["CODEXB_SOL40"]["cxsol01/Link24"]["CXDAQFEE:CODEXB_SOL40|cxsol01/Link24"][1]
2026.01.26 09:55:33.826["******* Enabling "]["CODEXB_SOL40"]["cxsol01/Link24"]
2026.01.26 09:55:33.826["_fwFsmUser_findL1Boards"]["LHCb"][dyn_string 0 items
]["CODEXB_SOL40"]
2026.01.26 09:55:33.830["en/disabling dp"]["CODEXB_SOL40"]["cxsol01/Link25"]["CXDAQFEE:CODEXB_SOL40|cxsol01/Link25"][1]
2026.01.26 09:55:33.832["******* Enabling "]["CODEXB_SOL40"]["cxsol01/Link25"]
2026.01.26 09:55:33.833["_fwFsmUser_findL1Boards"]["LHCb"][dyn_string 0 items
]["CODEXB_SOL40"]
2026.01.26 09:55:33.835["en/disabling dp"]["CODEXB_SOL40"]["cxsol01/Link26"]["CXDAQFEE:CODEXB_SOL40|cxsol01/Link26"][1]
2026.01.26 09:55:33.837["******* Enabling "]["CODEXB_SOL40"]["cxsol01/Link26"]
2026.01.26 09:55:33.838["_fwFsmUser_findL1Boards"]["LHCb"][dyn_string 0 items
]["CODEXB_SOL40"]
2026.01.26 09:55:33.841["en/disabling dp"]["CODEXB_SOL40"]["cxsol01/Link27"]["CXDAQFEE:CODEXB_SOL40|cxsol01/Link27"][1]
2026.01.26 09:55:33.843["******* Enabling "]["CODEXB_SOL40"]["cxsol01/Link27"]
2026.01.26 09:55:33.843["_fwFsmUser_findL1Boards"]["LHCb"][dyn_string 0 items
]["CODEXB_SOL40"]
2026.01.26 09:55:33.846["en/disabling dp"]["CODEXB_SOL40"]["cxsol01/Link36"]["CXDAQFEE:CODEXB_SOL40|cxsol01/Link36"][1]
2026.01.26 09:55:33.848["******* Enabling "]["CODEXB_SOL40"]["cxsol01/Link36"]
2026.01.26 09:55:33.848["_fwFsmUser_findL1Boards"]["LHCb"][dyn_string 0 items
]["CODEXB_SOL40"]
2026.01.26 09:55:33.851["en/disabling dp"]["CODEXB_SOL40"]["cxsol01/Link37"]["CXDAQFEE:CODEXB_SOL40|cxsol01/Link37"][1]
2026.01.26 09:55:33.853["******* Enabling "]["CODEXB_SOL40"]["cxsol01/Link37"]
2026.01.26 09:55:33.854["_fwFsmUser_findL1Boards"]["LHCb"][dyn_string 0 items
]["CODEXB_SOL40"]
2026.01.26 09:55:33.856["en/disabling dp"]["CODEXB_SOL40"]["cxsol01/Link38"]["CXDAQFEE:CODEXB_SOL40|cxsol01/Link38"][1]
2026.01.26 09:55:33.858["******* Enabling "]["CODEXB_SOL40"]["cxsol01/Link38"]
2026.01.26 09:55:33.859["_fwFsmUser_findL1Boards"]["LHCb"][dyn_string 0 items
]["CODEXB_SOL40"]
