PVSS00dim(4) - Tue Jan 20 11:19:59 2026
	*** Using DIM Config DP: GbtConfig_Q_SOL40
PVSS00dim(4) - Tue Jan 20 11:20:05 2026
	*** 8736 DIM Client Service(s) Set Up
PVSS00dim(4) - Tue Jan 20 11:20:06 2026
	*** 4368 DIM Client Command(s) Set Up
PVSS00dim(4) - Tue Jan 20 11:27:35 2026
	Exiting... 
PVSS00dim(4) - Tue Jan 20 11:28:05 2026
	*** Using DIM Config DP: GbtConfig_Q_SOL40
PVSS00dim(4) - Tue Jan 20 11:28:06 2026
	*** 8736 DIM Client Service(s) Set Up
PVSS00dim(4) - Tue Jan 20 11:28:07 2026
	*** 4368 DIM Client Command(s) Set Up
PVSS00dim(4) - Thu Jan 22 14:29:41 2026
	Exiting... 
PVSS00dim(4) - Fri Jan 23 14:10:07 2026
	*** Using DIM Config DP: GbtConfig_Q_SOL40
PVSS00dim(4) - Fri Jan 23 14:10:09 2026
	*** 8736 DIM Client Service(s) Set Up
PVSS00dim(4) - Fri Jan 23 14:10:10 2026
	*** 4368 DIM Client Command(s) Set Up
PVSS00dim(4) - Fri Jan 23 14:51:49 2026
	Exiting... 
PVSS00dim(4) - Fri Jan 23 14:52:56 2026
	*** Using DIM Config DP: GbtConfig_Q_SOL40
PVSS00dim(4) - Fri Jan 23 14:52:58 2026
	*** 8736 DIM Client Service(s) Set Up
PVSS00dim(4) - Fri Jan 23 14:52:58 2026
	*** 4368 DIM Client Command(s) Set Up
PVSS00dim(4) - Fri Jan 23 14:53:12 2026
	Exiting... 
PVSS00dim(4) - Fri Jan 23 14:54:12 2026
	*** Using DIM Config DP: GbtConfig_Q_SOL40
PVSS00dim(4) - Fri Jan 23 14:54:14 2026
	*** 8736 DIM Client Service(s) Set Up
PVSS00dim(4) - Fri Jan 23 14:54:14 2026
	*** 4368 DIM Client Command(s) Set Up
