2026.01.20 11:22:41.372["System Name: CXDAQFEE: System Number: 1421 - FwFsm: version is 3503"]
2026.01.20 11:22:42.383["Starting devices for: FEE"]
2026.01.20 11:22:42.384["Starting devices for: MiniDAQ"]
2026.01.20 11:22:42.406["Starting devices for: SOL40"]
2026.01.20 11:24:21.631["Stopping devices for: FEE"]
2026.01.20 11:24:21.631["Stopping devices for: MiniDAQ"]
2026.01.20 11:24:41.701["Stopping devices for: SOL40"]
2026.01.20 11:24:57.553["Starting devices for: CODEXB_SOL40"]
2026.01.20 11:28:06.042["System Name: CXDAQFEE: System Number: 1421 - FwFsm: version is 3503"]
2026.01.20 11:28:07.075["Starting devices for: CODEXB_SOL40"]
2026.01.23 14:10:08.636["System Name: CXDAQFEE: System Number: 1421 - FwFsm: version is 3503"]
2026.01.23 14:10:09.667["Starting devices for: CODEXB_SOL40"]
2026.01.23 14:52:57.415["System Name: CXDAQFEE: System Number: 1421 - FwFsm: version is 3503"]
2026.01.23 14:52:58.448["Starting devices for: CODEXB_SOL40"]
2026.01.23 14:54:13.449["System Name: CXDAQFEE: System Number: 1421 - FwFsm: version is 3503"]
2026.01.23 14:54:14.475["Starting devices for: CODEXB_SOL40"]
2026.01.26 17:23:37.675["System Name: CXDAQFEE: System Number: 1421 - FwFsm: version is 3503"]
2026.01.26 17:23:38.702["Starting devices for: CODEXB_SOL40"]
2026.01.26 17:35:49.036["/group/online/ecs/PVSSShortcutProjects319/GlobalProject/scripts/libs/fwTFC/fwSOL40.lctl::SOL40_getTopDp: Updating devices mapping"]
2026.01.26 17:35:49.037["/group/online/ecs/PVSSShortcutProjects319/GlobalProject/scripts/libs/fwTFC/fwSOL40.lctl::SOL40_getTopDp: Updating devices mapping"]
2026.01.26 17:35:49.037["/group/online/ecs/PVSSShortcutProjects319/GlobalProject/scripts/libs/fwTFC/fwSOL40.lctl::SOL40_getTopDp: Updating devices mapping"]
2026.01.26 17:35:49.037["/group/online/ecs/PVSSShortcutProjects319/GlobalProject/scripts/libs/fwTFC/fwSOL40.lctl::SOL40_getTopDp: Updating devices mapping"]
2026.01.26 17:35:49.037["/group/online/ecs/PVSSShortcutProjects319/GlobalProject/scripts/libs/fwTFC/fwSOL40.lctl::SOL40_getTopDp: Updating devices mapping"]
2026.01.26 17:35:49.038["/group/online/ecs/PVSSShortcutProjects319/GlobalProject/scripts/libs/fwTFC/fwSOL40.lctl::SOL40_getTopDp: Updating devices mapping"]
2026.01.26 17:35:49.038["/group/online/ecs/PVSSShortcutProjects319/GlobalProject/scripts/libs/fwTFC/fwSOL40.lctl::SOL40_getTopDp: Updating devices mapping"]
2026.01.26 17:35:49.038["/group/online/ecs/PVSSShortcutProjects319/GlobalProject/scripts/libs/fwTFC/fwSOL40.lctl::SOL40_getTopDp: Updating devices mapping"]
2026.01.26 17:35:49.038["/group/online/ecs/PVSSShortcutProjects319/GlobalProject/scripts/libs/fwTFC/fwSOL40.lctl::SOL40_getTopDp: Updating devices mapping"]
2026.01.26 17:35:49.039["/group/online/ecs/PVSSShortcutProjects319/GlobalProject/scripts/libs/fwTFC/fwSOL40.lctl::SOL40_getTopDp: Updating devices mapping"]
2026.01.26 17:35:49.039["/group/online/ecs/PVSSShortcutProjects319/GlobalProject/scripts/libs/fwTFC/fwSOL40.lctl::SOL40_getTopDp: Updating devices mapping"]
2026.01.26 17:35:49.039["/group/online/ecs/PVSSShortcutProjects319/GlobalProject/scripts/libs/fwTFC/fwSOL40.lctl::SOL40_getTopDp: Updating devices mapping"]
2026.01.26 17:35:49.039["/group/online/ecs/PVSSShortcutProjects319/GlobalProject/scripts/libs/fwTFC/fwSOL40.lctl::SOL40_getTopDp: Updating devices mapping"]
2026.01.26 17:35:49.040["/group/online/ecs/PVSSShortcutProjects319/GlobalProject/scripts/libs/fwTFC/fwSOL40.lctl::SOL40_getTopDp: Updating devices mapping"]
2026.01.26 17:35:49.040["Link00"]["Link38"]["CXECS:CODEXB_RunInfo"]
2026.01.26 17:35:49.040["CXDAQFEE:cxsol01/Link38 Using Recipe: DEFAULT/CONFIGURE"]
["Creating default ConfDB setup"]
2026.01.26 17:35:49.041["Link00"]["Link00"]["CXECS:CODEXB_RunInfo"]
2026.01.26 17:35:49.041["Link00"]["Link12"]["CXECS:CODEXB_RunInfo"]
2026.01.26 17:35:49.041["CXDAQFEE:cxsol01/Link12 Using Recipe: DEFAULT/CONFIGURE"]
2026.01.26 17:35:49.041["Link00"]["Link02"]["CXECS:CODEXB_RunInfo"]
2026.01.26 17:35:49.041["CXDAQFEE:cxsol01/Link02 Using Recipe: DEFAULT/CONFIGURE"]
2026.01.26 17:35:49.041["Link00"]["Link01"]["CXECS:CODEXB_RunInfo"]
2026.01.26 17:35:49.041["CXDAQFEE:cxsol01/Link01 Using Recipe: DEFAULT/CONFIGURE"]
2026.01.26 17:35:49.042["Link00"]["Link25"]["CXECS:CODEXB_RunInfo"]
2026.01.26 17:35:49.042["CXDAQFEE:cxsol01/Link25 Using Recipe: DEFAULT/CONFIGURE"]
2026.01.26 17:35:49.042["Link00"]["Link24"]["CXECS:CODEXB_RunInfo"]
2026.01.26 17:35:49.042["CXDAQFEE:cxsol01/Link24 Using Recipe: DEFAULT/CONFIGURE"]
2026.01.26 17:35:49.042["Link00"]["Link15"]["CXECS:CODEXB_RunInfo"]
2026.01.26 17:35:49.042["CXDAQFEE:cxsol01/Link15 Using Recipe: DEFAULT/CONFIGURE"]
2026.01.26 17:35:49.042["Link00"]["Link14"]["CXECS:CODEXB_RunInfo"]
2026.01.26 17:35:49.042["CXDAQFEE:cxsol01/Link14 Using Recipe: DEFAULT/CONFIGURE"]
2026.01.26 17:35:49.042["Link00"]["Link13"]["CXECS:CODEXB_RunInfo"]
2026.01.26 17:35:49.042["CXDAQFEE:cxsol01/Link13 Using Recipe: DEFAULT/CONFIGURE"]
2026.01.26 17:35:49.042["Link00"]["Link37"]["CXECS:CODEXB_RunInfo"]
2026.01.26 17:35:49.042["CXDAQFEE:cxsol01/Link37 Using Recipe: DEFAULT/CONFIGURE"]
2026.01.26 17:35:49.043["Link00"]["Link36"]["CXECS:CODEXB_RunInfo"]
2026.01.26 17:35:49.043["CXDAQFEE:cxsol01/Link36 Using Recipe: DEFAULT/CONFIGURE"]
2026.01.26 17:35:49.043["Link00"]["Link27"]["CXECS:CODEXB_RunInfo"]
2026.01.26 17:35:49.043["CXDAQFEE:cxsol01/Link27 Using Recipe: DEFAULT/CONFIGURE"]
2026.01.26 17:35:49.043["Link00"]["Link26"]["CXECS:CODEXB_RunInfo"]
2026.01.26 17:35:49.043["CXDAQFEE:cxsol01/Link26 Using Recipe: DEFAULT/CONFIGURE"]
["***fwConfigurationDB Exception Handler (fwConfigurationDB_loadRecipeFromCache)***"]
[dyn_string 3 items
     1: "ERROR"
     2: "Recipe Cache CXDAQFEE:DEFAULT/CONFIGURE does not exist"
     3: "-107"
]
2026.01.26 17:35:49.078["Device 'cxsol01/Link38' not found in recipe any valid recipe"]
["***fwConfigurationDB Exception Handler (fwConfigurationDB_loadRecipeFromCache)***"]
[dyn_string 3 items
     1: "ERROR"
     2: "Recipe Cache CXDAQFEE:DEFAULT/CONFIGURE does not exist"
     3: "-107"
]
2026.01.26 17:35:49.079["Device 'cxsol01/Link12' not found in recipe any valid recipe"]
["***fwConfigurationDB Exception Handler (fwConfigurationDB_loadRecipeFromCache)***"]
[dyn_string 3 items
     1: "ERROR"
     2: "Recipe Cache CXDAQFEE:DEFAULT/CONFIGURE does not exist"
     3: "-107"
]
2026.01.26 17:35:49.079["Device 'cxsol01/Link02' not found in recipe any valid recipe"]
["***fwConfigurationDB Exception Handler (fwConfigurationDB_loadRecipeFromCache)***"]
[dyn_string 3 items
     1: "ERROR"
     2: "Recipe Cache CXDAQFEE:DEFAULT/CONFIGURE does not exist"
     3: "-107"
]
2026.01.26 17:35:49.079["Device 'cxsol01/Link01' not found in recipe any valid recipe"]
["***fwConfigurationDB Exception Handler (fwConfigurationDB_loadRecipeFromCache)***"]
[dyn_string 3 items
     1: "ERROR"
     2: "Recipe Cache CXDAQFEE:DEFAULT/CONFIGURE does not exist"
     3: "-107"
]
2026.01.26 17:35:49.079["Device 'cxsol01/Link25' not found in recipe any valid recipe"]
["***fwConfigurationDB Exception Handler (fwConfigurationDB_loadRecipeFromCache)***"]
[dyn_string 3 items
     1: "ERROR"
     2: "Recipe Cache CXDAQFEE:DEFAULT/CONFIGURE does not exist"
     3: "-107"
]
2026.01.26 17:35:49.079["Device 'cxsol01/Link24' not found in recipe any valid recipe"]
["***fwConfigurationDB Exception Handler (fwConfigurationDB_loadRecipeFromCache)***"]
[dyn_string 3 items
     1: "ERROR"
     2: "Recipe Cache CXDAQFEE:DEFAULT/CONFIGURE does not exist"
     3: "-107"
]
2026.01.26 17:35:49.080["Device 'cxsol01/Link15' not found in recipe any valid recipe"]
["***fwConfigurationDB Exception Handler (fwConfigurationDB_loadRecipeFromCache)***"]
[dyn_string 3 items
     1: "ERROR"
     2: "Recipe Cache CXDAQFEE:DEFAULT/CONFIGURE does not exist"
     3: "-107"
]
2026.01.26 17:35:49.080["Device 'cxsol01/Link14' not found in recipe any valid recipe"]
["***fwConfigurationDB Exception Handler (fwConfigurationDB_loadRecipeFromCache)***"]
[dyn_string 3 items
     1: "ERROR"
     2: "Recipe Cache CXDAQFEE:DEFAULT/CONFIGURE does not exist"
     3: "-107"
]
2026.01.26 17:35:49.080["Device 'cxsol01/Link13' not found in recipe any valid recipe"]
["***fwConfigurationDB Exception Handler (fwConfigurationDB_loadRecipeFromCache)***"]
[dyn_string 3 items
     1: "ERROR"
     2: "Recipe Cache CXDAQFEE:DEFAULT/CONFIGURE does not exist"
     3: "-107"
]
2026.01.26 17:35:49.081["Device 'cxsol01/Link37' not found in recipe any valid recipe"]
["***fwConfigurationDB Exception Handler (fwConfigurationDB_loadRecipeFromCache)***"]
[dyn_string 3 items
     1: "ERROR"
     2: "Recipe Cache CXDAQFEE:DEFAULT/CONFIGURE does not exist"
     3: "-107"
]
2026.01.26 17:35:49.081["Device 'cxsol01/Link36' not found in recipe any valid recipe"]
["***fwConfigurationDB Exception Handler (fwConfigurationDB_loadRecipeFromCache)***"]
[dyn_string 3 items
     1: "ERROR"
     2: "Recipe Cache CXDAQFEE:DEFAULT/CONFIGURE does not exist"
     3: "-107"
]
2026.01.26 17:35:49.081["Device 'cxsol01/Link27' not found in recipe any valid recipe"]
["***fwConfigurationDB Exception Handler (fwConfigurationDB_loadRecipeFromCache)***"]
[dyn_string 3 items
     1: "ERROR"
     2: "Recipe Cache CXDAQFEE:DEFAULT/CONFIGURE does not exist"
     3: "-107"
]
2026.01.26 17:35:49.081["Device 'cxsol01/Link26' not found in recipe any valid recipe"]
2026.01.26 17:35:49.155["Configured CXDAQFEE:top_cxsol01 with retrieved Partition bit 1"]
2026.01.26 17:35:49.155["CXDAQFEE:cxsol01/Link00 Using Recipe: DEFAULT/CONFIGURE"]
["***fwConfigurationDB Exception Handler (fwConfigurationDB_loadRecipeFromCache)***"]
[dyn_string 3 items
     1: "ERROR"
     2: "Recipe Cache CXDAQFEE:DEFAULT/CONFIGURE does not exist"
     3: "-107"
]
2026.01.26 17:35:49.156["Device 'cxsol01/Link00' not found in recipe any valid recipe"]
2026.01.26 17:38:35.661["Stopping devices for: CODEXB_SOL40"]
2026.01.26 17:38:40.734["Starting devices for: CODEXB_SOL40"]
2026.01.26 17:53:37.043["/group/online/ecs/PVSSShortcutProjects319/GlobalProject/scripts/libs/fwTFC/fwSOL40.lctl::SOL40_getTopDp: Updating devices mapping"]
2026.01.26 17:53:37.043["/group/online/ecs/PVSSShortcutProjects319/GlobalProject/scripts/libs/fwTFC/fwSOL40.lctl::SOL40_getTopDp: Updating devices mapping"]
2026.01.26 17:53:37.043["/group/online/ecs/PVSSShortcutProjects319/GlobalProject/scripts/libs/fwTFC/fwSOL40.lctl::SOL40_getTopDp: Updating devices mapping"]
2026.01.26 17:53:37.044["/group/online/ecs/PVSSShortcutProjects319/GlobalProject/scripts/libs/fwTFC/fwSOL40.lctl::SOL40_getTopDp: Updating devices mapping"]
2026.01.26 17:53:37.044["/group/online/ecs/PVSSShortcutProjects319/GlobalProject/scripts/libs/fwTFC/fwSOL40.lctl::SOL40_getTopDp: Updating devices mapping"]
2026.01.26 17:53:37.044["/group/online/ecs/PVSSShortcutProjects319/GlobalProject/scripts/libs/fwTFC/fwSOL40.lctl::SOL40_getTopDp: Updating devices mapping"]
2026.01.26 17:53:37.044["/group/online/ecs/PVSSShortcutProjects319/GlobalProject/scripts/libs/fwTFC/fwSOL40.lctl::SOL40_getTopDp: Updating devices mapping"]
2026.01.26 17:53:37.045["/group/online/ecs/PVSSShortcutProjects319/GlobalProject/scripts/libs/fwTFC/fwSOL40.lctl::SOL40_getTopDp: Updating devices mapping"]
2026.01.26 17:53:37.045["/group/online/ecs/PVSSShortcutProjects319/GlobalProject/scripts/libs/fwTFC/fwSOL40.lctl::SOL40_getTopDp: Updating devices mapping"]
2026.01.26 17:53:37.045["/group/online/ecs/PVSSShortcutProjects319/GlobalProject/scripts/libs/fwTFC/fwSOL40.lctl::SOL40_getTopDp: Updating devices mapping"]
2026.01.26 17:53:37.045["/group/online/ecs/PVSSShortcutProjects319/GlobalProject/scripts/libs/fwTFC/fwSOL40.lctl::SOL40_getTopDp: Updating devices mapping"]
2026.01.26 17:53:37.046["/group/online/ecs/PVSSShortcutProjects319/GlobalProject/scripts/libs/fwTFC/fwSOL40.lctl::SOL40_getTopDp: Updating devices mapping"]
2026.01.26 17:53:37.046["/group/online/ecs/PVSSShortcutProjects319/GlobalProject/scripts/libs/fwTFC/fwSOL40.lctl::SOL40_getTopDp: Updating devices mapping"]
2026.01.26 17:53:37.046["/group/online/ecs/PVSSShortcutProjects319/GlobalProject/scripts/libs/fwTFC/fwSOL40.lctl::SOL40_getTopDp: Updating devices mapping"]
2026.01.26 17:53:37.046["Link00"]["Link38"]["CXECS:CODEXB_RunInfo"]
2026.01.26 17:53:37.046["CXDAQFEE:cxsol01/Link38 Using Recipe: DEFAULT/CONFIGURE"]
["***fwConfigurationDB Exception Handler (fwConfigurationDB_loadRecipeFromCache)***"]
[dyn_string 3 items
     1: "ERROR"
     2: "Recipe Cache CXDAQFEE:DEFAULT/CONFIGURE does not exist"
     3: "-107"
]
2026.01.26 17:53:37.047["Device 'cxsol01/Link38' not found in recipe any valid recipe"]
2026.01.26 17:53:37.047["Link00"]["Link00"]["CXECS:CODEXB_RunInfo"]
2026.01.26 17:53:37.047["Link00"]["Link12"]["CXECS:CODEXB_RunInfo"]
2026.01.26 17:53:37.048["CXDAQFEE:cxsol01/Link12 Using Recipe: DEFAULT/CONFIGURE"]
["***fwConfigurationDB Exception Handler (fwConfigurationDB_loadRecipeFromCache)***"]
[dyn_string 3 items
     1: "ERROR"
     2: "Recipe Cache CXDAQFEE:DEFAULT/CONFIGURE does not exist"
     3: "-107"
]
2026.01.26 17:53:37.048["Device 'cxsol01/Link12' not found in recipe any valid recipe"]
2026.01.26 17:53:37.048["Link00"]["Link02"]["CXECS:CODEXB_RunInfo"]
2026.01.26 17:53:37.048["CXDAQFEE:cxsol01/Link02 Using Recipe: DEFAULT/CONFIGURE"]
["***fwConfigurationDB Exception Handler (fwConfigurationDB_loadRecipeFromCache)***"]
[dyn_string 3 items
     1: "ERROR"
     2: "Recipe Cache CXDAQFEE:DEFAULT/CONFIGURE does not exist"
     3: "-107"
]
2026.01.26 17:53:37.048["Device 'cxsol01/Link02' not found in recipe any valid recipe"]
2026.01.26 17:53:37.048["Link00"]["Link01"]["CXECS:CODEXB_RunInfo"]
2026.01.26 17:53:37.048["CXDAQFEE:cxsol01/Link01 Using Recipe: DEFAULT/CONFIGURE"]
["***fwConfigurationDB Exception Handler (fwConfigurationDB_loadRecipeFromCache)***"]
[dyn_string 3 items
     1: "ERROR"
     2: "Recipe Cache CXDAQFEE:DEFAULT/CONFIGURE does not exist"
     3: "-107"
]
2026.01.26 17:53:37.048["Device 'cxsol01/Link01' not found in recipe any valid recipe"]
2026.01.26 17:53:37.048["Link00"]["Link25"]["CXECS:CODEXB_RunInfo"]
2026.01.26 17:53:37.049["CXDAQFEE:cxsol01/Link25 Using Recipe: DEFAULT/CONFIGURE"]
["***fwConfigurationDB Exception Handler (fwConfigurationDB_loadRecipeFromCache)***"]
[dyn_string 3 items
     1: "ERROR"
     2: "Recipe Cache CXDAQFEE:DEFAULT/CONFIGURE does not exist"
     3: "-107"
]
2026.01.26 17:53:37.049["Device 'cxsol01/Link25' not found in recipe any valid recipe"]
2026.01.26 17:53:37.049["Link00"]["Link24"]["CXECS:CODEXB_RunInfo"]
2026.01.26 17:53:37.049["CXDAQFEE:cxsol01/Link24 Using Recipe: DEFAULT/CONFIGURE"]
["***fwConfigurationDB Exception Handler (fwConfigurationDB_loadRecipeFromCache)***"]
[dyn_string 3 items
     1: "ERROR"
     2: "Recipe Cache CXDAQFEE:DEFAULT/CONFIGURE does not exist"
     3: "-107"
]
2026.01.26 17:53:37.049["Device 'cxsol01/Link24' not found in recipe any valid recipe"]
2026.01.26 17:53:37.049["Link00"]["Link15"]["CXECS:CODEXB_RunInfo"]
2026.01.26 17:53:37.049["CXDAQFEE:cxsol01/Link15 Using Recipe: DEFAULT/CONFIGURE"]
["***fwConfigurationDB Exception Handler (fwConfigurationDB_loadRecipeFromCache)***"]
[dyn_string 3 items
     1: "ERROR"
     2: "Recipe Cache CXDAQFEE:DEFAULT/CONFIGURE does not exist"
     3: "-107"
]
2026.01.26 17:53:37.049["Device 'cxsol01/Link15' not found in recipe any valid recipe"]
2026.01.26 17:53:37.050["Link00"]["Link14"]["CXECS:CODEXB_RunInfo"]
2026.01.26 17:53:37.050["CXDAQFEE:cxsol01/Link14 Using Recipe: DEFAULT/CONFIGURE"]
["***fwConfigurationDB Exception Handler (fwConfigurationDB_loadRecipeFromCache)***"]
[dyn_string 3 items
     1: "ERROR"
     2: "Recipe Cache CXDAQFEE:DEFAULT/CONFIGURE does not exist"
     3: "-107"
]
2026.01.26 17:53:37.050["Device 'cxsol01/Link14' not found in recipe any valid recipe"]
2026.01.26 17:53:37.050["Link00"]["Link13"]["CXECS:CODEXB_RunInfo"]
2026.01.26 17:53:37.050["CXDAQFEE:cxsol01/Link13 Using Recipe: DEFAULT/CONFIGURE"]
["***fwConfigurationDB Exception Handler (fwConfigurationDB_loadRecipeFromCache)***"]
[dyn_string 3 items
     1: "ERROR"
     2: "Recipe Cache CXDAQFEE:DEFAULT/CONFIGURE does not exist"
     3: "-107"
]
2026.01.26 17:53:37.050["Device 'cxsol01/Link13' not found in recipe any valid recipe"]
2026.01.26 17:53:37.050["Link00"]["Link37"]["CXECS:CODEXB_RunInfo"]
2026.01.26 17:53:37.050["CXDAQFEE:cxsol01/Link37 Using Recipe: DEFAULT/CONFIGURE"]
["***fwConfigurationDB Exception Handler (fwConfigurationDB_loadRecipeFromCache)***"]
[dyn_string 3 items
     1: "ERROR"
     2: "Recipe Cache CXDAQFEE:DEFAULT/CONFIGURE does not exist"
     3: "-107"
]
2026.01.26 17:53:37.050["Device 'cxsol01/Link37' not found in recipe any valid recipe"]
2026.01.26 17:53:37.051["Link00"]["Link36"]["CXECS:CODEXB_RunInfo"]
2026.01.26 17:53:37.051["CXDAQFEE:cxsol01/Link36 Using Recipe: DEFAULT/CONFIGURE"]
["***fwConfigurationDB Exception Handler (fwConfigurationDB_loadRecipeFromCache)***"]
[dyn_string 3 items
     1: "ERROR"
     2: "Recipe Cache CXDAQFEE:DEFAULT/CONFIGURE does not exist"
     3: "-107"
]
2026.01.26 17:53:37.051["Device 'cxsol01/Link36' not found in recipe any valid recipe"]
2026.01.26 17:53:37.051["Link00"]["Link27"]["CXECS:CODEXB_RunInfo"]
2026.01.26 17:53:37.051["CXDAQFEE:cxsol01/Link27 Using Recipe: DEFAULT/CONFIGURE"]
["***fwConfigurationDB Exception Handler (fwConfigurationDB_loadRecipeFromCache)***"]
[dyn_string 3 items
     1: "ERROR"
     2: "Recipe Cache CXDAQFEE:DEFAULT/CONFIGURE does not exist"
     3: "-107"
]
2026.01.26 17:53:37.051["Device 'cxsol01/Link27' not found in recipe any valid recipe"]
2026.01.26 17:53:37.051["Link00"]["Link26"]["CXECS:CODEXB_RunInfo"]
2026.01.26 17:53:37.051["CXDAQFEE:cxsol01/Link26 Using Recipe: DEFAULT/CONFIGURE"]
["***fwConfigurationDB Exception Handler (fwConfigurationDB_loadRecipeFromCache)***"]
[dyn_string 3 items
     1: "ERROR"
     2: "Recipe Cache CXDAQFEE:DEFAULT/CONFIGURE does not exist"
     3: "-107"
]
2026.01.26 17:53:37.051["Device 'cxsol01/Link26' not found in recipe any valid recipe"]
2026.01.26 17:53:37.157["Configured CXDAQFEE:top_cxsol01 with retrieved Partition bit 1"]
2026.01.26 17:53:37.157["CXDAQFEE:cxsol01/Link00 Using Recipe: DEFAULT/CONFIGURE"]
["***fwConfigurationDB Exception Handler (fwConfigurationDB_loadRecipeFromCache)***"]
[dyn_string 3 items
     1: "ERROR"
     2: "Recipe Cache CXDAQFEE:DEFAULT/CONFIGURE does not exist"
     3: "-107"
]
2026.01.26 17:53:37.157["Device 'cxsol01/Link00' not found in recipe any valid recipe"]
2026.01.26 18:10:22.346["Stopping devices for: CODEXB_SOL40"]
2026.01.26 18:10:27.921["Starting devices for: CODEXB_SOL40"]
2026.01.26 18:11:06.625["/group/online/ecs/PVSSShortcutProjects319/GlobalProject/scripts/libs/fwTFC/fwSOL40.lctl::SOL40_getTopDp: Updating devices mapping"]
2026.01.26 18:11:06.625["/group/online/ecs/PVSSShortcutProjects319/GlobalProject/scripts/libs/fwTFC/fwSOL40.lctl::SOL40_getTopDp: Updating devices mapping"]
2026.01.26 18:11:06.626["/group/online/ecs/PVSSShortcutProjects319/GlobalProject/scripts/libs/fwTFC/fwSOL40.lctl::SOL40_getTopDp: Updating devices mapping"]
2026.01.26 18:11:06.626["/group/online/ecs/PVSSShortcutProjects319/GlobalProject/scripts/libs/fwTFC/fwSOL40.lctl::SOL40_getTopDp: Updating devices mapping"]
2026.01.26 18:11:06.626["/group/online/ecs/PVSSShortcutProjects319/GlobalProject/scripts/libs/fwTFC/fwSOL40.lctl::SOL40_getTopDp: Updating devices mapping"]
2026.01.26 18:11:06.626["/group/online/ecs/PVSSShortcutProjects319/GlobalProject/scripts/libs/fwTFC/fwSOL40.lctl::SOL40_getTopDp: Updating devices mapping"]
2026.01.26 18:11:06.627["/group/online/ecs/PVSSShortcutProjects319/GlobalProject/scripts/libs/fwTFC/fwSOL40.lctl::SOL40_getTopDp: Updating devices mapping"]
2026.01.26 18:11:06.627["/group/online/ecs/PVSSShortcutProjects319/GlobalProject/scripts/libs/fwTFC/fwSOL40.lctl::SOL40_getTopDp: Updating devices mapping"]
2026.01.26 18:11:06.627["/group/online/ecs/PVSSShortcutProjects319/GlobalProject/scripts/libs/fwTFC/fwSOL40.lctl::SOL40_getTopDp: Updating devices mapping"]
2026.01.26 18:11:06.627["/group/online/ecs/PVSSShortcutProjects319/GlobalProject/scripts/libs/fwTFC/fwSOL40.lctl::SOL40_getTopDp: Updating devices mapping"]
2026.01.26 18:11:06.628["/group/online/ecs/PVSSShortcutProjects319/GlobalProject/scripts/libs/fwTFC/fwSOL40.lctl::SOL40_getTopDp: Updating devices mapping"]
2026.01.26 18:11:06.628["/group/online/ecs/PVSSShortcutProjects319/GlobalProject/scripts/libs/fwTFC/fwSOL40.lctl::SOL40_getTopDp: Updating devices mapping"]
2026.01.26 18:11:06.628["/group/online/ecs/PVSSShortcutProjects319/GlobalProject/scripts/libs/fwTFC/fwSOL40.lctl::SOL40_getTopDp: Updating devices mapping"]
2026.01.26 18:11:06.628["/group/online/ecs/PVSSShortcutProjects319/GlobalProject/scripts/libs/fwTFC/fwSOL40.lctl::SOL40_getTopDp: Updating devices mapping"]
2026.01.26 18:11:06.628["Link00"]["Link38"]["CXECS:CODEXB_RunInfo"]
2026.01.26 18:11:06.629["CXDAQFEE:cxsol01/Link38 Using Recipe: DEFAULT/CONFIGURE"]
["***fwConfigurationDB Exception Handler (fwConfigurationDB_loadRecipeFromCache)***"]
[dyn_string 3 items
     1: "ERROR"
     2: "Recipe Cache CXDAQFEE:DEFAULT/CONFIGURE does not exist"
     3: "-107"
]
2026.01.26 18:11:06.629["Device 'cxsol01/Link38' not found in recipe any valid recipe"]
2026.01.26 18:11:06.629["Link00"]["Link00"]["CXECS:CODEXB_RunInfo"]
2026.01.26 18:11:06.630["Link00"]["Link12"]["CXECS:CODEXB_RunInfo"]
2026.01.26 18:11:06.630["CXDAQFEE:cxsol01/Link12 Using Recipe: DEFAULT/CONFIGURE"]
["***fwConfigurationDB Exception Handler (fwConfigurationDB_loadRecipeFromCache)***"]
[dyn_string 3 items
     1: "ERROR"
     2: "Recipe Cache CXDAQFEE:DEFAULT/CONFIGURE does not exist"
     3: "-107"
]
2026.01.26 18:11:06.630["Device 'cxsol01/Link12' not found in recipe any valid recipe"]
2026.01.26 18:11:06.630["Link00"]["Link02"]["CXECS:CODEXB_RunInfo"]
2026.01.26 18:11:06.630["CXDAQFEE:cxsol01/Link02 Using Recipe: DEFAULT/CONFIGURE"]
["***fwConfigurationDB Exception Handler (fwConfigurationDB_loadRecipeFromCache)***"]
[dyn_string 3 items
     1: "ERROR"
     2: "Recipe Cache CXDAQFEE:DEFAULT/CONFIGURE does not exist"
     3: "-107"
]
2026.01.26 18:11:06.630["Device 'cxsol01/Link02' not found in recipe any valid recipe"]
2026.01.26 18:11:06.630["Link00"]["Link01"]["CXECS:CODEXB_RunInfo"]
2026.01.26 18:11:06.630["CXDAQFEE:cxsol01/Link01 Using Recipe: DEFAULT/CONFIGURE"]
["***fwConfigurationDB Exception Handler (fwConfigurationDB_loadRecipeFromCache)***"]
[dyn_string 3 items
     1: "ERROR"
     2: "Recipe Cache CXDAQFEE:DEFAULT/CONFIGURE does not exist"
     3: "-107"
]
2026.01.26 18:11:06.630["Device 'cxsol01/Link01' not found in recipe any valid recipe"]
2026.01.26 18:11:06.631["Link00"]["Link25"]["CXECS:CODEXB_RunInfo"]
2026.01.26 18:11:06.631["CXDAQFEE:cxsol01/Link25 Using Recipe: DEFAULT/CONFIGURE"]
["***fwConfigurationDB Exception Handler (fwConfigurationDB_loadRecipeFromCache)***"]
[dyn_string 3 items
     1: "ERROR"
     2: "Recipe Cache CXDAQFEE:DEFAULT/CONFIGURE does not exist"
     3: "-107"
]
2026.01.26 18:11:06.631["Device 'cxsol01/Link25' not found in recipe any valid recipe"]
2026.01.26 18:11:06.631["Link00"]["Link24"]["CXECS:CODEXB_RunInfo"]
2026.01.26 18:11:06.631["CXDAQFEE:cxsol01/Link24 Using Recipe: DEFAULT/CONFIGURE"]
["***fwConfigurationDB Exception Handler (fwConfigurationDB_loadRecipeFromCache)***"]
[dyn_string 3 items
     1: "ERROR"
     2: "Recipe Cache CXDAQFEE:DEFAULT/CONFIGURE does not exist"
     3: "-107"
]
2026.01.26 18:11:06.631["Device 'cxsol01/Link24' not found in recipe any valid recipe"]
2026.01.26 18:11:06.631["Link00"]["Link15"]["CXECS:CODEXB_RunInfo"]
2026.01.26 18:11:06.631["CXDAQFEE:cxsol01/Link15 Using Recipe: DEFAULT/CONFIGURE"]
["***fwConfigurationDB Exception Handler (fwConfigurationDB_loadRecipeFromCache)***"]
[dyn_string 3 items
     1: "ERROR"
     2: "Recipe Cache CXDAQFEE:DEFAULT/CONFIGURE does not exist"
     3: "-107"
]
2026.01.26 18:11:06.631["Device 'cxsol01/Link15' not found in recipe any valid recipe"]
2026.01.26 18:11:06.632["Link00"]["Link14"]["CXECS:CODEXB_RunInfo"]
2026.01.26 18:11:06.632["CXDAQFEE:cxsol01/Link14 Using Recipe: DEFAULT/CONFIGURE"]
["***fwConfigurationDB Exception Handler (fwConfigurationDB_loadRecipeFromCache)***"]
[dyn_string 3 items
     1: "ERROR"
     2: "Recipe Cache CXDAQFEE:DEFAULT/CONFIGURE does not exist"
     3: "-107"
]
2026.01.26 18:11:06.632["Device 'cxsol01/Link14' not found in recipe any valid recipe"]
2026.01.26 18:11:06.632["Link00"]["Link13"]["CXECS:CODEXB_RunInfo"]
2026.01.26 18:11:06.632["CXDAQFEE:cxsol01/Link13 Using Recipe: DEFAULT/CONFIGURE"]
["***fwConfigurationDB Exception Handler (fwConfigurationDB_loadRecipeFromCache)***"]
[dyn_string 3 items
     1: "ERROR"
     2: "Recipe Cache CXDAQFEE:DEFAULT/CONFIGURE does not exist"
     3: "-107"
]
2026.01.26 18:11:06.632["Device 'cxsol01/Link13' not found in recipe any valid recipe"]
2026.01.26 18:11:06.632["Link00"]["Link37"]["CXECS:CODEXB_RunInfo"]
2026.01.26 18:11:06.632["CXDAQFEE:cxsol01/Link37 Using Recipe: DEFAULT/CONFIGURE"]
["***fwConfigurationDB Exception Handler (fwConfigurationDB_loadRecipeFromCache)***"]
[dyn_string 3 items
     1: "ERROR"
     2: "Recipe Cache CXDAQFEE:DEFAULT/CONFIGURE does not exist"
     3: "-107"
]
2026.01.26 18:11:06.632["Device 'cxsol01/Link37' not found in recipe any valid recipe"]
2026.01.26 18:11:06.632["Link00"]["Link36"]["CXECS:CODEXB_RunInfo"]
2026.01.26 18:11:06.633["CXDAQFEE:cxsol01/Link36 Using Recipe: DEFAULT/CONFIGURE"]
["***fwConfigurationDB Exception Handler (fwConfigurationDB_loadRecipeFromCache)***"]
[dyn_string 3 items
     1: "ERROR"
     2: "Recipe Cache CXDAQFEE:DEFAULT/CONFIGURE does not exist"
     3: "-107"
]
2026.01.26 18:11:06.633["Device 'cxsol01/Link36' not found in recipe any valid recipe"]
2026.01.26 18:11:06.633["Link00"]["Link27"]["CXECS:CODEXB_RunInfo"]
2026.01.26 18:11:06.633["CXDAQFEE:cxsol01/Link27 Using Recipe: DEFAULT/CONFIGURE"]
["***fwConfigurationDB Exception Handler (fwConfigurationDB_loadRecipeFromCache)***"]
[dyn_string 3 items
     1: "ERROR"
     2: "Recipe Cache CXDAQFEE:DEFAULT/CONFIGURE does not exist"
     3: "-107"
]
2026.01.26 18:11:06.633["Device 'cxsol01/Link27' not found in recipe any valid recipe"]
2026.01.26 18:11:06.633["Link00"]["Link26"]["CXECS:CODEXB_RunInfo"]
2026.01.26 18:11:06.633["CXDAQFEE:cxsol01/Link26 Using Recipe: DEFAULT/CONFIGURE"]
["***fwConfigurationDB Exception Handler (fwConfigurationDB_loadRecipeFromCache)***"]
[dyn_string 3 items
     1: "ERROR"
     2: "Recipe Cache CXDAQFEE:DEFAULT/CONFIGURE does not exist"
     3: "-107"
]
2026.01.26 18:11:06.633["Device 'cxsol01/Link26' not found in recipe any valid recipe"]
2026.01.26 18:11:06.739["Configured CXDAQFEE:top_cxsol01 with retrieved Partition bit 1"]
2026.01.26 18:11:06.739["CXDAQFEE:cxsol01/Link00 Using Recipe: DEFAULT/CONFIGURE"]
["***fwConfigurationDB Exception Handler (fwConfigurationDB_loadRecipeFromCache)***"]
[dyn_string 3 items
     1: "ERROR"
     2: "Recipe Cache CXDAQFEE:DEFAULT/CONFIGURE does not exist"
     3: "-107"
]
2026.01.26 18:11:06.740["Device 'cxsol01/Link00' not found in recipe any valid recipe"]
2026.01.26 18:12:15.710["Stopping devices for: CODEXB_SOL40"]
2026.01.26 18:12:21.054["Starting devices for: CODEXB_SOL40"]
2026.01.26 18:22:09.883["/group/online/ecs/PVSSShortcutProjects319/GlobalProject/scripts/libs/fwTFC/fwSOL40.lctl::SOL40_getTopDp: Updating devices mapping"]
2026.01.26 18:22:09.883["/group/online/ecs/PVSSShortcutProjects319/GlobalProject/scripts/libs/fwTFC/fwSOL40.lctl::SOL40_getTopDp: Updating devices mapping"]
2026.01.26 18:22:09.884["/group/online/ecs/PVSSShortcutProjects319/GlobalProject/scripts/libs/fwTFC/fwSOL40.lctl::SOL40_getTopDp: Updating devices mapping"]
2026.01.26 18:22:09.884["/group/online/ecs/PVSSShortcutProjects319/GlobalProject/scripts/libs/fwTFC/fwSOL40.lctl::SOL40_getTopDp: Updating devices mapping"]
2026.01.26 18:22:09.885["/group/online/ecs/PVSSShortcutProjects319/GlobalProject/scripts/libs/fwTFC/fwSOL40.lctl::SOL40_getTopDp: Updating devices mapping"]
2026.01.26 18:22:09.885["/group/online/ecs/PVSSShortcutProjects319/GlobalProject/scripts/libs/fwTFC/fwSOL40.lctl::SOL40_getTopDp: Updating devices mapping"]
2026.01.26 18:22:09.885["/group/online/ecs/PVSSShortcutProjects319/GlobalProject/scripts/libs/fwTFC/fwSOL40.lctl::SOL40_getTopDp: Updating devices mapping"]
2026.01.26 18:22:09.886["/group/online/ecs/PVSSShortcutProjects319/GlobalProject/scripts/libs/fwTFC/fwSOL40.lctl::SOL40_getTopDp: Updating devices mapping"]
2026.01.26 18:22:09.886["/group/online/ecs/PVSSShortcutProjects319/GlobalProject/scripts/libs/fwTFC/fwSOL40.lctl::SOL40_getTopDp: Updating devices mapping"]
2026.01.26 18:22:09.886["/group/online/ecs/PVSSShortcutProjects319/GlobalProject/scripts/libs/fwTFC/fwSOL40.lctl::SOL40_getTopDp: Updating devices mapping"]
2026.01.26 18:22:09.887["/group/online/ecs/PVSSShortcutProjects319/GlobalProject/scripts/libs/fwTFC/fwSOL40.lctl::SOL40_getTopDp: Updating devices mapping"]
2026.01.26 18:22:09.887["/group/online/ecs/PVSSShortcutProjects319/GlobalProject/scripts/libs/fwTFC/fwSOL40.lctl::SOL40_getTopDp: Updating devices mapping"]
2026.01.26 18:22:09.888["/group/online/ecs/PVSSShortcutProjects319/GlobalProject/scripts/libs/fwTFC/fwSOL40.lctl::SOL40_getTopDp: Updating devices mapping"]
2026.01.26 18:22:09.888["/group/online/ecs/PVSSShortcutProjects319/GlobalProject/scripts/libs/fwTFC/fwSOL40.lctl::SOL40_getTopDp: Updating devices mapping"]
2026.01.26 18:22:09.888["Link00"]["Link38"]["CXECS:CODEXB_RunInfo"]
2026.01.26 18:22:09.888["CXDAQFEE:cxsol01/Link38 Using Recipe: DEFAULT/CONFIGURE"]
["***fwConfigurationDB Exception Handler (fwConfigurationDB_loadRecipeFromCache)***"]
[dyn_string 3 items
     1: "ERROR"
     2: "Recipe Cache CXDAQFEE:DEFAULT/CONFIGURE does not exist"
     3: "-107"
]
2026.01.26 18:22:09.889["Device 'cxsol01/Link38' not found in recipe any valid recipe"]
2026.01.26 18:22:09.889["Link00"]["Link00"]["CXECS:CODEXB_RunInfo"]
2026.01.26 18:22:09.889["Link00"]["Link12"]["CXECS:CODEXB_RunInfo"]
2026.01.26 18:22:09.889["CXDAQFEE:cxsol01/Link12 Using Recipe: DEFAULT/CONFIGURE"]
["***fwConfigurationDB Exception Handler (fwConfigurationDB_loadRecipeFromCache)***"]
[dyn_string 3 items
     1: "ERROR"
     2: "Recipe Cache CXDAQFEE:DEFAULT/CONFIGURE does not exist"
     3: "-107"
]
2026.01.26 18:22:09.890["Device 'cxsol01/Link12' not found in recipe any valid recipe"]
2026.01.26 18:22:09.890["Link00"]["Link02"]["CXECS:CODEXB_RunInfo"]
2026.01.26 18:22:09.890["CXDAQFEE:cxsol01/Link02 Using Recipe: DEFAULT/CONFIGURE"]
["***fwConfigurationDB Exception Handler (fwConfigurationDB_loadRecipeFromCache)***"]
[dyn_string 3 items
     1: "ERROR"
     2: "Recipe Cache CXDAQFEE:DEFAULT/CONFIGURE does not exist"
     3: "-107"
]
2026.01.26 18:22:09.890["Device 'cxsol01/Link02' not found in recipe any valid recipe"]
2026.01.26 18:22:09.890["Link00"]["Link01"]["CXECS:CODEXB_RunInfo"]
2026.01.26 18:22:09.890["CXDAQFEE:cxsol01/Link01 Using Recipe: DEFAULT/CONFIGURE"]
["***fwConfigurationDB Exception Handler (fwConfigurationDB_loadRecipeFromCache)***"]
[dyn_string 3 items
     1: "ERROR"
     2: "Recipe Cache CXDAQFEE:DEFAULT/CONFIGURE does not exist"
     3: "-107"
]
2026.01.26 18:22:09.890["Device 'cxsol01/Link01' not found in recipe any valid recipe"]
2026.01.26 18:22:09.890["Link00"]["Link25"]["CXECS:CODEXB_RunInfo"]
2026.01.26 18:22:09.890["CXDAQFEE:cxsol01/Link25 Using Recipe: DEFAULT/CONFIGURE"]
["***fwConfigurationDB Exception Handler (fwConfigurationDB_loadRecipeFromCache)***"]
[dyn_string 3 items
     1: "ERROR"
     2: "Recipe Cache CXDAQFEE:DEFAULT/CONFIGURE does not exist"
     3: "-107"
]
2026.01.26 18:22:09.891["Device 'cxsol01/Link25' not found in recipe any valid recipe"]
2026.01.26 18:22:09.891["Link00"]["Link24"]["CXECS:CODEXB_RunInfo"]
2026.01.26 18:22:09.891["CXDAQFEE:cxsol01/Link24 Using Recipe: DEFAULT/CONFIGURE"]
["***fwConfigurationDB Exception Handler (fwConfigurationDB_loadRecipeFromCache)***"]
[dyn_string 3 items
     1: "ERROR"
     2: "Recipe Cache CXDAQFEE:DEFAULT/CONFIGURE does not exist"
     3: "-107"
]
2026.01.26 18:22:09.891["Device 'cxsol01/Link24' not found in recipe any valid recipe"]
2026.01.26 18:22:09.891["Link00"]["Link15"]["CXECS:CODEXB_RunInfo"]
2026.01.26 18:22:09.891["CXDAQFEE:cxsol01/Link15 Using Recipe: DEFAULT/CONFIGURE"]
["***fwConfigurationDB Exception Handler (fwConfigurationDB_loadRecipeFromCache)***"]
[dyn_string 3 items
     1: "ERROR"
     2: "Recipe Cache CXDAQFEE:DEFAULT/CONFIGURE does not exist"
     3: "-107"
]
2026.01.26 18:22:09.891["Device 'cxsol01/Link15' not found in recipe any valid recipe"]
2026.01.26 18:22:09.891["Link00"]["Link14"]["CXECS:CODEXB_RunInfo"]
2026.01.26 18:22:09.891["CXDAQFEE:cxsol01/Link14 Using Recipe: DEFAULT/CONFIGURE"]
["***fwConfigurationDB Exception Handler (fwConfigurationDB_loadRecipeFromCache)***"]
[dyn_string 3 items
     1: "ERROR"
     2: "Recipe Cache CXDAQFEE:DEFAULT/CONFIGURE does not exist"
     3: "-107"
]
2026.01.26 18:22:09.892["Device 'cxsol01/Link14' not found in recipe any valid recipe"]
2026.01.26 18:22:09.892["Link00"]["Link13"]["CXECS:CODEXB_RunInfo"]
2026.01.26 18:22:09.892["CXDAQFEE:cxsol01/Link13 Using Recipe: DEFAULT/CONFIGURE"]
["***fwConfigurationDB Exception Handler (fwConfigurationDB_loadRecipeFromCache)***"]
[dyn_string 3 items
     1: "ERROR"
     2: "Recipe Cache CXDAQFEE:DEFAULT/CONFIGURE does not exist"
     3: "-107"
]
2026.01.26 18:22:09.892["Device 'cxsol01/Link13' not found in recipe any valid recipe"]
2026.01.26 18:22:09.892["Link00"]["Link37"]["CXECS:CODEXB_RunInfo"]
2026.01.26 18:22:09.892["CXDAQFEE:cxsol01/Link37 Using Recipe: DEFAULT/CONFIGURE"]
["***fwConfigurationDB Exception Handler (fwConfigurationDB_loadRecipeFromCache)***"]
[dyn_string 3 items
     1: "ERROR"
     2: "Recipe Cache CXDAQFEE:DEFAULT/CONFIGURE does not exist"
     3: "-107"
]
2026.01.26 18:22:09.892["Device 'cxsol01/Link37' not found in recipe any valid recipe"]
2026.01.26 18:22:09.892["Link00"]["Link36"]["CXECS:CODEXB_RunInfo"]
2026.01.26 18:22:09.893["CXDAQFEE:cxsol01/Link36 Using Recipe: DEFAULT/CONFIGURE"]
["***fwConfigurationDB Exception Handler (fwConfigurationDB_loadRecipeFromCache)***"]
[dyn_string 3 items
     1: "ERROR"
     2: "Recipe Cache CXDAQFEE:DEFAULT/CONFIGURE does not exist"
     3: "-107"
]
2026.01.26 18:22:09.893["Device 'cxsol01/Link36' not found in recipe any valid recipe"]
2026.01.26 18:22:09.893["Link00"]["Link27"]["CXECS:CODEXB_RunInfo"]
2026.01.26 18:22:09.893["CXDAQFEE:cxsol01/Link27 Using Recipe: DEFAULT/CONFIGURE"]
["***fwConfigurationDB Exception Handler (fwConfigurationDB_loadRecipeFromCache)***"]
[dyn_string 3 items
     1: "ERROR"
     2: "Recipe Cache CXDAQFEE:DEFAULT/CONFIGURE does not exist"
     3: "-107"
]
2026.01.26 18:22:09.893["Device 'cxsol01/Link27' not found in recipe any valid recipe"]
2026.01.26 18:22:09.893["Link00"]["Link26"]["CXECS:CODEXB_RunInfo"]
2026.01.26 18:22:09.893["CXDAQFEE:cxsol01/Link26 Using Recipe: DEFAULT/CONFIGURE"]
["***fwConfigurationDB Exception Handler (fwConfigurationDB_loadRecipeFromCache)***"]
[dyn_string 3 items
     1: "ERROR"
     2: "Recipe Cache CXDAQFEE:DEFAULT/CONFIGURE does not exist"
     3: "-107"
]
2026.01.26 18:22:09.893["Device 'cxsol01/Link26' not found in recipe any valid recipe"]
2026.01.26 18:22:10.000["Configured CXDAQFEE:top_cxsol01 with retrieved Partition bit 1"]
2026.01.26 18:22:10.001["CXDAQFEE:cxsol01/Link00 Using Recipe: DEFAULT/CONFIGURE"]
["***fwConfigurationDB Exception Handler (fwConfigurationDB_loadRecipeFromCache)***"]
[dyn_string 3 items
     1: "ERROR"
     2: "Recipe Cache CXDAQFEE:DEFAULT/CONFIGURE does not exist"
     3: "-107"
]
2026.01.26 18:22:10.001["Device 'cxsol01/Link00' not found in recipe any valid recipe"]
2026.01.26 18:22:28.395["Stopping devices for: CODEXB_SOL40"]
2026.01.26 18:22:33.778["Starting devices for: CODEXB_SOL40"]
2026.01.26 18:25:42.766["/group/online/ecs/PVSSShortcutProjects319/GlobalProject/scripts/libs/fwTFC/fwSOL40.lctl::SOL40_getTopDp: Updating devices mapping"]
2026.01.26 18:25:42.767["Link00"]["Link00"]["CXECS:CODEXB_RunInfo"]
2026.01.26 18:25:42.871["Configured CXDAQFEE:top_cxsol01 with retrieved Partition bit 1"]
2026.01.26 18:25:42.871["CXDAQFEE:cxsol01/Link00 Using Recipe: DEFAULT/CONFIGURE"]
["***fwConfigurationDB Exception Handler (fwConfigurationDB_loadRecipeFromCache)***"]
[dyn_string 3 items
     1: "ERROR"
     2: "Recipe Cache CXDAQFEE:DEFAULT/CONFIGURE does not exist"
     3: "-107"
]
2026.01.26 18:25:42.872["Device 'cxsol01/Link00' not found in recipe any valid recipe"]
2026.01.26 18:28:41.106["Stopping devices for: CODEXB_SOL40"]
2026.01.26 18:28:46.221["Starting devices for: CODEXB_SOL40"]
2026.01.26 18:28:59.810["/group/online/ecs/PVSSShortcutProjects319/GlobalProject/scripts/libs/fwTFC/fwSOL40.lctl::SOL40_getTopDp: Updating devices mapping"]
2026.01.26 18:28:59.811["Link00"]["Link00"]["CXECS:CODEXB_RunInfo"]
2026.01.26 18:28:59.915["Configured CXDAQFEE:top_cxsol01 with retrieved Partition bit 1"]
2026.01.26 18:28:59.916["CXDAQFEE:cxsol01/Link00 Using Recipe: FwFSMConfDB/CODEXB_SOL40/DEFAULT/CONFIGURE"]
2026.01.26 18:29:01.155["cxsol01/Link00 configured!"]
2026.01.26 18:29:06.508["Link00"]["Link38"]["CXECS:CODEXB_RunInfo"]
2026.01.26 18:29:06.508["Link00"]["Link12"]["CXECS:CODEXB_RunInfo"]
2026.01.26 18:29:06.508["Link00"]["Link02"]["CXECS:CODEXB_RunInfo"]
2026.01.26 18:29:06.508["Link00"]["Link01"]["CXECS:CODEXB_RunInfo"]
2026.01.26 18:29:06.508["Link00"]["Link25"]["CXECS:CODEXB_RunInfo"]
2026.01.26 18:29:06.508["Link00"]["Link24"]["CXECS:CODEXB_RunInfo"]
2026.01.26 18:29:06.508["Link00"]["Link15"]["CXECS:CODEXB_RunInfo"]
2026.01.26 18:29:06.508["Link00"]["Link14"]["CXECS:CODEXB_RunInfo"]
2026.01.26 18:29:06.509["Link00"]["Link13"]["CXECS:CODEXB_RunInfo"]
2026.01.26 18:29:06.509["Link00"]["Link37"]["CXECS:CODEXB_RunInfo"]
2026.01.26 18:29:06.509["Link00"]["Link36"]["CXECS:CODEXB_RunInfo"]
2026.01.26 18:29:06.509["Link00"]["Link27"]["CXECS:CODEXB_RunInfo"]
2026.01.26 18:29:06.509["Link00"]["Link26"]["CXECS:CODEXB_RunInfo"]
2026.01.26 18:29:06.509["CXDAQFEE:cxsol01/Link38 Using Recipe: FwFSMConfDB/CODEXB_SOL40/DEFAULT/CONFIGURE"]
2026.01.26 18:29:06.510["CXDAQFEE:cxsol01/Link12 Using Recipe: FwFSMConfDB/CODEXB_SOL40/DEFAULT/CONFIGURE"]
2026.01.26 18:29:06.510["CXDAQFEE:cxsol01/Link02 Using Recipe: FwFSMConfDB/CODEXB_SOL40/DEFAULT/CONFIGURE"]
2026.01.26 18:29:06.510["CXDAQFEE:cxsol01/Link01 Using Recipe: FwFSMConfDB/CODEXB_SOL40/DEFAULT/CONFIGURE"]
2026.01.26 18:29:06.510["CXDAQFEE:cxsol01/Link25 Using Recipe: FwFSMConfDB/CODEXB_SOL40/DEFAULT/CONFIGURE"]
2026.01.26 18:29:06.511["CXDAQFEE:cxsol01/Link24 Using Recipe: FwFSMConfDB/CODEXB_SOL40/DEFAULT/CONFIGURE"]
2026.01.26 18:29:06.511["CXDAQFEE:cxsol01/Link15 Using Recipe: FwFSMConfDB/CODEXB_SOL40/DEFAULT/CONFIGURE"]
2026.01.26 18:29:06.511["CXDAQFEE:cxsol01/Link14 Using Recipe: FwFSMConfDB/CODEXB_SOL40/DEFAULT/CONFIGURE"]
2026.01.26 18:29:06.511["CXDAQFEE:cxsol01/Link13 Using Recipe: FwFSMConfDB/CODEXB_SOL40/DEFAULT/CONFIGURE"]
2026.01.26 18:29:06.511["CXDAQFEE:cxsol01/Link37 Using Recipe: FwFSMConfDB/CODEXB_SOL40/DEFAULT/CONFIGURE"]
2026.01.26 18:29:06.512["CXDAQFEE:cxsol01/Link36 Using Recipe: FwFSMConfDB/CODEXB_SOL40/DEFAULT/CONFIGURE"]
2026.01.26 18:29:06.512["CXDAQFEE:cxsol01/Link27 Using Recipe: FwFSMConfDB/CODEXB_SOL40/DEFAULT/CONFIGURE"]
2026.01.26 18:29:06.512["CXDAQFEE:cxsol01/Link26 Using Recipe: FwFSMConfDB/CODEXB_SOL40/DEFAULT/CONFIGURE"]
2026.01.26 18:29:08.307["cxsol01/Link38 configured!"]
2026.01.26 18:29:08.308["cxsol01/Link12 configured!"]
2026.01.26 18:29:08.323["cxsol01/Link02 configured!"]
2026.01.26 18:29:08.354["cxsol01/Link01 configured!"]
2026.01.26 18:29:08.354["cxsol01/Link25 configured!"]
2026.01.26 18:29:08.360["cxsol01/Link24 configured!"]
2026.01.26 18:29:08.360["cxsol01/Link15 configured!"]
2026.01.26 18:29:08.361["cxsol01/Link14 configured!"]
2026.01.26 18:29:08.361["cxsol01/Link13 configured!"]
2026.01.26 18:29:08.447["cxsol01/Link37 configured!"]
2026.01.26 18:29:08.448["cxsol01/Link36 configured!"]
2026.01.26 18:29:08.549["cxsol01/Link27 configured!"]
2026.01.26 18:29:08.667["cxsol01/Link26 configured!"]
2026.01.26 18:30:55.264["Link00"]["Link38"]["CXECS:CODEXB_RunInfo"]
2026.01.26 18:30:55.265["Link00"]["Link00"]["CXECS:CODEXB_RunInfo"]
2026.01.26 18:30:55.265["Link00"]["Link12"]["CXECS:CODEXB_RunInfo"]
2026.01.26 18:30:55.265["Link00"]["Link02"]["CXECS:CODEXB_RunInfo"]
2026.01.26 18:30:55.265["Link00"]["Link01"]["CXECS:CODEXB_RunInfo"]
2026.01.26 18:30:55.265["Link00"]["Link25"]["CXECS:CODEXB_RunInfo"]
2026.01.26 18:30:55.265["Link00"]["Link24"]["CXECS:CODEXB_RunInfo"]
2026.01.26 18:30:55.265["Link00"]["Link15"]["CXECS:CODEXB_RunInfo"]
2026.01.26 18:30:55.266["Link00"]["Link14"]["CXECS:CODEXB_RunInfo"]
2026.01.26 18:30:55.266["Link00"]["Link13"]["CXECS:CODEXB_RunInfo"]
2026.01.26 18:30:55.266["Link00"]["Link37"]["CXECS:CODEXB_RunInfo"]
2026.01.26 18:30:55.266["Link00"]["Link36"]["CXECS:CODEXB_RunInfo"]
2026.01.26 18:30:55.266["Link00"]["Link27"]["CXECS:CODEXB_RunInfo"]
2026.01.26 18:30:55.266["Link00"]["Link26"]["CXECS:CODEXB_RunInfo"]
2026.01.26 18:30:55.266["CXDAQFEE:cxsol01/Link38 Using Recipe: FwFSMConfDB/CODEXB_SOL40/DEFAULT/CONFIGURE"]
2026.01.26 18:30:55.267["CXDAQFEE:cxsol01/Link12 Using Recipe: FwFSMConfDB/CODEXB_SOL40/DEFAULT/CONFIGURE"]
2026.01.26 18:30:55.267["CXDAQFEE:cxsol01/Link02 Using Recipe: FwFSMConfDB/CODEXB_SOL40/DEFAULT/CONFIGURE"]
2026.01.26 18:30:55.267["CXDAQFEE:cxsol01/Link01 Using Recipe: FwFSMConfDB/CODEXB_SOL40/DEFAULT/CONFIGURE"]
2026.01.26 18:30:55.268["CXDAQFEE:cxsol01/Link25 Using Recipe: FwFSMConfDB/CODEXB_SOL40/DEFAULT/CONFIGURE"]
2026.01.26 18:30:55.268["CXDAQFEE:cxsol01/Link24 Using Recipe: FwFSMConfDB/CODEXB_SOL40/DEFAULT/CONFIGURE"]
2026.01.26 18:30:55.268["CXDAQFEE:cxsol01/Link15 Using Recipe: FwFSMConfDB/CODEXB_SOL40/DEFAULT/CONFIGURE"]
2026.01.26 18:30:55.269["CXDAQFEE:cxsol01/Link14 Using Recipe: FwFSMConfDB/CODEXB_SOL40/DEFAULT/CONFIGURE"]
2026.01.26 18:30:55.269["CXDAQFEE:cxsol01/Link13 Using Recipe: FwFSMConfDB/CODEXB_SOL40/DEFAULT/CONFIGURE"]
2026.01.26 18:30:55.269["CXDAQFEE:cxsol01/Link37 Using Recipe: FwFSMConfDB/CODEXB_SOL40/DEFAULT/CONFIGURE"]
2026.01.26 18:30:55.269["CXDAQFEE:cxsol01/Link36 Using Recipe: FwFSMConfDB/CODEXB_SOL40/DEFAULT/CONFIGURE"]
2026.01.26 18:30:55.270["CXDAQFEE:cxsol01/Link27 Using Recipe: FwFSMConfDB/CODEXB_SOL40/DEFAULT/CONFIGURE"]
2026.01.26 18:30:55.270["CXDAQFEE:cxsol01/Link26 Using Recipe: FwFSMConfDB/CODEXB_SOL40/DEFAULT/CONFIGURE"]
2026.01.26 18:30:56.637["Configured CXDAQFEE:top_cxsol01 with retrieved Partition bit 1"]
2026.01.26 18:30:56.638["CXDAQFEE:cxsol01/Link00 Using Recipe: FwFSMConfDB/CODEXB_SOL40/DEFAULT/CONFIGURE"]
2026.01.26 18:30:57.030["cxsol01/Link38 configured!"]
2026.01.26 18:30:57.030["cxsol01/Link12 configured!"]
2026.01.26 18:30:57.030["cxsol01/Link02 configured!"]
2026.01.26 18:30:57.030["cxsol01/Link01 configured!"]
2026.01.26 18:30:57.030["cxsol01/Link25 configured!"]
2026.01.26 18:30:57.030["cxsol01/Link24 configured!"]
2026.01.26 18:30:57.030["cxsol01/Link15 configured!"]
2026.01.26 18:30:57.030["cxsol01/Link14 configured!"]
2026.01.26 18:30:57.132["cxsol01/Link13 configured!"]
2026.01.26 18:30:57.132["cxsol01/Link37 configured!"]
2026.01.26 18:30:57.132["cxsol01/Link36 configured!"]
2026.01.26 18:30:57.226["cxsol01/Link27 configured!"]
2026.01.26 18:30:57.226["cxsol01/Link26 configured!"]
2026.01.26 18:30:57.531["cxsol01/Link00 configured!"]
2026.01.27 10:35:24.627["/group/online/ecs/PVSSShortcutProjects319/GlobalProject/scripts/libs/fwTFC/fwSOL40.lctl::SOL40_getTopDp: Updating devices mapping"]
2026.01.27 10:35:24.627["/group/online/ecs/PVSSShortcutProjects319/GlobalProject/scripts/libs/fwTFC/fwSOL40.lctl::SOL40_getTopDp: Updating devices mapping"]
2026.01.27 10:35:24.627["/group/online/ecs/PVSSShortcutProjects319/GlobalProject/scripts/libs/fwTFC/fwSOL40.lctl::SOL40_getTopDp: Updating devices mapping"]
2026.01.27 10:35:24.627["/group/online/ecs/PVSSShortcutProjects319/GlobalProject/scripts/libs/fwTFC/fwSOL40.lctl::SOL40_getTopDp: Updating devices mapping"]
2026.01.27 10:35:24.628["/group/online/ecs/PVSSShortcutProjects319/GlobalProject/scripts/libs/fwTFC/fwSOL40.lctl::SOL40_getTopDp: Updating devices mapping"]
2026.01.27 10:35:24.628["/group/online/ecs/PVSSShortcutProjects319/GlobalProject/scripts/libs/fwTFC/fwSOL40.lctl::SOL40_getTopDp: Updating devices mapping"]
2026.01.27 10:35:24.628["/group/online/ecs/PVSSShortcutProjects319/GlobalProject/scripts/libs/fwTFC/fwSOL40.lctl::SOL40_getTopDp: Updating devices mapping"]
2026.01.27 10:35:24.629["/group/online/ecs/PVSSShortcutProjects319/GlobalProject/scripts/libs/fwTFC/fwSOL40.lctl::SOL40_getTopDp: Updating devices mapping"]
2026.01.27 10:35:24.629["/group/online/ecs/PVSSShortcutProjects319/GlobalProject/scripts/libs/fwTFC/fwSOL40.lctl::SOL40_getTopDp: Updating devices mapping"]
2026.01.27 10:35:24.629["/group/online/ecs/PVSSShortcutProjects319/GlobalProject/scripts/libs/fwTFC/fwSOL40.lctl::SOL40_getTopDp: Updating devices mapping"]
2026.01.27 10:35:24.629["/group/online/ecs/PVSSShortcutProjects319/GlobalProject/scripts/libs/fwTFC/fwSOL40.lctl::SOL40_getTopDp: Updating devices mapping"]
2026.01.27 10:35:24.630["/group/online/ecs/PVSSShortcutProjects319/GlobalProject/scripts/libs/fwTFC/fwSOL40.lctl::SOL40_getTopDp: Updating devices mapping"]
2026.01.27 10:35:24.630["/group/online/ecs/PVSSShortcutProjects319/GlobalProject/scripts/libs/fwTFC/fwSOL40.lctl::SOL40_getTopDp: Updating devices mapping"]
2026.01.27 10:35:24.630["/group/online/ecs/PVSSShortcutProjects319/GlobalProject/scripts/libs/fwTFC/fwSOL40.lctl::SOL40_getTopDp: Updating devices mapping"]
2026.01.27 10:35:24.630["Link00"]["Link38"]["CXECS:CODEXB_RunInfo"]
2026.01.27 10:35:24.631["Link00"]["Link00"]["CXECS:CODEXB_RunInfo"]
2026.01.27 10:35:24.631["Link00"]["Link12"]["CXECS:CODEXB_RunInfo"]
2026.01.27 10:35:24.631["Link00"]["Link02"]["CXECS:CODEXB_RunInfo"]
2026.01.27 10:35:24.631["Link00"]["Link01"]["CXECS:CODEXB_RunInfo"]
2026.01.27 10:35:24.631["Link00"]["Link25"]["CXECS:CODEXB_RunInfo"]
2026.01.27 10:35:24.631["Link00"]["Link24"]["CXECS:CODEXB_RunInfo"]
2026.01.27 10:35:24.631["Link00"]["Link15"]["CXECS:CODEXB_RunInfo"]
2026.01.27 10:35:24.632["Link00"]["Link14"]["CXECS:CODEXB_RunInfo"]
2026.01.27 10:35:24.632["Link00"]["Link13"]["CXECS:CODEXB_RunInfo"]
2026.01.27 10:35:24.632["Link00"]["Link37"]["CXECS:CODEXB_RunInfo"]
2026.01.27 10:35:24.632["Link00"]["Link36"]["CXECS:CODEXB_RunInfo"]
2026.01.27 10:35:24.632["Link00"]["Link27"]["CXECS:CODEXB_RunInfo"]
2026.01.27 10:35:24.632["Link00"]["Link26"]["CXECS:CODEXB_RunInfo"]
2026.01.27 10:35:24.632["CXDAQFEE:cxsol01/Link38 Using Recipe: FwFSMConfDB/CODEXB_SOL40/DEFAULT/CONFIGURE"]
2026.01.27 10:35:24.633["CXDAQFEE:cxsol01/Link12 Using Recipe: FwFSMConfDB/CODEXB_SOL40/DEFAULT/CONFIGURE"]
2026.01.27 10:35:24.633["CXDAQFEE:cxsol01/Link02 Using Recipe: FwFSMConfDB/CODEXB_SOL40/DEFAULT/CONFIGURE"]
2026.01.27 10:35:24.633["CXDAQFEE:cxsol01/Link01 Using Recipe: FwFSMConfDB/CODEXB_SOL40/DEFAULT/CONFIGURE"]
2026.01.27 10:35:24.634["CXDAQFEE:cxsol01/Link25 Using Recipe: FwFSMConfDB/CODEXB_SOL40/DEFAULT/CONFIGURE"]
2026.01.27 10:35:24.634["CXDAQFEE:cxsol01/Link24 Using Recipe: FwFSMConfDB/CODEXB_SOL40/DEFAULT/CONFIGURE"]
2026.01.27 10:35:24.634["CXDAQFEE:cxsol01/Link15 Using Recipe: FwFSMConfDB/CODEXB_SOL40/DEFAULT/CONFIGURE"]
2026.01.27 10:35:24.634["CXDAQFEE:cxsol01/Link14 Using Recipe: FwFSMConfDB/CODEXB_SOL40/DEFAULT/CONFIGURE"]
2026.01.27 10:35:24.635["CXDAQFEE:cxsol01/Link13 Using Recipe: FwFSMConfDB/CODEXB_SOL40/DEFAULT/CONFIGURE"]
2026.01.27 10:35:24.635["CXDAQFEE:cxsol01/Link37 Using Recipe: FwFSMConfDB/CODEXB_SOL40/DEFAULT/CONFIGURE"]
2026.01.27 10:35:24.635["CXDAQFEE:cxsol01/Link36 Using Recipe: FwFSMConfDB/CODEXB_SOL40/DEFAULT/CONFIGURE"]
2026.01.27 10:35:24.635["CXDAQFEE:cxsol01/Link27 Using Recipe: FwFSMConfDB/CODEXB_SOL40/DEFAULT/CONFIGURE"]
2026.01.27 10:35:24.636["CXDAQFEE:cxsol01/Link26 Using Recipe: FwFSMConfDB/CODEXB_SOL40/DEFAULT/CONFIGURE"]
2026.01.27 10:35:25.906["Configured CXDAQFEE:top_cxsol01 with retrieved Partition bit 1"]
2026.01.27 10:35:25.906["CXDAQFEE:cxsol01/Link00 Using Recipe: FwFSMConfDB/CODEXB_SOL40/DEFAULT/CONFIGURE"]
2026.01.27 10:35:26.463["cxsol01/Link38 configured!"]
2026.01.27 10:35:26.463["cxsol01/Link00 configured!"]
2026.01.27 10:35:26.463["cxsol01/Link12 configured!"]
2026.01.27 10:35:26.463["cxsol01/Link02 configured!"]
2026.01.27 10:35:26.463["cxsol01/Link01 configured!"]
2026.01.27 10:35:26.463["cxsol01/Link25 configured!"]
2026.01.27 10:35:26.464["cxsol01/Link24 configured!"]
2026.01.27 10:35:26.464["cxsol01/Link15 configured!"]
2026.01.27 10:35:26.464["cxsol01/Link14 configured!"]
2026.01.27 10:35:26.464["cxsol01/Link13 configured!"]
2026.01.27 10:35:26.464["cxsol01/Link37 configured!"]
2026.01.27 10:35:26.464["cxsol01/Link36 configured!"]
2026.01.27 10:35:26.464["cxsol01/Link27 configured!"]
2026.01.27 10:35:26.663["cxsol01/Link26 configured!"]
2026.01.27 10:40:35.540["Link00"]["Link38"]["CXECS:CODEXB_RunInfo"]
2026.01.27 10:40:35.540["Link00"]["Link00"]["CXECS:CODEXB_RunInfo"]
2026.01.27 10:40:35.541["Link00"]["Link12"]["CXECS:CODEXB_RunInfo"]
2026.01.27 10:40:35.541["Link00"]["Link02"]["CXECS:CODEXB_RunInfo"]
2026.01.27 10:40:35.541["Link00"]["Link01"]["CXECS:CODEXB_RunInfo"]
2026.01.27 10:40:35.541["Link00"]["Link25"]["CXECS:CODEXB_RunInfo"]
2026.01.27 10:40:35.541["Link00"]["Link24"]["CXECS:CODEXB_RunInfo"]
2026.01.27 10:40:35.541["Link00"]["Link15"]["CXECS:CODEXB_RunInfo"]
2026.01.27 10:40:35.541["Link00"]["Link14"]["CXECS:CODEXB_RunInfo"]
2026.01.27 10:40:35.541["Link00"]["Link13"]["CXECS:CODEXB_RunInfo"]
2026.01.27 10:40:35.541["Link00"]["Link37"]["CXECS:CODEXB_RunInfo"]
2026.01.27 10:40:35.542["Link00"]["Link36"]["CXECS:CODEXB_RunInfo"]
2026.01.27 10:40:35.542["Link00"]["Link27"]["CXECS:CODEXB_RunInfo"]
2026.01.27 10:40:35.542["Link00"]["Link26"]["CXECS:CODEXB_RunInfo"]
2026.01.27 10:40:35.542["CXDAQFEE:cxsol01/Link38 Using Recipe: FwFSMConfDB/CODEXB_SOL40/DEFAULT/CONFIGURE"]
2026.01.27 10:40:35.542["CXDAQFEE:cxsol01/Link12 Using Recipe: FwFSMConfDB/CODEXB_SOL40/DEFAULT/CONFIGURE"]
2026.01.27 10:40:35.543["CXDAQFEE:cxsol01/Link02 Using Recipe: FwFSMConfDB/CODEXB_SOL40/DEFAULT/CONFIGURE"]
2026.01.27 10:40:35.543["CXDAQFEE:cxsol01/Link01 Using Recipe: FwFSMConfDB/CODEXB_SOL40/DEFAULT/CONFIGURE"]
2026.01.27 10:40:35.543["CXDAQFEE:cxsol01/Link25 Using Recipe: FwFSMConfDB/CODEXB_SOL40/DEFAULT/CONFIGURE"]
2026.01.27 10:40:35.543["CXDAQFEE:cxsol01/Link24 Using Recipe: FwFSMConfDB/CODEXB_SOL40/DEFAULT/CONFIGURE"]
2026.01.27 10:40:35.544["CXDAQFEE:cxsol01/Link15 Using Recipe: FwFSMConfDB/CODEXB_SOL40/DEFAULT/CONFIGURE"]
2026.01.27 10:40:35.544["CXDAQFEE:cxsol01/Link14 Using Recipe: FwFSMConfDB/CODEXB_SOL40/DEFAULT/CONFIGURE"]
2026.01.27 10:40:35.544["CXDAQFEE:cxsol01/Link13 Using Recipe: FwFSMConfDB/CODEXB_SOL40/DEFAULT/CONFIGURE"]
2026.01.27 10:40:35.544["CXDAQFEE:cxsol01/Link37 Using Recipe: FwFSMConfDB/CODEXB_SOL40/DEFAULT/CONFIGURE"]
2026.01.27 10:40:35.545["CXDAQFEE:cxsol01/Link36 Using Recipe: FwFSMConfDB/CODEXB_SOL40/DEFAULT/CONFIGURE"]
2026.01.27 10:40:35.545["CXDAQFEE:cxsol01/Link27 Using Recipe: FwFSMConfDB/CODEXB_SOL40/DEFAULT/CONFIGURE"]
2026.01.27 10:40:35.545["CXDAQFEE:cxsol01/Link26 Using Recipe: FwFSMConfDB/CODEXB_SOL40/DEFAULT/CONFIGURE"]
2026.01.27 10:40:36.852["Configured CXDAQFEE:top_cxsol01 with retrieved Partition bit 1"]
2026.01.27 10:40:36.853["CXDAQFEE:cxsol01/Link00 Using Recipe: FwFSMConfDB/CODEXB_SOL40/DEFAULT/CONFIGURE"]
2026.01.27 10:40:37.404["cxsol01/Link38 configured!"]
2026.01.27 10:40:37.404["cxsol01/Link00 configured!"]
2026.01.27 10:40:37.404["cxsol01/Link12 configured!"]
2026.01.27 10:40:37.404["cxsol01/Link02 configured!"]
2026.01.27 10:40:37.404["cxsol01/Link01 configured!"]
2026.01.27 10:40:37.404["cxsol01/Link25 configured!"]
2026.01.27 10:40:37.404["cxsol01/Link24 configured!"]
2026.01.27 10:40:37.405["cxsol01/Link15 configured!"]
2026.01.27 10:40:37.405["cxsol01/Link14 configured!"]
2026.01.27 10:40:37.405["cxsol01/Link13 configured!"]
2026.01.27 10:40:37.405["cxsol01/Link37 configured!"]
2026.01.27 10:40:37.484["cxsol01/Link36 configured!"]
2026.01.27 10:40:37.484["cxsol01/Link27 configured!"]
2026.01.27 10:40:37.900["cxsol01/Link26 configured!"]
2026.01.27 11:43:40.022["/group/online/ecs/PVSSShortcutProjects319/GlobalProject/scripts/libs/fwTFC/fwSOL40.lctl::SOL40_getTopDp: Updating devices mapping"]
2026.01.27 11:43:40.022["/group/online/ecs/PVSSShortcutProjects319/GlobalProject/scripts/libs/fwTFC/fwSOL40.lctl::SOL40_getTopDp: Updating devices mapping"]
2026.01.27 11:43:40.023["/group/online/ecs/PVSSShortcutProjects319/GlobalProject/scripts/libs/fwTFC/fwSOL40.lctl::SOL40_getTopDp: Updating devices mapping"]
2026.01.27 11:43:40.023["/group/online/ecs/PVSSShortcutProjects319/GlobalProject/scripts/libs/fwTFC/fwSOL40.lctl::SOL40_getTopDp: Updating devices mapping"]
2026.01.27 11:43:40.023["/group/online/ecs/PVSSShortcutProjects319/GlobalProject/scripts/libs/fwTFC/fwSOL40.lctl::SOL40_getTopDp: Updating devices mapping"]
2026.01.27 11:43:40.024["/group/online/ecs/PVSSShortcutProjects319/GlobalProject/scripts/libs/fwTFC/fwSOL40.lctl::SOL40_getTopDp: Updating devices mapping"]
2026.01.27 11:43:40.024["/group/online/ecs/PVSSShortcutProjects319/GlobalProject/scripts/libs/fwTFC/fwSOL40.lctl::SOL40_getTopDp: Updating devices mapping"]
2026.01.27 11:43:40.024["/group/online/ecs/PVSSShortcutProjects319/GlobalProject/scripts/libs/fwTFC/fwSOL40.lctl::SOL40_getTopDp: Updating devices mapping"]
2026.01.27 11:43:40.024["/group/online/ecs/PVSSShortcutProjects319/GlobalProject/scripts/libs/fwTFC/fwSOL40.lctl::SOL40_getTopDp: Updating devices mapping"]
2026.01.27 11:43:40.025["/group/online/ecs/PVSSShortcutProjects319/GlobalProject/scripts/libs/fwTFC/fwSOL40.lctl::SOL40_getTopDp: Updating devices mapping"]
2026.01.27 11:43:40.025["/group/online/ecs/PVSSShortcutProjects319/GlobalProject/scripts/libs/fwTFC/fwSOL40.lctl::SOL40_getTopDp: Updating devices mapping"]
2026.01.27 11:43:40.025["/group/online/ecs/PVSSShortcutProjects319/GlobalProject/scripts/libs/fwTFC/fwSOL40.lctl::SOL40_getTopDp: Updating devices mapping"]
2026.01.27 11:43:40.026["/group/online/ecs/PVSSShortcutProjects319/GlobalProject/scripts/libs/fwTFC/fwSOL40.lctl::SOL40_getTopDp: Updating devices mapping"]
2026.01.27 11:43:40.026["/group/online/ecs/PVSSShortcutProjects319/GlobalProject/scripts/libs/fwTFC/fwSOL40.lctl::SOL40_getTopDp: Updating devices mapping"]
2026.01.27 11:43:40.026["Link00"]["Link38"]["CXECS:CODEXB_RunInfo"]
2026.01.27 11:43:40.027["Link00"]["Link00"]["CXECS:CODEXB_RunInfo"]
2026.01.27 11:43:40.027["Link00"]["Link12"]["CXECS:CODEXB_RunInfo"]
2026.01.27 11:43:40.027["Link00"]["Link02"]["CXECS:CODEXB_RunInfo"]
2026.01.27 11:43:40.027["Link00"]["Link01"]["CXECS:CODEXB_RunInfo"]
2026.01.27 11:43:40.027["Link00"]["Link25"]["CXECS:CODEXB_RunInfo"]
2026.01.27 11:43:40.027["Link00"]["Link24"]["CXECS:CODEXB_RunInfo"]
2026.01.27 11:43:40.028["Link00"]["Link15"]["CXECS:CODEXB_RunInfo"]
2026.01.27 11:43:40.028["Link00"]["Link14"]["CXECS:CODEXB_RunInfo"]
2026.01.27 11:43:40.028["Link00"]["Link13"]["CXECS:CODEXB_RunInfo"]
2026.01.27 11:43:40.028["Link00"]["Link37"]["CXECS:CODEXB_RunInfo"]
2026.01.27 11:43:40.028["Link00"]["Link36"]["CXECS:CODEXB_RunInfo"]
2026.01.27 11:43:40.028["Link00"]["Link27"]["CXECS:CODEXB_RunInfo"]
2026.01.27 11:43:40.028["Link00"]["Link26"]["CXECS:CODEXB_RunInfo"]
2026.01.27 11:43:40.028["CXDAQFEE:cxsol01/Link38 Using Recipe: FwFSMConfDB/CODEXB_SOL40/DEFAULT/CONFIGURE"]
2026.01.27 11:43:40.029["CXDAQFEE:cxsol01/Link12 Using Recipe: FwFSMConfDB/CODEXB_SOL40/DEFAULT/CONFIGURE"]
2026.01.27 11:43:40.029["CXDAQFEE:cxsol01/Link02 Using Recipe: FwFSMConfDB/CODEXB_SOL40/DEFAULT/CONFIGURE"]
2026.01.27 11:43:40.030["CXDAQFEE:cxsol01/Link01 Using Recipe: FwFSMConfDB/CODEXB_SOL40/DEFAULT/CONFIGURE"]
2026.01.27 11:43:40.030["CXDAQFEE:cxsol01/Link25 Using Recipe: FwFSMConfDB/CODEXB_SOL40/DEFAULT/CONFIGURE"]
2026.01.27 11:43:40.030["CXDAQFEE:cxsol01/Link24 Using Recipe: FwFSMConfDB/CODEXB_SOL40/DEFAULT/CONFIGURE"]
2026.01.27 11:43:40.031["CXDAQFEE:cxsol01/Link15 Using Recipe: FwFSMConfDB/CODEXB_SOL40/DEFAULT/CONFIGURE"]
2026.01.27 11:43:40.031["CXDAQFEE:cxsol01/Link14 Using Recipe: FwFSMConfDB/CODEXB_SOL40/DEFAULT/CONFIGURE"]
2026.01.27 11:43:40.031["CXDAQFEE:cxsol01/Link13 Using Recipe: FwFSMConfDB/CODEXB_SOL40/DEFAULT/CONFIGURE"]
2026.01.27 11:43:40.031["CXDAQFEE:cxsol01/Link37 Using Recipe: FwFSMConfDB/CODEXB_SOL40/DEFAULT/CONFIGURE"]
2026.01.27 11:43:40.032["CXDAQFEE:cxsol01/Link36 Using Recipe: FwFSMConfDB/CODEXB_SOL40/DEFAULT/CONFIGURE"]
2026.01.27 11:43:40.032["CXDAQFEE:cxsol01/Link27 Using Recipe: FwFSMConfDB/CODEXB_SOL40/DEFAULT/CONFIGURE"]
2026.01.27 11:43:40.032["CXDAQFEE:cxsol01/Link26 Using Recipe: FwFSMConfDB/CODEXB_SOL40/DEFAULT/CONFIGURE"]
2026.01.27 11:43:41.449["Configured CXDAQFEE:top_cxsol01 with retrieved Partition bit 1"]
2026.01.27 11:43:41.449["CXDAQFEE:cxsol01/Link00 Using Recipe: FwFSMConfDB/CODEXB_SOL40/DEFAULT/CONFIGURE"]
2026.01.27 11:43:41.822["cxsol01/Link12 configured!"]
2026.01.27 11:43:41.822["cxsol01/Link02 configured!"]
2026.01.27 11:43:41.822["cxsol01/Link01 configured!"]
2026.01.27 11:43:41.822["cxsol01/Link25 configured!"]
2026.01.27 11:43:41.822["cxsol01/Link24 configured!"]
2026.01.27 11:43:41.822["cxsol01/Link15 configured!"]
2026.01.27 11:43:41.822["cxsol01/Link14 configured!"]
2026.01.27 11:43:41.921["cxsol01/Link13 configured!"]
2026.01.27 11:43:42.032["cxsol01/Link38 configured!"]
2026.01.27 11:43:42.032["cxsol01/Link37 configured!"]
2026.01.27 11:43:42.032["cxsol01/Link36 configured!"]
2026.01.27 11:43:42.131["cxsol01/Link27 configured!"]
2026.01.27 11:43:42.132["cxsol01/Link26 configured!"]
2026.01.27 11:43:42.330["cxsol01/Link00 configured!"]
2026.01.28 09:56:29.332["/group/online/ecs/PVSSShortcutProjects319/GlobalProject/scripts/libs/fwTFC/fwSOL40.lctl::SOL40_getTopDp: Updating devices mapping"]
2026.01.28 09:56:29.333["/group/online/ecs/PVSSShortcutProjects319/GlobalProject/scripts/libs/fwTFC/fwSOL40.lctl::SOL40_getTopDp: Updating devices mapping"]
2026.01.28 09:56:29.333["/group/online/ecs/PVSSShortcutProjects319/GlobalProject/scripts/libs/fwTFC/fwSOL40.lctl::SOL40_getTopDp: Updating devices mapping"]
2026.01.28 09:56:29.334["/group/online/ecs/PVSSShortcutProjects319/GlobalProject/scripts/libs/fwTFC/fwSOL40.lctl::SOL40_getTopDp: Updating devices mapping"]
2026.01.28 09:56:29.334["/group/online/ecs/PVSSShortcutProjects319/GlobalProject/scripts/libs/fwTFC/fwSOL40.lctl::SOL40_getTopDp: Updating devices mapping"]
2026.01.28 09:56:29.334["/group/online/ecs/PVSSShortcutProjects319/GlobalProject/scripts/libs/fwTFC/fwSOL40.lctl::SOL40_getTopDp: Updating devices mapping"]
2026.01.28 09:56:29.335["/group/online/ecs/PVSSShortcutProjects319/GlobalProject/scripts/libs/fwTFC/fwSOL40.lctl::SOL40_getTopDp: Updating devices mapping"]
2026.01.28 09:56:29.335["/group/online/ecs/PVSSShortcutProjects319/GlobalProject/scripts/libs/fwTFC/fwSOL40.lctl::SOL40_getTopDp: Updating devices mapping"]
2026.01.28 09:56:29.335["/group/online/ecs/PVSSShortcutProjects319/GlobalProject/scripts/libs/fwTFC/fwSOL40.lctl::SOL40_getTopDp: Updating devices mapping"]
2026.01.28 09:56:29.335["/group/online/ecs/PVSSShortcutProjects319/GlobalProject/scripts/libs/fwTFC/fwSOL40.lctl::SOL40_getTopDp: Updating devices mapping"]
2026.01.28 09:56:29.336["/group/online/ecs/PVSSShortcutProjects319/GlobalProject/scripts/libs/fwTFC/fwSOL40.lctl::SOL40_getTopDp: Updating devices mapping"]
2026.01.28 09:56:29.336["/group/online/ecs/PVSSShortcutProjects319/GlobalProject/scripts/libs/fwTFC/fwSOL40.lctl::SOL40_getTopDp: Updating devices mapping"]
2026.01.28 09:56:29.336["/group/online/ecs/PVSSShortcutProjects319/GlobalProject/scripts/libs/fwTFC/fwSOL40.lctl::SOL40_getTopDp: Updating devices mapping"]
2026.01.28 09:56:29.337["/group/online/ecs/PVSSShortcutProjects319/GlobalProject/scripts/libs/fwTFC/fwSOL40.lctl::SOL40_getTopDp: Updating devices mapping"]
2026.01.28 09:56:29.337["Link00"]["Link38"]["CXECS:CODEXB_RunInfo"]
2026.01.28 09:56:29.338["Link00"]["Link00"]["CXECS:CODEXB_RunInfo"]
2026.01.28 09:56:29.338["Link00"]["Link12"]["CXECS:CODEXB_RunInfo"]
2026.01.28 09:56:29.338["Link00"]["Link02"]["CXECS:CODEXB_RunInfo"]
2026.01.28 09:56:29.338["Link00"]["Link01"]["CXECS:CODEXB_RunInfo"]
2026.01.28 09:56:29.338["Link00"]["Link25"]["CXECS:CODEXB_RunInfo"]
2026.01.28 09:56:29.338["Link00"]["Link24"]["CXECS:CODEXB_RunInfo"]
2026.01.28 09:56:29.339["Link00"]["Link15"]["CXECS:CODEXB_RunInfo"]
2026.01.28 09:56:29.339["Link00"]["Link14"]["CXECS:CODEXB_RunInfo"]
2026.01.28 09:56:29.339["Link00"]["Link13"]["CXECS:CODEXB_RunInfo"]
2026.01.28 09:56:29.339["Link00"]["Link37"]["CXECS:CODEXB_RunInfo"]
2026.01.28 09:56:29.339["Link00"]["Link36"]["CXECS:CODEXB_RunInfo"]
2026.01.28 09:56:29.339["Link00"]["Link27"]["CXECS:CODEXB_RunInfo"]
2026.01.28 09:56:29.339["Link00"]["Link26"]["CXECS:CODEXB_RunInfo"]
2026.01.28 09:56:29.340["CXDAQFEE:cxsol01/Link38 Using Recipe: FwFSMConfDB/CODEXB_SOL40/DEFAULT/CONFIGURE"]
2026.01.28 09:56:29.340["CXDAQFEE:cxsol01/Link12 Using Recipe: FwFSMConfDB/CODEXB_SOL40/DEFAULT/CONFIGURE"]
2026.01.28 09:56:29.340["CXDAQFEE:cxsol01/Link02 Using Recipe: FwFSMConfDB/CODEXB_SOL40/DEFAULT/CONFIGURE"]
2026.01.28 09:56:29.341["CXDAQFEE:cxsol01/Link01 Using Recipe: FwFSMConfDB/CODEXB_SOL40/DEFAULT/CONFIGURE"]
2026.01.28 09:56:29.341["CXDAQFEE:cxsol01/Link25 Using Recipe: FwFSMConfDB/CODEXB_SOL40/DEFAULT/CONFIGURE"]
2026.01.28 09:56:29.341["CXDAQFEE:cxsol01/Link24 Using Recipe: FwFSMConfDB/CODEXB_SOL40/DEFAULT/CONFIGURE"]
2026.01.28 09:56:29.342["CXDAQFEE:cxsol01/Link15 Using Recipe: FwFSMConfDB/CODEXB_SOL40/DEFAULT/CONFIGURE"]
2026.01.28 09:56:29.342["CXDAQFEE:cxsol01/Link14 Using Recipe: FwFSMConfDB/CODEXB_SOL40/DEFAULT/CONFIGURE"]
2026.01.28 09:56:29.342["CXDAQFEE:cxsol01/Link13 Using Recipe: FwFSMConfDB/CODEXB_SOL40/DEFAULT/CONFIGURE"]
2026.01.28 09:56:29.343["CXDAQFEE:cxsol01/Link37 Using Recipe: FwFSMConfDB/CODEXB_SOL40/DEFAULT/CONFIGURE"]
2026.01.28 09:56:29.343["CXDAQFEE:cxsol01/Link36 Using Recipe: FwFSMConfDB/CODEXB_SOL40/DEFAULT/CONFIGURE"]
2026.01.28 09:56:29.343["CXDAQFEE:cxsol01/Link27 Using Recipe: FwFSMConfDB/CODEXB_SOL40/DEFAULT/CONFIGURE"]
2026.01.28 09:56:29.343["CXDAQFEE:cxsol01/Link26 Using Recipe: FwFSMConfDB/CODEXB_SOL40/DEFAULT/CONFIGURE"]
2026.01.28 09:56:30.627["Configured CXDAQFEE:top_cxsol01 with retrieved Partition bit 1"]
2026.01.28 09:56:30.627["CXDAQFEE:cxsol01/Link00 Using Recipe: FwFSMConfDB/CODEXB_SOL40/DEFAULT/CONFIGURE"]
2026.01.28 09:56:31.181["cxsol01/Link38 configured!"]
2026.01.28 09:56:31.181["cxsol01/Link00 configured!"]
2026.01.28 09:56:31.181["cxsol01/Link12 configured!"]
2026.01.28 09:56:31.181["cxsol01/Link02 configured!"]
2026.01.28 09:56:31.181["cxsol01/Link01 configured!"]
2026.01.28 09:56:31.181["cxsol01/Link25 configured!"]
2026.01.28 09:56:31.181["cxsol01/Link24 configured!"]
2026.01.28 09:56:31.182["cxsol01/Link15 configured!"]
2026.01.28 09:56:31.182["cxsol01/Link14 configured!"]
2026.01.28 09:56:31.182["cxsol01/Link13 configured!"]
2026.01.28 09:56:31.182["cxsol01/Link37 configured!"]
2026.01.28 09:56:31.182["cxsol01/Link36 configured!"]
2026.01.28 09:56:31.182["cxsol01/Link27 configured!"]
2026.01.28 09:56:31.284["cxsol01/Link26 configured!"]
2026.01.28 16:29:59.981["/group/online/ecs/PVSSShortcutProjects319/GlobalProject/scripts/libs/fwTFC/fwSOL40.lctl::SOL40_getTopDp: Updating devices mapping"]
2026.01.28 16:29:59.981["/group/online/ecs/PVSSShortcutProjects319/GlobalProject/scripts/libs/fwTFC/fwSOL40.lctl::SOL40_getTopDp: Updating devices mapping"]
2026.01.28 16:29:59.982["/group/online/ecs/PVSSShortcutProjects319/GlobalProject/scripts/libs/fwTFC/fwSOL40.lctl::SOL40_getTopDp: Updating devices mapping"]
2026.01.28 16:29:59.982["/group/online/ecs/PVSSShortcutProjects319/GlobalProject/scripts/libs/fwTFC/fwSOL40.lctl::SOL40_getTopDp: Updating devices mapping"]
2026.01.28 16:29:59.982["/group/online/ecs/PVSSShortcutProjects319/GlobalProject/scripts/libs/fwTFC/fwSOL40.lctl::SOL40_getTopDp: Updating devices mapping"]
2026.01.28 16:29:59.982["/group/online/ecs/PVSSShortcutProjects319/GlobalProject/scripts/libs/fwTFC/fwSOL40.lctl::SOL40_getTopDp: Updating devices mapping"]
2026.01.28 16:29:59.983["/group/online/ecs/PVSSShortcutProjects319/GlobalProject/scripts/libs/fwTFC/fwSOL40.lctl::SOL40_getTopDp: Updating devices mapping"]
2026.01.28 16:29:59.983["/group/online/ecs/PVSSShortcutProjects319/GlobalProject/scripts/libs/fwTFC/fwSOL40.lctl::SOL40_getTopDp: Updating devices mapping"]
2026.01.28 16:29:59.983["/group/online/ecs/PVSSShortcutProjects319/GlobalProject/scripts/libs/fwTFC/fwSOL40.lctl::SOL40_getTopDp: Updating devices mapping"]
2026.01.28 16:29:59.984["/group/online/ecs/PVSSShortcutProjects319/GlobalProject/scripts/libs/fwTFC/fwSOL40.lctl::SOL40_getTopDp: Updating devices mapping"]
2026.01.28 16:29:59.984["/group/online/ecs/PVSSShortcutProjects319/GlobalProject/scripts/libs/fwTFC/fwSOL40.lctl::SOL40_getTopDp: Updating devices mapping"]
2026.01.28 16:29:59.984["/group/online/ecs/PVSSShortcutProjects319/GlobalProject/scripts/libs/fwTFC/fwSOL40.lctl::SOL40_getTopDp: Updating devices mapping"]
2026.01.28 16:29:59.984["/group/online/ecs/PVSSShortcutProjects319/GlobalProject/scripts/libs/fwTFC/fwSOL40.lctl::SOL40_getTopDp: Updating devices mapping"]
2026.01.28 16:29:59.984["/group/online/ecs/PVSSShortcutProjects319/GlobalProject/scripts/libs/fwTFC/fwSOL40.lctl::SOL40_getTopDp: Updating devices mapping"]
2026.01.28 16:29:59.985["Link00"]["Link38"]["CXECS:CODEXB_RunInfo"]
2026.01.28 16:29:59.985["Link00"]["Link00"]["CXECS:CODEXB_RunInfo"]
2026.01.28 16:29:59.985["Link00"]["Link12"]["CXECS:CODEXB_RunInfo"]
2026.01.28 16:29:59.986["Link00"]["Link02"]["CXECS:CODEXB_RunInfo"]
2026.01.28 16:29:59.986["Link00"]["Link01"]["CXECS:CODEXB_RunInfo"]
2026.01.28 16:29:59.986["Link00"]["Link25"]["CXECS:CODEXB_RunInfo"]
2026.01.28 16:29:59.986["Link00"]["Link24"]["CXECS:CODEXB_RunInfo"]
2026.01.28 16:29:59.986["Link00"]["Link15"]["CXECS:CODEXB_RunInfo"]
2026.01.28 16:29:59.986["Link00"]["Link14"]["CXECS:CODEXB_RunInfo"]
2026.01.28 16:29:59.986["Link00"]["Link13"]["CXECS:CODEXB_RunInfo"]
2026.01.28 16:29:59.986["Link00"]["Link37"]["CXECS:CODEXB_RunInfo"]
2026.01.28 16:29:59.986["Link00"]["Link36"]["CXECS:CODEXB_RunInfo"]
2026.01.28 16:29:59.986["Link00"]["Link27"]["CXECS:CODEXB_RunInfo"]
2026.01.28 16:29:59.987["Link00"]["Link26"]["CXECS:CODEXB_RunInfo"]
2026.01.28 16:29:59.987["CXDAQFEE:cxsol01/Link38 Using Recipe: FwFSMConfDB/CODEXB_SOL40/DEFAULT/CONFIGURE"]
2026.01.28 16:29:59.987["CXDAQFEE:cxsol01/Link12 Using Recipe: FwFSMConfDB/CODEXB_SOL40/DEFAULT/CONFIGURE"]
2026.01.28 16:29:59.988["CXDAQFEE:cxsol01/Link02 Using Recipe: FwFSMConfDB/CODEXB_SOL40/DEFAULT/CONFIGURE"]
2026.01.28 16:29:59.988["CXDAQFEE:cxsol01/Link01 Using Recipe: FwFSMConfDB/CODEXB_SOL40/DEFAULT/CONFIGURE"]
2026.01.28 16:29:59.988["CXDAQFEE:cxsol01/Link25 Using Recipe: FwFSMConfDB/CODEXB_SOL40/DEFAULT/CONFIGURE"]
2026.01.28 16:29:59.988["CXDAQFEE:cxsol01/Link24 Using Recipe: FwFSMConfDB/CODEXB_SOL40/DEFAULT/CONFIGURE"]
2026.01.28 16:29:59.988["CXDAQFEE:cxsol01/Link15 Using Recipe: FwFSMConfDB/CODEXB_SOL40/DEFAULT/CONFIGURE"]
2026.01.28 16:29:59.989["CXDAQFEE:cxsol01/Link14 Using Recipe: FwFSMConfDB/CODEXB_SOL40/DEFAULT/CONFIGURE"]
2026.01.28 16:29:59.989["CXDAQFEE:cxsol01/Link13 Using Recipe: FwFSMConfDB/CODEXB_SOL40/DEFAULT/CONFIGURE"]
2026.01.28 16:29:59.989["CXDAQFEE:cxsol01/Link37 Using Recipe: FwFSMConfDB/CODEXB_SOL40/DEFAULT/CONFIGURE"]
2026.01.28 16:29:59.990["CXDAQFEE:cxsol01/Link36 Using Recipe: FwFSMConfDB/CODEXB_SOL40/DEFAULT/CONFIGURE"]
2026.01.28 16:29:59.990["CXDAQFEE:cxsol01/Link27 Using Recipe: FwFSMConfDB/CODEXB_SOL40/DEFAULT/CONFIGURE"]
2026.01.28 16:29:59.990["CXDAQFEE:cxsol01/Link26 Using Recipe: FwFSMConfDB/CODEXB_SOL40/DEFAULT/CONFIGURE"]
2026.01.28 16:30:01.457["Configured CXDAQFEE:top_cxsol01 with retrieved Partition bit 1"]
2026.01.28 16:30:01.457["CXDAQFEE:cxsol01/Link00 Using Recipe: FwFSMConfDB/CODEXB_SOL40/DEFAULT/CONFIGURE"]
2026.01.28 16:30:01.813["cxsol01/Link14 configured!"]
2026.01.28 16:30:01.813["cxsol01/Link13 configured!"]
2026.01.28 16:30:01.816["cxsol01/Link37 configured!"]
2026.01.28 16:30:01.817["cxsol01/Link38 configured!"]
2026.01.28 16:30:01.817["cxsol01/Link36 configured!"]
2026.01.28 16:30:01.817["cxsol01/Link27 configured!"]
2026.01.28 16:30:01.817["cxsol01/Link26 configured!"]
2026.01.28 16:30:01.819["cxsol01/Link12 configured!"]
2026.01.28 16:30:01.820["cxsol01/Link02 configured!"]
2026.01.28 16:30:01.820["cxsol01/Link01 configured!"]
2026.01.28 16:30:01.820["cxsol01/Link25 configured!"]
2026.01.28 16:30:01.919["cxsol01/Link24 configured!"]
2026.01.28 16:30:02.022["cxsol01/Link15 configured!"]
2026.01.28 16:30:02.129["cxsol01/Link00 configured!"]
2026.01.28 16:38:34.940["Link00"]["Link38"]["CXECS:CODEXB_RunInfo"]
2026.01.28 16:38:34.940["Link00"]["Link00"]["CXECS:CODEXB_RunInfo"]
2026.01.28 16:38:34.941["Link00"]["Link12"]["CXECS:CODEXB_RunInfo"]
2026.01.28 16:38:34.941["Link00"]["Link02"]["CXECS:CODEXB_RunInfo"]
2026.01.28 16:38:34.941["Link00"]["Link01"]["CXECS:CODEXB_RunInfo"]
2026.01.28 16:38:34.941["Link00"]["Link25"]["CXECS:CODEXB_RunInfo"]
2026.01.28 16:38:34.941["Link00"]["Link24"]["CXECS:CODEXB_RunInfo"]
2026.01.28 16:38:34.941["Link00"]["Link15"]["CXECS:CODEXB_RunInfo"]
2026.01.28 16:38:34.942["Link00"]["Link14"]["CXECS:CODEXB_RunInfo"]
2026.01.28 16:38:34.942["Link00"]["Link13"]["CXECS:CODEXB_RunInfo"]
2026.01.28 16:38:34.942["Link00"]["Link37"]["CXECS:CODEXB_RunInfo"]
2026.01.28 16:38:34.942["Link00"]["Link36"]["CXECS:CODEXB_RunInfo"]
2026.01.28 16:38:34.942["Link00"]["Link27"]["CXECS:CODEXB_RunInfo"]
2026.01.28 16:38:34.942["Link00"]["Link26"]["CXECS:CODEXB_RunInfo"]
2026.01.28 16:38:34.943["CXDAQFEE:cxsol01/Link38 Using Recipe: FwFSMConfDB/CODEXB_SOL40/DEFAULT/CONFIGURE"]
2026.01.28 16:38:34.943["CXDAQFEE:cxsol01/Link12 Using Recipe: FwFSMConfDB/CODEXB_SOL40/DEFAULT/CONFIGURE"]
2026.01.28 16:38:34.943["CXDAQFEE:cxsol01/Link02 Using Recipe: FwFSMConfDB/CODEXB_SOL40/DEFAULT/CONFIGURE"]
2026.01.28 16:38:34.944["CXDAQFEE:cxsol01/Link01 Using Recipe: FwFSMConfDB/CODEXB_SOL40/DEFAULT/CONFIGURE"]
2026.01.28 16:38:34.944["CXDAQFEE:cxsol01/Link25 Using Recipe: FwFSMConfDB/CODEXB_SOL40/DEFAULT/CONFIGURE"]
2026.01.28 16:38:34.944["CXDAQFEE:cxsol01/Link24 Using Recipe: FwFSMConfDB/CODEXB_SOL40/DEFAULT/CONFIGURE"]
2026.01.28 16:38:34.944["CXDAQFEE:cxsol01/Link15 Using Recipe: FwFSMConfDB/CODEXB_SOL40/DEFAULT/CONFIGURE"]
2026.01.28 16:38:34.945["CXDAQFEE:cxsol01/Link14 Using Recipe: FwFSMConfDB/CODEXB_SOL40/DEFAULT/CONFIGURE"]
2026.01.28 16:38:34.945["CXDAQFEE:cxsol01/Link13 Using Recipe: FwFSMConfDB/CODEXB_SOL40/DEFAULT/CONFIGURE"]
2026.01.28 16:38:34.945["CXDAQFEE:cxsol01/Link37 Using Recipe: FwFSMConfDB/CODEXB_SOL40/DEFAULT/CONFIGURE"]
2026.01.28 16:38:34.945["CXDAQFEE:cxsol01/Link36 Using Recipe: FwFSMConfDB/CODEXB_SOL40/DEFAULT/CONFIGURE"]
2026.01.28 16:38:34.946["CXDAQFEE:cxsol01/Link27 Using Recipe: FwFSMConfDB/CODEXB_SOL40/DEFAULT/CONFIGURE"]
2026.01.28 16:38:34.946["CXDAQFEE:cxsol01/Link26 Using Recipe: FwFSMConfDB/CODEXB_SOL40/DEFAULT/CONFIGURE"]
2026.01.28 16:38:36.340["Configured CXDAQFEE:top_cxsol01 with retrieved Partition bit 1"]
2026.01.28 16:38:36.340["CXDAQFEE:cxsol01/Link00 Using Recipe: FwFSMConfDB/CODEXB_SOL40/DEFAULT/CONFIGURE"]
2026.01.28 16:38:36.870["cxsol01/Link12 configured!"]
2026.01.28 16:38:36.870["cxsol01/Link02 configured!"]
2026.01.28 16:38:36.870["cxsol01/Link01 configured!"]
2026.01.28 16:38:36.870["cxsol01/Link38 configured!"]
2026.01.28 16:38:36.873["cxsol01/Link25 configured!"]
2026.01.28 16:38:36.873["cxsol01/Link24 configured!"]
2026.01.28 16:38:36.873["cxsol01/Link15 configured!"]
2026.01.28 16:38:36.876["cxsol01/Link14 configured!"]
2026.01.28 16:38:36.876["cxsol01/Link13 configured!"]
2026.01.28 16:38:36.876["cxsol01/Link37 configured!"]
2026.01.28 16:38:36.878["cxsol01/Link36 configured!"]
2026.01.28 16:38:36.975["cxsol01/Link27 configured!"]
2026.01.28 16:38:36.975["cxsol01/Link26 configured!"]
2026.01.28 16:38:37.379["cxsol01/Link00 configured!"]
