PVSS00dim(3) - Tue Jan 20 11:19:59 2026
	*** Using DIM Config DP: GbtConfig_SOL40
PVSS00dim(3) - Tue Jan 20 11:19:59 2026
	*** 38 DIM Client Service(s) Set Up
PVSS00dim(3) - Tue Jan 20 11:19:59 2026
	*** 19 DIM Client Command(s) Set Up
PVSS00dim(3) - Tue Jan 20 11:27:35 2026
	Exiting... 
PVSS00dim(3) - Tue Jan 20 11:28:05 2026
	*** Using DIM Config DP: GbtConfig_SOL40
PVSS00dim(3) - Tue Jan 20 11:28:05 2026
	*** 38 DIM Client Service(s) Set Up
PVSS00dim(3) - Tue Jan 20 11:28:05 2026
	*** 19 DIM Client Command(s) Set Up
PVSS00dim(3) - Thu Jan 22 14:29:41 2026
	Exiting... 
PVSS00dim(3) - Fri Jan 23 14:10:07 2026
	*** Using DIM Config DP: GbtConfig_SOL40
PVSS00dim(3) - Fri Jan 23 14:10:07 2026
	*** 38 DIM Client Service(s) Set Up
PVSS00dim(3) - Fri Jan 23 14:10:07 2026
	*** 19 DIM Client Command(s) Set Up
PVSS00dim(3) - Fri Jan 23 14:51:49 2026
	Exiting... 
PVSS00dim(3) - Fri Jan 23 14:52:56 2026
	*** Using DIM Config DP: GbtConfig_SOL40
PVSS00dim(3) - Fri Jan 23 14:52:56 2026
	*** 38 DIM Client Service(s) Set Up
PVSS00dim(3) - Fri Jan 23 14:52:56 2026
	*** 19 DIM Client Command(s) Set Up
PVSS00dim(3) - Fri Jan 23 14:53:12 2026
	Exiting... 
PVSS00dim(3) - Fri Jan 23 14:54:12 2026
	*** Using DIM Config DP: GbtConfig_SOL40
PVSS00dim(3) - Fri Jan 23 14:54:12 2026
	*** 38 DIM Client Service(s) Set Up
PVSS00dim(3) - Fri Jan 23 14:54:12 2026
	*** 19 DIM Client Command(s) Set Up
